[2016-04-29 20:06:57][debug] 统一下单......
[2016-04-29 20:06:57][debug] 第[0]次 buyerName: 王乐 --- buyerSex: 0 --- userSex: 1 --- songer: 我喜欢你
[2016-04-29 20:06:58][debug] 统一下单......
[2016-04-29 20:06:58][debug] 第[1]次 buyerName: 王乐 --- buyerSex:  --- userSex: 1 --- songer: 我喜欢你
[2016-04-29 20:06:58][debug] openId: ofjwTwQeux-tZ1f3CgpsL2Yg_iKM
[2016-04-29 20:06:58][debug] jsApiParameters: {"appId":"wxc42acc5570910d1d","nonceStr":"h9hdxnzvtvfe2xqsedcijs2xemrh9jzw","package":"prepay_id=wx201604292006588c2edc834b0011700473","signType":"MD5","timeStamp":"1461931618","paySign":"CA3854C48EEA72B993CB15B282E4659F"}
[2016-04-29 21:59:35][debug] 统一下单......
[2016-04-29 21:59:35][debug] 第[0]次 buyerName: 向阳 --- buyerSex: 0 --- userSex: 1 --- songer: 伊能静
[2016-04-29 21:59:36][debug] 统一下单......
[2016-04-29 21:59:36][debug] 第[1]次 buyerName: 向阳 --- buyerSex:  --- userSex: 1 --- songer: 伊能静
[2016-04-29 21:59:36][debug] openId: ofjwTwUBlNsqm8es3zVYQTyt5K3M
[2016-04-29 21:59:38][debug] 统一下单......
[2016-04-29 21:59:38][debug] 第[2]次 buyerName: 向阳 --- buyerSex:  --- userSex: 1 --- songer: 伊能静
[2016-04-29 21:59:38][debug] openId: ofjwTwUBlNsqm8es3zVYQTyt5K3M
[2016-04-29 22:18:49][debug] 统一下单......
[2016-04-29 22:18:49][debug] 第[0]次 buyerName: 向阳 --- buyerSex: 0 --- userSex: 1 --- songer: 伊能静
[2016-04-29 22:18:51][debug] 统一下单......
[2016-04-29 22:18:51][debug] 第[1]次 buyerName: 向阳 --- buyerSex:  --- userSex: 1 --- songer: 伊能静
[2016-04-29 22:18:51][debug] openId: ofjwTwUBlNsqm8es3zVYQTyt5K3M
[2016-04-29 23:29:24][debug] 统一下单......
[2016-04-29 23:29:24][debug] 第[0]次 buyerName: 李文强 --- buyerSex: 0 --- userSex: 1 --- songer: 永邦
[2016-04-29 23:29:25][debug] 统一下单......
[2016-04-29 23:29:25][debug] 第[1]次 buyerName: 李文强 --- buyerSex:  --- userSex: 1 --- songer: 永邦
[2016-04-29 23:29:25][debug] openId: ofjwTwfiBeutJuolQjHxrdNaYY_k
[2016-04-29 23:29:25][debug] jsApiParameters: {"appId":"wxc42acc5570910d1d","nonceStr":"6qqg5nz69ob6f75c1m5c5wetht1me3zl","package":"prepay_id=wx201604292329253c88a6644e0791267528","signType":"MD5","timeStamp":"1461943765","paySign":"CEDE4F1306677C41862EFB3C3679B12F"}
