[2016-04-22 10:24:09][debug] 统一下单......
[2016-04-22 10:24:09][debug] 第[12]次 buyerName: 王先生 --- buyerSex: 0 --- userSex: 1 --- songer: 梁静茹
[2016-04-22 10:24:09][debug] 统一下单......
[2016-04-22 10:24:09][debug] 第[13]次 buyerName: 王先生 --- buyerSex:  --- userSex: 1 --- songer: 梁静茹
[2016-04-22 10:24:10][debug] openId: ofjwTwenQqrZhgBghkA56_3pGHoQ
[2016-04-22 10:28:39][debug] 统一下单......
[2016-04-22 10:28:39][debug] 第[0]次 buyerName: 王先生 --- buyerSex: 0 --- userSex: 1 --- songer: 梁静茹
[2016-04-22 10:28:39][debug] 统一下单......
[2016-04-22 10:28:39][debug] 第[1]次 buyerName: 王先生 --- buyerSex:  --- userSex: 1 --- songer: 梁静茹
[2016-04-22 10:28:40][debug] openId: ofjwTwenQqrZhgBghkA56_3pGHoQ
[2016-04-22 10:28:40][debug] 统一下单......
[2016-04-22 10:28:40][debug] 第[2]次 buyerName: 王先生 --- buyerSex:  --- userSex: 1 --- songer: 梁静茹
[2016-04-22 10:28:40][debug] openId: ofjwTwenQqrZhgBghkA56_3pGHoQ
[2016-04-22 11:11:31][debug] 统一下单......
[2016-04-22 11:11:31][debug] 第[0]次 buyerName: 发个 --- buyerSex: 0 --- userSex: 0 --- songer: 古古惑惑
[2016-04-22 11:11:32][debug] 统一下单......
[2016-04-22 11:11:32][debug] 第[1]次 buyerName: 发个 --- buyerSex:  --- userSex:  --- songer: 古古惑惑
[2016-04-22 11:11:32][debug] openId: ofjwTwVVAIuYV8Gjw80-eEKXIGhQ
[2016-04-22 11:11:32][debug] jsApiParameters: {"appId":"wxc42acc5570910d1d","nonceStr":"r1x2q2b1vqe6e6ntdpwo1w5owebm5spl","package":"prepay_id=wx20160422111132698bc708e80607017848","signType":"MD5","timeStamp":"1461294692","paySign":"62D9E9A665015CB85B750894D60C054B"}
[2016-04-22 11:11:32][debug] 统一下单......
[2016-04-22 11:11:32][debug] 第[2]次 buyerName: 发个 --- buyerSex:  --- userSex:  --- songer: 古古惑惑
[2016-04-22 11:11:33][debug] openId: ofjwTwVVAIuYV8Gjw80-eEKXIGhQ
[2016-04-22 11:11:33][debug] jsApiParameters: {"appId":"wxc42acc5570910d1d","nonceStr":"lacceq7681g4u32afdiwfv0c1z61hdie","package":"prepay_id=wx2016042211113323d54e95070123255540","signType":"MD5","timeStamp":"1461294693","paySign":"7E8EDC5FE009D237B222E36AC0B03E58"}
[2016-04-22 11:17:25][debug] 统一下单......
[2016-04-22 11:17:25][debug] 第[0]次 buyerName: 诗蕾 --- buyerSex: 1 --- userSex: 1 --- songer: 筷子兄弟
[2016-04-22 11:17:25][debug] 统一下单......
[2016-04-22 11:17:25][debug] 第[1]次 buyerName: 诗蕾 --- buyerSex: 1 --- userSex: 1 --- songer: 筷子兄弟
[2016-04-22 11:17:26][debug] openId: ofjwTwSGJA69KqvSj5QbMFQKP944
[2016-04-22 11:17:26][debug] jsApiParameters: {"appId":"wxc42acc5570910d1d","nonceStr":"y9qemei893rh9gnxfyqhtn611bdirwne","package":"prepay_id=wx20160422111726e82c22e35b0265473159","signType":"MD5","timeStamp":"1461295046","paySign":"A8D727A5D9ECEB8ACF563C9EE7C4AE99"}
[2016-04-22 19:37:01][debug] 统一下单......
[2016-04-22 19:37:01][debug] 第[0]次 buyerName: 宝宝 --- buyerSex: 0 --- userSex: 0 --- songer: 爸爸的话
[2016-04-22 19:37:01][debug] 统一下单......
[2016-04-22 19:37:01][debug] 第[1]次 buyerName: 宝宝 --- buyerSex:  --- userSex:  --- songer: 爸爸的话
[2016-04-22 19:37:02][debug] openId: ofjwTwVVAIuYV8Gjw80-eEKXIGhQ
[2016-04-22 19:37:02][debug] jsApiParameters: {"appId":"wxc42acc5570910d1d","nonceStr":"91k50shvt5boeqxgoq28gfrakjilez4q","package":"prepay_id=wx20160422193702339ccbaeee0627847161","signType":"MD5","timeStamp":"1461325022","paySign":"2F473D3A90AD4927E298F4DB75E040B5"}
