[2016-04-21 06:50:32][debug] 统一下单......
[2016-04-21 06:50:32][debug] 第[0]次 buyerName:  --- buyerSex:  --- userSex:  --- songer: 
[2016-04-21 06:50:33][debug] 统一下单......
[2016-04-21 06:50:33][debug] 第[1]次 buyerName:  --- buyerSex:  --- userSex:  --- songer: 
[2016-04-21 06:50:33][debug] openId: ofjwTwV8ZoKrZ1jMIiNHzi_uJynY
[2016-04-21 06:50:33][debug] jsApiParameters: {"appId":"wxc42acc5570910d1d","nonceStr":"zgsxqlo8q7poa1rjh2up2xx28zsxs9be","package":"prepay_id=wx20160421065033a83f57c09b0570608965","signType":"MD5","timeStamp":"1461192633","paySign":"A176221D59E97B411C561DBCA47060DA"}
[2016-04-21 16:18:28][debug] 统一下单......
[2016-04-21 16:18:28][debug] 第[2]次 buyerName:  --- buyerSex:  --- userSex:  --- songer: 
[2016-04-21 16:18:29][debug] 统一下单......
[2016-04-21 16:18:29][debug] 第[3]次 buyerName:  --- buyerSex:  --- userSex:  --- songer: 
[2016-04-21 16:18:29][debug] openId: ofjwTwV8ZoKrZ1jMIiNHzi_uJynY
[2016-04-21 16:18:29][debug] jsApiParameters: {"appId":"wxc42acc5570910d1d","nonceStr":"c6ntt1e3ltwtz8sl4eekbxt5dyaj54mp","package":"prepay_id=wx20160421161829a967560ea20059946705","signType":"MD5","timeStamp":"1461226709","paySign":"4D5EABEFDB7AA51D7DB7ABD57957A4CC"}
[2016-04-21 16:45:01][debug] 统一下单......
[2016-04-21 16:45:01][debug] 第[4]次 buyerName: 匿名 --- buyerSex: 0 --- userSex: 1 --- songer: A-lin 黄丽玲
[2016-04-21 16:45:02][debug] 统一下单......
[2016-04-21 16:45:02][debug] 第[5]次 buyerName: 匿名 --- buyerSex:  --- userSex: 1 --- songer: A-lin 黄丽玲
[2016-04-21 16:45:02][debug] openId: ofjwTwV8ZoKrZ1jMIiNHzi_uJynY
[2016-04-21 16:45:18][debug] 统一下单......
[2016-04-21 16:45:18][debug] 第[6]次 buyerName: 匿名 --- buyerSex: 0 --- userSex: 1 --- songer: A-lin 黄丽玲
[2016-04-21 16:45:18][debug] 统一下单......
[2016-04-21 16:45:18][debug] 第[7]次 buyerName: 匿名 --- buyerSex:  --- userSex: 1 --- songer: A-lin 黄丽玲
[2016-04-21 16:45:18][debug] openId: ofjwTwV8ZoKrZ1jMIiNHzi_uJynY
[2016-04-21 16:45:55][debug] 统一下单......
[2016-04-21 16:45:55][debug] 第[8]次 buyerName: 匿名 --- buyerSex:  --- userSex: 1 --- songer: A-lin 黄丽玲
[2016-04-21 16:45:56][debug] 统一下单......
[2016-04-21 16:45:56][debug] 第[9]次 buyerName: 匿名 --- buyerSex:  --- userSex: 1 --- songer: A-lin 黄丽玲
[2016-04-21 16:45:56][debug] openId: ofjwTwV8ZoKrZ1jMIiNHzi_uJynY
[2016-04-21 17:12:46][debug] 统一下单......
[2016-04-21 17:12:46][debug] 第[10]次 buyerName: 匿名 --- buyerSex:  --- userSex: 1 --- songer: A-lin 黄丽玲
[2016-04-21 17:12:47][debug] 统一下单......
[2016-04-21 17:12:47][debug] 第[11]次 buyerName: 匿名 --- buyerSex:  --- userSex: 1 --- songer: A-lin 黄丽玲
[2016-04-21 17:12:47][debug] openId: ofjwTwV8ZoKrZ1jMIiNHzi_uJynY
[2016-04-21 17:44:55][debug] 统一下单......
[2016-04-21 17:44:55][debug] 第[0]次 buyerName: 王先生 --- buyerSex: 0 --- userSex: 1 --- songer: 梁静茹
[2016-04-21 17:44:55][debug] 统一下单......
[2016-04-21 17:44:55][debug] 第[1]次 buyerName: 王先生 --- buyerSex:  --- userSex: 1 --- songer: 梁静茹
[2016-04-21 17:44:55][debug] openId: ofjwTwenQqrZhgBghkA56_3pGHoQ
[2016-04-21 17:45:06][debug] 统一下单......
[2016-04-21 17:45:06][debug] 第[2]次 buyerName: 王先生 --- buyerSex: 0 --- userSex: 1 --- songer: 梁静茹
[2016-04-21 17:45:07][debug] 统一下单......
[2016-04-21 17:45:07][debug] 第[3]次 buyerName: 王先生 --- buyerSex:  --- userSex: 1 --- songer: 梁静茹
[2016-04-21 17:45:07][debug] openId: ofjwTwenQqrZhgBghkA56_3pGHoQ
[2016-04-21 17:45:28][debug] 统一下单......
[2016-04-21 17:45:28][debug] 第[4]次 buyerName: 王先生 --- buyerSex: 0 --- userSex: 1 --- songer: 梁静茹
[2016-04-21 17:45:29][debug] 统一下单......
[2016-04-21 17:45:29][debug] 第[5]次 buyerName: 王先生 --- buyerSex:  --- userSex: 1 --- songer: 梁静茹
[2016-04-21 17:45:29][debug] openId: ofjwTwenQqrZhgBghkA56_3pGHoQ
[2016-04-21 17:45:42][debug] 统一下单......
[2016-04-21 17:45:42][debug] 第[6]次 buyerName: 王先生 --- buyerSex: 0 --- userSex: 1 --- songer: 梁静茹
[2016-04-21 17:45:42][debug] 统一下单......
[2016-04-21 17:45:42][debug] 第[7]次 buyerName: 王先生 --- buyerSex:  --- userSex: 1 --- songer: 梁静茹
[2016-04-21 17:45:43][debug] openId: ofjwTwenQqrZhgBghkA56_3pGHoQ
[2016-04-21 17:48:45][debug] 统一下单......
[2016-04-21 17:48:45][debug] 第[8]次 buyerName: 王先生 --- buyerSex: 0 --- userSex: 1 --- songer: 梁静茹
[2016-04-21 17:48:46][debug] 统一下单......
[2016-04-21 17:48:46][debug] 第[9]次 buyerName: 王先生 --- buyerSex:  --- userSex: 1 --- songer: 梁静茹
[2016-04-21 17:48:46][debug] openId: ofjwTwenQqrZhgBghkA56_3pGHoQ
[2016-04-21 18:07:43][debug] 统一下单......
[2016-04-21 18:07:43][debug] 第[10]次 buyerName: 王先生 --- buyerSex: 0 --- userSex: 1 --- songer: 梁静茹
[2016-04-21 18:07:43][debug] 统一下单......
[2016-04-21 18:07:43][debug] 第[11]次 buyerName: 王先生 --- buyerSex:  --- userSex: 1 --- songer: 梁静茹
[2016-04-21 18:07:44][debug] openId: ofjwTwenQqrZhgBghkA56_3pGHoQ
