[2016-04-23 14:56:55][debug] 统一下单......
[2016-04-23 14:56:55][debug] 第[0]次 buyerName: 王长福 --- buyerSex: 0 --- userSex: 1 --- songer: 樊凡
[2016-04-23 14:56:56][debug] 统一下单......
[2016-04-23 14:56:56][debug] 第[1]次 buyerName: 王长福 --- buyerSex:  --- userSex: 1 --- songer: 樊凡
[2016-04-23 14:56:56][debug] openId: ofjwTwexYziwwJSzwuHGO3UAACG4
[2016-04-23 14:57:44][debug] 统一下单......
[2016-04-23 14:57:44][debug] 第[2]次 buyerName: 王长福 --- buyerSex: 0 --- userSex: 1 --- songer: 樊凡
[2016-04-23 14:57:45][debug] 统一下单......
[2016-04-23 14:57:45][debug] 第[3]次 buyerName: 王长福 --- buyerSex:  --- userSex: 1 --- songer: 樊凡
[2016-04-23 14:57:45][debug] openId: ofjwTwexYziwwJSzwuHGO3UAACG4
[2016-04-23 14:58:13][debug] 统一下单......
[2016-04-23 14:58:13][debug] 第[4]次 buyerName: 王长福 --- buyerSex: 0 --- userSex: 1 --- songer: 樊凡
[2016-04-23 14:58:13][debug] 统一下单......
[2016-04-23 14:58:13][debug] 第[5]次 buyerName: 王长福 --- buyerSex:  --- userSex: 1 --- songer: 樊凡
[2016-04-23 14:58:14][debug] openId: ofjwTwexYziwwJSzwuHGO3UAACG4
[2016-04-23 14:59:42][debug] 统一下单......
[2016-04-23 14:59:42][debug] 第[6]次 buyerName: 王长福 --- buyerSex: 0 --- userSex: 1 --- songer: 樊凡
[2016-04-23 14:59:43][debug] 统一下单......
[2016-04-23 14:59:43][debug] 第[7]次 buyerName: 王长福 --- buyerSex:  --- userSex: 1 --- songer: 樊凡
[2016-04-23 14:59:43][debug] openId: ofjwTwexYziwwJSzwuHGO3UAACG4
[2016-04-23 15:01:39][debug] 统一下单......
[2016-04-23 15:01:39][debug] 第[8]次 buyerName: 王长福 --- buyerSex: 0 --- userSex: 1 --- songer: 樊凡
[2016-04-23 15:01:40][debug] 统一下单......
[2016-04-23 15:01:40][debug] 第[9]次 buyerName: 王长福 --- buyerSex:  --- userSex: 1 --- songer: 樊凡
[2016-04-23 15:01:40][debug] openId: ofjwTwexYziwwJSzwuHGO3UAACG4
[2016-04-23 15:01:41][debug] 统一下单......
[2016-04-23 15:01:41][debug] 第[10]次 buyerName: 王长福 --- buyerSex: 0 --- userSex: 1 --- songer: 樊凡
[2016-04-23 15:01:41][debug] 统一下单......
[2016-04-23 15:01:41][debug] 第[11]次 buyerName: 王长福 --- buyerSex:  --- userSex: 1 --- songer: 樊凡
[2016-04-23 15:01:41][debug] openId: ofjwTwexYziwwJSzwuHGO3UAACG4
[2016-04-23 15:26:39][debug] 统一下单......
[2016-04-23 15:26:39][debug] 第[0]次 buyerName: 王长福 --- buyerSex: 0 --- userSex: 1 --- songer: 樊凡
[2016-04-23 15:26:40][debug] 统一下单......
[2016-04-23 15:26:40][debug] 第[1]次 buyerName: 王长福 --- buyerSex:  --- userSex: 1 --- songer: 樊凡
[2016-04-23 15:26:40][debug] openId: ofjwTwexYziwwJSzwuHGO3UAACG4
[2016-04-23 15:27:48][debug] 统一下单......
[2016-04-23 15:27:48][debug] 第[2]次 buyerName: 王长福 --- buyerSex: 0 --- userSex: 1 --- songer: 樊凡
[2016-04-23 15:27:49][debug] 统一下单......
[2016-04-23 15:27:49][debug] 第[3]次 buyerName: 王长福 --- buyerSex:  --- userSex: 1 --- songer: 樊凡
[2016-04-23 15:27:49][debug] openId: ofjwTwexYziwwJSzwuHGO3UAACG4
[2016-04-23 15:28:37][debug] 统一下单......
[2016-04-23 15:28:37][debug] 第[4]次 buyerName: 王长福 --- buyerSex: 0 --- userSex: 1 --- songer: 樊凡
[2016-04-23 15:28:37][debug] 统一下单......
[2016-04-23 15:28:37][debug] 第[5]次 buyerName: 王长福 --- buyerSex:  --- userSex: 1 --- songer: 樊凡
[2016-04-23 15:28:38][debug] openId: ofjwTwexYziwwJSzwuHGO3UAACG4
[2016-04-23 15:42:03][debug] 统一下单......
[2016-04-23 15:42:03][debug] 第[0]次 buyerName: 谢谢 --- buyerSex: 0 --- userSex: 0 --- songer: 烦烦烦
[2016-04-23 15:42:03][debug] 统一下单......
[2016-04-23 15:42:03][debug] 第[1]次 buyerName: 谢谢 --- buyerSex:  --- userSex:  --- songer: 烦烦烦
[2016-04-23 15:42:04][debug] openId: ofjwTwVVAIuYV8Gjw80-eEKXIGhQ
[2016-04-23 15:42:04][debug] jsApiParameters: {"appId":"wxc42acc5570910d1d","nonceStr":"jcmzt7kwwlzf4qbrkgn54ux50d2hefxk","package":"prepay_id=wx201604231542046b52e9a0360056181146","signType":"MD5","timeStamp":"1461397324","paySign":"6681A4742F57F39B6711266F471407DF"}
[2016-04-23 16:14:12][debug] 统一下单......
[2016-04-23 16:14:12][debug] 第[0]次 buyerName: 黄涛 --- buyerSex: 0 --- userSex: 0 --- songer: 黄涛
[2016-04-23 16:14:13][debug] 统一下单......
[2016-04-23 16:14:13][debug] 第[1]次 buyerName: 黄涛 --- buyerSex:  --- userSex:  --- songer: 黄涛
[2016-04-23 16:14:14][debug] openId: ofjwTwVVAIuYV8Gjw80-eEKXIGhQ
[2016-04-23 16:14:14][debug] jsApiParameters: {"appId":"wxc42acc5570910d1d","nonceStr":"7sn7yvm43dya6k1yxqf5bsasthdndrjx","package":"prepay_id=wx20160423161414d0d5a8e13c0472141532","signType":"MD5","timeStamp":"1461399254","paySign":"2CA3D8BB82D65EA9FACFE777899ED71C"}
[2016-04-23 16:14:54][debug] 统一下单......
[2016-04-23 16:14:54][debug] 第[2]次 buyerName: 鹤顶红 --- buyerSex:  --- userSex:  --- songer: 好的好的呵呵
[2016-04-23 16:14:54][debug] 统一下单......
[2016-04-23 16:14:54][debug] 第[3]次 buyerName: 鹤顶红 --- buyerSex:  --- userSex:  --- songer: 好的好的呵呵
[2016-04-23 16:14:55][debug] openId: ofjwTwVVAIuYV8Gjw80-eEKXIGhQ
[2016-04-23 16:14:55][debug] jsApiParameters: {"appId":"wxc42acc5570910d1d","nonceStr":"s5x2yyu5la02gfi6h7m653f9wvc2yxe3","package":"prepay_id=wx20160423161455e8bd6cfefa0317938976","signType":"MD5","timeStamp":"1461399295","paySign":"9A41FC5D2025A37C7292D7897AE769A3"}
[2016-04-23 16:14:55][debug] 统一下单......
[2016-04-23 16:14:55][debug] 第[4]次 buyerName: 鹤顶红 --- buyerSex:  --- userSex:  --- songer: 好的好的呵呵
[2016-04-23 16:14:55][debug] openId: ofjwTwVVAIuYV8Gjw80-eEKXIGhQ
[2016-04-23 16:14:56][debug] jsApiParameters: {"appId":"wxc42acc5570910d1d","nonceStr":"l3epme0h0y7ea9t3q9ev84i6l3119r75","package":"prepay_id=wx201604231614561ac75d04630302594724","signType":"MD5","timeStamp":"1461399296","paySign":"8D5ABB6F8BE96F0BA4C33C9E45426262"}
[2016-04-23 16:15:07][debug] 统一下单......
[2016-04-23 16:15:07][debug] 第[5]次 buyerName: 鹤顶红 --- buyerSex:  --- userSex:  --- songer: 好的好的呵呵
[2016-04-23 16:15:07][debug] 统一下单......
[2016-04-23 16:15:07][debug] 第[6]次 buyerName: 鹤顶红 --- buyerSex:  --- userSex:  --- songer: 好的好的呵呵
[2016-04-23 16:15:08][debug] openId: ofjwTwVVAIuYV8Gjw80-eEKXIGhQ
[2016-04-23 16:15:08][debug] jsApiParameters: {"appId":"wxc42acc5570910d1d","nonceStr":"0wvvs85k7x6fz58xxoo51u77766mkb45","package":"prepay_id=wx20160423161508c308dc482a0132721114","signType":"MD5","timeStamp":"1461399308","paySign":"B04A87DFAA389C11E9DDEF8C1FA1BBC8"}
[2016-04-23 16:15:22][debug] 统一下单......
[2016-04-23 16:15:22][debug] 第[7]次 buyerName: 鹤顶红 --- buyerSex:  --- userSex: 1 --- songer: 好的好的呵呵
[2016-04-23 16:15:22][debug] 统一下单......
[2016-04-23 16:15:22][debug] 第[8]次 buyerName: 鹤顶红 --- buyerSex:  --- userSex: 1 --- songer: 好的好的呵呵
[2016-04-23 16:15:22][debug] openId: ofjwTwVVAIuYV8Gjw80-eEKXIGhQ
[2016-04-23 16:15:23][debug] jsApiParameters: {"appId":"wxc42acc5570910d1d","nonceStr":"xtzy4z59e9sd1et5zlc9yoj11tn8ho5c","package":"prepay_id=wx20160423161523c4b5674a550645653234","signType":"MD5","timeStamp":"1461399323","paySign":"960AE23C7704E2F65CE2C61EE6B36D30"}
[2016-04-23 16:15:23][debug] 统一下单......
[2016-04-23 16:15:23][debug] 第[9]次 buyerName: 鹤顶红 --- buyerSex:  --- userSex: 1 --- songer: 好的好的呵呵
[2016-04-23 16:15:23][debug] openId: ofjwTwVVAIuYV8Gjw80-eEKXIGhQ
[2016-04-23 16:15:23][debug] jsApiParameters: {"appId":"wxc42acc5570910d1d","nonceStr":"ogv9aidlpucq8r8smkxgao2b1qz9v15p","package":"prepay_id=wx20160423161523c4b5674a550186479382","signType":"MD5","timeStamp":"1461399323","paySign":"8ECDEEBF9CAED3D85687598E4C649176"}
[2016-04-23 16:30:08][debug] 统一下单......
[2016-04-23 16:30:08][debug] 第[0]次 buyerName: 王长福 --- buyerSex: 0 --- userSex: 1 --- songer: 樊凡
[2016-04-23 16:30:08][debug] 统一下单......
[2016-04-23 16:30:08][debug] 第[1]次 buyerName: 王长福 --- buyerSex:  --- userSex: 1 --- songer: 樊凡
[2016-04-23 16:30:08][debug] openId: ofjwTwexYziwwJSzwuHGO3UAACG4
[2016-04-23 16:33:16][debug] 统一下单......
[2016-04-23 16:33:16][debug] 第[2]次 buyerName: 王长福 --- buyerSex: 0 --- userSex: 1 --- songer: 樊凡
[2016-04-23 16:33:17][debug] 统一下单......
[2016-04-23 16:33:17][debug] 第[3]次 buyerName: 王长福 --- buyerSex:  --- userSex: 1 --- songer: 樊凡
[2016-04-23 16:33:17][debug] openId: ofjwTwexYziwwJSzwuHGO3UAACG4
[2016-04-23 16:34:25][debug] 统一下单......
[2016-04-23 16:34:25][debug] 第[4]次 buyerName: 王长福 --- buyerSex: 0 --- userSex: 1 --- songer: 樊凡
[2016-04-23 16:55:40][debug] 统一下单......
[2016-04-23 16:55:40][debug] 第[0]次 buyerName:  --- buyerSex:  --- userSex:  --- songer: 
[2016-04-23 16:55:41][debug] openId: ofjwTwRJXmVXgsQQmnzkiZpsAw1A
[2016-04-23 16:55:41][debug] jsApiParameters: {"appId":"wxc42acc5570910d1d","nonceStr":"mbyi7qn9030beg1xr3i3jsmu405yigoa","package":"prepay_id=wx20160423165541e70f2a46ce0267575384","signType":"MD5","timeStamp":"1461401741","paySign":"18B4C3F4A6236C35095B9B742F9E43D3"}
[2016-04-23 17:35:13][debug] 统一下单......
[2016-04-23 17:35:13][debug] 第[0]次 buyerName: ABC --- buyerSex:  --- userSex:  --- songer: 
[2016-04-23 17:35:14][debug] 统一下单......
[2016-04-23 17:35:14][debug] 第[1]次 buyerName: ABC --- buyerSex:  --- userSex:  --- songer: 
[2016-04-23 17:35:14][debug] openId: ofjwTwbax3QN1or0LfLbQUFkfcN4
[2016-04-23 17:35:14][debug] jsApiParameters: {"appId":"wxc42acc5570910d1d","nonceStr":"5zs6obmla65nqwgy5wq2tsgk7lwh1h7i","package":"prepay_id=wx20160423173514c6d9af3fcc0345333999","signType":"MD5","timeStamp":"1461404114","paySign":"AA1D31523A577154419CCCAC2ED28AD8"}
[2016-04-23 17:35:14][debug] 统一下单......
[2016-04-23 17:35:14][debug] 第[2]次 buyerName: ABC --- buyerSex:  --- userSex:  --- songer: 
[2016-04-23 17:35:15][debug] 统一下单......
[2016-04-23 17:35:15][debug] 第[3]次 buyerName: ABC --- buyerSex:  --- userSex:  --- songer: 
[2016-04-23 17:35:15][debug] openId: ofjwTwbax3QN1or0LfLbQUFkfcN4
[2016-04-23 17:35:16][debug] jsApiParameters: {"appId":"wxc42acc5570910d1d","nonceStr":"b8kj2ykmjl6o6wr0ja46hxxb0qrfzwbz","package":"prepay_id=wx20160423173515fec113a4570181685811","signType":"MD5","timeStamp":"1461404116","paySign":"9DB2E16364B05A6CB76C025048D7BA97"}
[2016-04-23 17:46:04][debug] 统一下单......
[2016-04-23 17:46:04][debug] 第[0]次 buyerName:  --- buyerSex:  --- userSex:  --- songer: 
[2016-04-23 17:46:05][debug] 统一下单......
[2016-04-23 17:46:05][debug] 第[1]次 buyerName:  --- buyerSex:  --- userSex:  --- songer: 
[2016-04-23 17:46:05][debug] openId: ofjwTwejszWTgXxxrB6BBxMDB1qw
[2016-04-23 17:46:05][debug] jsApiParameters: {"appId":"wxc42acc5570910d1d","nonceStr":"ie89zo0576567pcwii8k2fj2oovexasg","package":"prepay_id=wx20160423174605ee2d83fd920182730592","signType":"MD5","timeStamp":"1461404765","paySign":"86466497EB01B45ACDE3CB27DE7379F2"}
