[2016-05-03 02:02:35][debug] 统一下单......
[2016-05-03 02:02:35][debug] 第[28]次 buyerName: 代胜凯 --- buyerSex: 0 --- userSex: 0 --- songer: 您
[2016-05-03 02:02:36][debug] 统一下单......
[2016-05-03 02:02:36][debug] 第[29]次 buyerName: 代胜凯 --- buyerSex:  --- userSex:  --- songer: 您
[2016-05-03 02:02:36][debug] openId: ofjwTwfzJRCJFljYUWE5aV6a4woQ
[2016-05-03 02:02:36][debug] attach : 代胜凯^^676766^你摸过^^646646433^您^你摸^2016-05-03^自我洗衣液嘻嘻YY^0.01
[2016-05-03 02:02:36][debug] attach : 代胜凯^^676766^你摸过^^646646433^您^你摸^2016-05-03^自我洗衣液嘻嘻YY^0.01
[2016-05-03 02:02:36][debug] jsApiParameters: {"appId":"wxc42acc5570910d1d","nonceStr":"2um0jffj3tadqqi0jc7acehxon539j2b","package":"prepay_id=wx20160503020236c811e7886b0989085213","signType":"MD5","timeStamp":"1462212156","paySign":"E26A1C5B25B5A1FBD71EFF5481E9F01B"}
[2016-05-03 02:02:54][debug] 统一下单......
[2016-05-03 02:02:54][debug] 第[30]次 buyerName: 代胜凯 --- buyerSex: 0 --- userSex: 0 --- songer: 您
[2016-05-03 02:02:54][debug] 统一下单......
[2016-05-03 02:02:54][debug] 第[31]次 buyerName: 代胜凯 --- buyerSex:  --- userSex:  --- songer: 您
[2016-05-03 02:02:55][debug] openId: ofjwTwfzJRCJFljYUWE5aV6a4woQ
[2016-05-03 02:02:55][debug] attach : 代胜凯^^676766^你摸过^^646646433^您^你摸^2016-05-03^自我洗衣液嘻嘻YY推荐装修兔子了是^0.01
[2016-05-03 02:02:55][debug] attach : 代胜凯^^676766^你摸过^^646646433^您^你摸^2016-05-03^自我洗衣液嘻嘻YY推荐装修兔子了是^0.01
[2016-05-03 02:02:55][debug] jsApiParameters: {"appId":"wxc42acc5570910d1d","nonceStr":"g5mb1oemn3vqydqlgdkivor39lcq8mgv","package":"prepay_id=wx20160503020255e4e46e434d0806250141","signType":"MD5","timeStamp":"1462212175","paySign":"AB54A698B1150E5149BE85F120864775"}
[2016-05-03 02:02:55][debug] 统一下单......
[2016-05-03 02:02:55][debug] 第[32]次 buyerName: 代胜凯 --- buyerSex:  --- userSex:  --- songer: 您
[2016-05-03 02:02:55][debug] openId: ofjwTwfzJRCJFljYUWE5aV6a4woQ
[2016-05-03 02:02:55][debug] attach : 代胜凯^^676766^你摸过^^646646433^您^你摸^2016-05-03^自我洗衣液嘻嘻YY推荐装修兔子了是^0.01
[2016-05-03 02:02:55][debug] attach : 代胜凯^^676766^你摸过^^646646433^您^你摸^2016-05-03^自我洗衣液嘻嘻YY推荐装修兔子了是^0.01
[2016-05-03 02:02:56][debug] jsApiParameters: {"appId":"wxc42acc5570910d1d","nonceStr":"p8d590purscwajhk3znydxtla8tmyiwd","package":"prepay_id=wx2016050302025671fbda80a50307498211","signType":"MD5","timeStamp":"1462212176","paySign":"B5F621E0C158FC719D50AFCEFB83331D"}
[2016-05-03 02:03:04][debug] 统一下单......
[2016-05-03 02:03:04][debug] 第[33]次 buyerName: 代胜凯 --- buyerSex: 0 --- userSex: 0 --- songer: 您
[2016-05-03 02:03:05][debug] 统一下单......
[2016-05-03 02:03:05][debug] 第[34]次 buyerName: 代胜凯 --- buyerSex:  --- userSex:  --- songer: 您
[2016-05-03 02:03:05][debug] openId: ofjwTwfzJRCJFljYUWE5aV6a4woQ
[2016-05-03 02:03:05][debug] attach : 代胜凯^^676766^你摸过^^646646433^您^你摸^2016-05-03^自我洗衣液嘻嘻YY推荐装修兔子了是图库屠苏^0.01
[2016-05-03 02:03:05][debug] attach : 代胜凯^^676766^你摸过^^646646433^您^你摸^2016-05-03^自我洗衣液嘻嘻YY推荐装修兔子了是图库屠苏^0.01
[2016-05-03 02:03:05][debug] jsApiParameters: {"appId":"wxc42acc5570910d1d","nonceStr":"0gxtz57vnbxzwh7rpeqcynkhgsuqv0cx","package":"prepay_id=wx201605030203059f97e43a680458327720","signType":"MD5","timeStamp":"1462212185","paySign":"45C89095D2B303CD02A3C0B4606D4267"}
[2016-05-03 02:03:14][debug] 统一下单......
[2016-05-03 02:03:14][debug] 第[35]次 buyerName: 代胜凯 --- buyerSex: 0 --- userSex: 0 --- songer: 您
[2016-05-03 02:03:14][debug] 统一下单......
[2016-05-03 02:03:14][debug] 第[36]次 buyerName: 代胜凯 --- buyerSex:  --- userSex:  --- songer: 您
[2016-05-03 02:03:14][debug] openId: ofjwTwfzJRCJFljYUWE5aV6a4woQ
[2016-05-03 02:03:14][debug] attach : 代胜凯^^676766^你摸过^^646646433^您^你摸^2016-05-03^自我洗衣液嘻嘻YY推荐装修兔子了是图库屠苏推土机图^0.01
[2016-05-03 02:03:14][debug] attach : 代胜凯^^676766^你摸过^^646646433^您^你摸^2016-05-03^自我洗衣液嘻嘻YY推荐装修兔子了是图库屠苏推土机图^0.01
[2016-05-03 02:03:29][debug] 统一下单......
[2016-05-03 02:03:29][debug] 第[37]次 buyerName: 代胜凯 --- buyerSex: 0 --- userSex: 0 --- songer: 您
[2016-05-03 02:03:29][debug] 统一下单......
[2016-05-03 02:03:29][debug] 第[38]次 buyerName: 代胜凯 --- buyerSex:  --- userSex:  --- songer: 您
[2016-05-03 02:03:29][debug] openId: ofjwTwfzJRCJFljYUWE5aV6a4woQ
[2016-05-03 02:03:29][debug] attach : 代胜凯^^676766^你摸过^^646646433^您^你摸^2016-05-03^自我洗衣液嘻嘻YY推荐装修兔子了是图库屠苏推土机图^0.01
[2016-05-03 02:03:29][debug] attach : 代胜凯^^676766^你摸过^^646646433^您^你摸^2016-05-03^自我洗衣液嘻嘻YY推荐装修兔子了是图库屠苏推土机图^0.01
[2016-05-03 02:05:49][debug] 统一下单......
[2016-05-03 02:05:49][debug] 第[39]次 buyerName: 哦哦婆婆 --- buyerSex: 0 --- userSex: 0 --- songer: 迪哥
[2016-05-03 02:05:50][debug] 统一下单......
[2016-05-03 02:05:50][debug] 第[40]次 buyerName: 哦哦婆婆 --- buyerSex:  --- userSex:  --- songer: 迪哥
[2016-05-03 02:05:50][debug] openId: ofjwTwfzJRCJFljYUWE5aV6a4woQ
[2016-05-03 02:05:50][debug] attach : 哦哦婆婆^^94494^敏敏^^64644^迪哥^全心全意^2016-05-03^自我洗衣液嘻嘻YY推荐装修兔子了是图库屠苏推土机图^0.01
[2016-05-03 02:05:50][debug] attach : 哦哦婆婆^^94494^敏敏^^64644^迪哥^全心全意^2016-05-03^自我洗衣液嘻嘻YY推荐装修兔子了是图库屠苏推土机图^0.01
[2016-05-03 02:06:46][debug] 统一下单......
[2016-05-03 02:06:46][debug] 第[41]次 buyerName: 李敏 --- buyerSex: 0 --- userSex: 0 --- songer: mix您
[2016-05-03 02:06:47][debug] 统一下单......
[2016-05-03 02:06:47][debug] 第[42]次 buyerName: 李敏 --- buyerSex:  --- userSex:  --- songer: mix您
[2016-05-03 02:06:47][debug] openId: ofjwTwfzJRCJFljYUWE5aV6a4woQ
[2016-05-03 02:06:47][debug] attach : 李敏^^6767^你这样^^97979^mix您^只有^2016-05-03^主神已死有事烧纸^0.01
[2016-05-03 02:06:47][debug] attach : 李敏^^6767^你这样^^97979^mix您^只有^2016-05-03^主神已死有事烧纸^0.01
[2016-05-03 02:06:48][debug] jsApiParameters: {"appId":"wxc42acc5570910d1d","nonceStr":"ad44leqgnpaois6yfex1wck93xuiw6bw","package":"prepay_id=wx20160503020647d25d3c6cc20194747155","signType":"MD5","timeStamp":"1462212408","paySign":"B86676A8D8509E57CFD8E02572857DBA"}
[2016-05-03 02:06:48][debug] 统一下单......
[2016-05-03 02:06:48][debug] 第[43]次 buyerName: 李敏 --- buyerSex:  --- userSex:  --- songer: mix您
[2016-05-03 02:06:48][debug] openId: ofjwTwfzJRCJFljYUWE5aV6a4woQ
[2016-05-03 02:06:48][debug] attach : 李敏^^6767^你这样^^97979^mix您^只有^2016-05-03^主神已死有事烧纸^0.01
[2016-05-03 02:06:48][debug] attach : 李敏^^6767^你这样^^97979^mix您^只有^2016-05-03^主神已死有事烧纸^0.01
[2016-05-03 02:06:48][debug] jsApiParameters: {"appId":"wxc42acc5570910d1d","nonceStr":"wqd8qtcgrl4jihmwvf0ukfqwmskq5s6l","package":"prepay_id=wx20160503020648b1ea177c220157255802","signType":"MD5","timeStamp":"1462212408","paySign":"B64402F62F06758365E20B4FE0F85581"}
[2016-05-03 02:06:56][debug] 统一下单......
[2016-05-03 02:06:56][debug] 第[44]次 buyerName: 李敏 --- buyerSex: 0 --- userSex: 0 --- songer: mix您
[2016-05-03 02:06:56][debug] 统一下单......
[2016-05-03 02:06:56][debug] 第[45]次 buyerName: 李敏 --- buyerSex:  --- userSex:  --- songer: mix您
[2016-05-03 02:06:56][debug] openId: ofjwTwfzJRCJFljYUWE5aV6a4woQ
[2016-05-03 02:06:56][debug] attach : 李敏^^6767^你这样^^97979^mix您^只有^2016-05-03^主神已死有事烧纸也破样子一样钱也破也^0.01
[2016-05-03 02:06:56][debug] attach : 李敏^^6767^你这样^^97979^mix您^只有^2016-05-03^主神已死有事烧纸也破样子一样钱也破也^0.01
[2016-05-03 02:06:57][debug] jsApiParameters: {"appId":"wxc42acc5570910d1d","nonceStr":"55bqdth5zg5s4ehhlkpuhzpotzd3ca0d","package":"prepay_id=wx20160503020656b57124392b0429686839","signType":"MD5","timeStamp":"1462212417","paySign":"3B7715AE60BCB54762829954667C9C24"}
[2016-05-03 02:07:07][debug] 统一下单......
[2016-05-03 02:07:07][debug] 第[46]次 buyerName: 李敏 --- buyerSex: 0 --- userSex: 0 --- songer: mix您
[2016-05-03 02:07:07][debug] 统一下单......
[2016-05-03 02:07:07][debug] 第[47]次 buyerName: 李敏 --- buyerSex:  --- userSex:  --- songer: mix您
[2016-05-03 02:07:07][debug] openId: ofjwTwfzJRCJFljYUWE5aV6a4woQ
[2016-05-03 02:07:07][debug] attach : 李敏^^6767^你这样^^97979^mix您^只有^2016-05-03^主神已死有事烧纸也破样子一样钱也破也希望是做最也破也破人做^0.01
[2016-05-03 02:07:07][debug] attach : 李敏^^6767^你这样^^97979^mix您^只有^2016-05-03^主神已死有事烧纸也破样子一样钱也破也希望是做最也破也破人做^0.01
[2016-05-03 02:08:54][debug] 统一下单......
[2016-05-03 02:08:54][debug] 第[48]次 buyerName: 洗澡 --- buyerSex: 0 --- userSex: 0 --- songer: 您名字
[2016-05-03 02:08:55][debug] 统一下单......
[2016-05-03 02:08:55][debug] 第[49]次 buyerName: 洗澡 --- buyerSex:  --- userSex:  --- songer: 您名字
[2016-05-03 02:08:55][debug] openId: ofjwTwfzJRCJFljYUWE5aV6a4woQ
[2016-05-03 02:08:55][debug] attach : 洗澡^^9494^您^^6446646^您名字^工^2016-05-03^洗衣液XP一抹红ONS婆婆OPPO弄orz所以我W^0.01
[2016-05-03 02:08:55][debug] attach : 洗澡^^9494^您^^6446646^您名字^工^2016-05-03^洗衣液XP一抹红ONS婆婆OPPO弄orz所以我W^0.01
[2016-05-03 02:08:56][debug] jsApiParameters: {"appId":"wxc42acc5570910d1d","nonceStr":"z5uz9hi4k63a8dwgmaa46a6ur97sietx","package":"prepay_id=wx2016050302085551459c1fb50792309283","signType":"MD5","timeStamp":"1462212536","paySign":"298DF5CFE61AAAB8D22F6728EF9CC80E"}
[2016-05-03 02:08:56][debug] 统一下单......
[2016-05-03 02:08:56][debug] 第[50]次 buyerName: 洗澡 --- buyerSex:  --- userSex:  --- songer: 您名字
[2016-05-03 02:08:56][debug] openId: ofjwTwfzJRCJFljYUWE5aV6a4woQ
[2016-05-03 02:08:56][debug] attach : 洗澡^^9494^您^^6446646^您名字^工^2016-05-03^洗衣液XP一抹红ONS婆婆OPPO弄orz所以我W^0.01
[2016-05-03 02:08:56][debug] attach : 洗澡^^9494^您^^6446646^您名字^工^2016-05-03^洗衣液XP一抹红ONS婆婆OPPO弄orz所以我W^0.01
[2016-05-03 02:08:56][debug] jsApiParameters: {"appId":"wxc42acc5570910d1d","nonceStr":"hhfkm6sgc4skqckd0kn1hr0cbpu5x74n","package":"prepay_id=wx201605030208566594c0c0840289126169","signType":"MD5","timeStamp":"1462212536","paySign":"A254924C446EEEEC5FD16E8522FFE39D"}
[2016-05-03 02:09:04][debug] 统一下单......
[2016-05-03 02:09:04][debug] 第[51]次 buyerName: 洗澡 --- buyerSex: 0 --- userSex: 0 --- songer: 您名字
[2016-05-03 02:09:05][debug] 统一下单......
[2016-05-03 02:09:05][debug] 第[52]次 buyerName: 洗澡 --- buyerSex:  --- userSex:  --- songer: 您名字
[2016-05-03 02:09:05][debug] openId: ofjwTwfzJRCJFljYUWE5aV6a4woQ
[2016-05-03 02:09:05][debug] attach : 洗澡^^9494^您^^6446646^您名字^工^2016-05-03^洗衣液XP一抹红ONS婆婆OPPO弄orz所以我W^0.01
[2016-05-03 02:09:05][debug] attach : 洗澡^^9494^您^^6446646^您名字^工^2016-05-03^洗衣液XP一抹红ONS婆婆OPPO弄orz所以我W^0.01
[2016-05-03 02:09:06][debug] jsApiParameters: {"appId":"wxc42acc5570910d1d","nonceStr":"e915x0berx0egkl3g28tajhzj6jimycb","package":"prepay_id=wx201605030209060d1da112460611594480","signType":"MD5","timeStamp":"1462212546","paySign":"C948D840DC63E242EB0D5AF8B0A3D889"}
[2016-05-03 02:09:13][debug] 统一下单......
[2016-05-03 02:09:13][debug] 第[53]次 buyerName: 洗澡 --- buyerSex: 0 --- userSex: 0 --- songer: 您名字
[2016-05-03 02:09:13][debug] 统一下单......
[2016-05-03 02:09:13][debug] 第[54]次 buyerName: 洗澡 --- buyerSex:  --- userSex:  --- songer: 您名字
[2016-05-03 02:09:13][debug] openId: ofjwTwfzJRCJFljYUWE5aV6a4woQ
[2016-05-03 02:09:13][debug] attach : 洗澡^^9494^您^^6446646^您名字^工^2016-05-03^洗衣液XP一抹红ONS婆婆OPPO弄orz所以我W^0.01
[2016-05-03 02:09:13][debug] attach : 洗澡^^9494^您^^6446646^您名字^工^2016-05-03^洗衣液XP一抹红ONS婆婆OPPO弄orz所以我W^0.01
[2016-05-03 02:09:14][debug] jsApiParameters: {"appId":"wxc42acc5570910d1d","nonceStr":"n4jexfchverebqa8sgkpl3gnf44crly2","package":"prepay_id=wx201605030209142f4a831ecd0022390106","signType":"MD5","timeStamp":"1462212554","paySign":"08A2A9E5D4928AA38CCA3A12BEC4FB01"}
[2016-05-03 02:09:39][debug] 统一下单......
[2016-05-03 02:09:39][debug] 第[55]次 buyerName: 也破也也破也 --- buyerSex: 0 --- userSex: 0 --- songer: 您
[2016-05-03 02:09:39][debug] 统一下单......
[2016-05-03 02:09:39][debug] 第[56]次 buyerName: 也破也也破也 --- buyerSex:  --- userSex:  --- songer: 您
[2016-05-03 02:09:40][debug] openId: ofjwTwfzJRCJFljYUWE5aV6a4woQ
[2016-05-03 02:09:40][debug] attach : 也破也也破也^^9797^领^^979^您^自我洗衣液嘻嘻YY^2016-05-03^有说有笑^0.01
[2016-05-03 02:09:40][debug] attach : 也破也也破也^^9797^领^^979^您^自我洗衣液嘻嘻YY^2016-05-03^有说有笑^0.01
[2016-05-03 02:09:40][debug] jsApiParameters: {"appId":"wxc42acc5570910d1d","nonceStr":"7if6u930lss3sbeg0kj459oncqg2h7zd","package":"prepay_id=wx201605030209408f131281fe0158277382","signType":"MD5","timeStamp":"1462212580","paySign":"35DD967547750034181BC80D744C5AC4"}
[2016-05-03 02:09:46][debug] begin notify
[2016-05-03 02:09:46][debug] call back:{"appid":"wxc42acc5570910d1d","attach":"\u4e5f\u7834\u4e5f\u4e5f\u7834\u4e5f^^9797^\u9886^^979^\u60a8^\u81ea\u6211\u6d17\u8863\u6db2\u563b\u563bYY^2016-05-03^\u6709\u8bf4\u6709\u7b11^0.01","bank_type":"ABC_DEBIT","cash_fee":"1","fee_type":"CNY","is_subscribe":"Y","mch_id":"1328077701","nonce_str":"nbvhadhhv8vmsg1y5xi1bpzn8htbbxyn","openid":"ofjwTwfzJRCJFljYUWE5aV6a4woQ","out_trade_no":"132807770120160503020940","result_code":"SUCCESS","return_code":"SUCCESS","sign":"E482D560D30F16D38A70BC15695801B4","time_end":"20160503020946","total_fee":"1","trade_type":"JSAPI","transaction_id":"4007172001201605035455173996"}
[2016-05-03 02:09:47][debug] query:{"appid":"wxc42acc5570910d1d","attach":"\u4e5f\u7834\u4e5f\u4e5f\u7834\u4e5f^^9797^\u9886^^979^\u60a8^\u81ea\u6211\u6d17\u8863\u6db2\u563b\u563bYY^2016-05-03^\u6709\u8bf4\u6709\u7b11^0.01","bank_type":"ABC_DEBIT","cash_fee":"1","fee_type":"CNY","is_subscribe":"Y","mch_id":"1328077701","nonce_str":"BtJgQujQPYVqoQ41","openid":"ofjwTwfzJRCJFljYUWE5aV6a4woQ","out_trade_no":"132807770120160503020940","result_code":"SUCCESS","return_code":"SUCCESS","return_msg":"OK","sign":"6CEFAB360BD65BFF95C9F77E4026E8B5","time_end":"20160503020946","total_fee":"1","trade_state":"SUCCESS","trade_type":"JSAPI","transaction_id":"4007172001201605035455173996"}
[2016-05-03 02:09:47][debug] 连接数据库
[2016-05-03 02:09:47][debug] 订单插入成功！
[2016-05-03 11:03:09][debug] 统一下单......
[2016-05-03 11:03:09][debug] 第[0]次 buyerName: 呵呵 --- buyerSex: 0 --- userSex: 0 --- songer: 把打扮打扮
[2016-05-03 11:03:09][debug] 统一下单......
[2016-05-03 11:03:09][debug] 第[1]次 buyerName: 呵呵 --- buyerSex:  --- userSex:  --- songer: 把打扮打扮
[2016-05-03 11:03:09][debug] openId: ofjwTwVVAIuYV8Gjw80-eEKXIGhQ
[2016-05-03 11:03:09][debug] attach : 呵呵^^8188845466^把打扮打扮^^81515151^把打扮打扮^把打扮打扮^2016-05-03^哈哈哈哈哈哈哈哈哈啊哈哈哈哈哈哈哈哈哈哈哈哈哈哈啊^80
[2016-05-03 11:03:09][debug] attach : 呵呵^^8188845466^把打扮打扮^^81515151^把打扮打扮^把打扮打扮^2016-05-03^哈哈哈哈哈哈哈哈哈啊哈哈哈哈哈哈哈哈哈哈哈哈哈哈啊^80
[2016-05-03 11:03:49][debug] 统一下单......
[2016-05-03 11:03:49][debug] 第[2]次 buyerName: 半 --- buyerSex: 0 --- userSex: 0 --- songer: 把打扮打扮
[2016-05-03 11:03:49][debug] 统一下单......
[2016-05-03 11:03:49][debug] 第[3]次 buyerName: 半 --- buyerSex:  --- userSex:  --- songer: 把打扮打扮
[2016-05-03 11:03:50][debug] openId: ofjwTwVVAIuYV8Gjw80-eEKXIGhQ
[2016-05-03 11:03:50][debug] attach : 半^^884866^棒棒哒棒棒哒^^848489^把打扮打扮^宝宝大宝^2016-05-03^哈哈哈哈哈哈哈哈哈啊哈哈哈哈哈哈哈哈哈哈哈哈哈哈啊^80
[2016-05-03 11:03:50][debug] attach : 半^^884866^棒棒哒棒棒哒^^848489^把打扮打扮^宝宝大宝^2016-05-03^哈哈哈哈哈哈哈哈哈啊哈哈哈哈哈哈哈哈哈哈哈哈哈哈啊^80
[2016-05-03 11:03:50][debug] 统一下单......
[2016-05-03 11:03:50][debug] 第[4]次 buyerName: 半 --- buyerSex:  --- userSex:  --- songer: 把打扮打扮
[2016-05-03 11:03:50][debug] openId: ofjwTwVVAIuYV8Gjw80-eEKXIGhQ
[2016-05-03 11:03:50][debug] attach : 半^^884866^棒棒哒棒棒哒^^848489^把打扮打扮^宝宝大宝^2016-05-03^哈哈哈哈哈哈哈哈哈啊哈哈哈哈哈哈哈哈哈哈哈哈哈哈啊^80
[2016-05-03 11:03:50][debug] attach : 半^^884866^棒棒哒棒棒哒^^848489^把打扮打扮^宝宝大宝^2016-05-03^哈哈哈哈哈哈哈哈哈啊哈哈哈哈哈哈哈哈哈哈哈哈哈哈啊^80
[2016-05-03 11:04:21][debug] 统一下单......
[2016-05-03 11:04:21][debug] 第[5]次 buyerName: 不变的 --- buyerSex: 0 --- userSex: 0 --- songer: 把打扮打扮
[2016-05-03 11:04:22][debug] 统一下单......
[2016-05-03 11:04:22][debug] 第[6]次 buyerName: 不变的 --- buyerSex:  --- userSex:  --- songer: 把打扮打扮
[2016-05-03 11:04:22][debug] openId: ofjwTwVVAIuYV8Gjw80-eEKXIGhQ
[2016-05-03 11:04:22][debug] attach : 不变的^^8848488^不分不方便^^4884848^把打扮打扮^把打扮打扮^2016-05-03^哈哈哈哈哈哈哈哈哈啊哈哈哈哈哈哈哈哈哈哈哈哈哈哈啊^80
[2016-05-03 11:04:22][debug] attach : 不变的^^8848488^不分不方便^^4884848^把打扮打扮^把打扮打扮^2016-05-03^哈哈哈哈哈哈哈哈哈啊哈哈哈哈哈哈哈哈哈哈哈哈哈哈啊^80
[2016-05-03 11:04:23][debug] 统一下单......
[2016-05-03 11:04:23][debug] 第[7]次 buyerName: 不变的 --- buyerSex:  --- userSex:  --- songer: 把打扮打扮
[2016-05-03 11:04:23][debug] openId: ofjwTwVVAIuYV8Gjw80-eEKXIGhQ
[2016-05-03 11:04:23][debug] attach : 不变的^^8848488^不分不方便^^4884848^把打扮打扮^把打扮打扮^2016-05-03^哈哈哈哈哈哈哈哈哈啊哈哈哈哈哈哈哈哈哈哈哈哈哈哈啊^80
[2016-05-03 11:04:23][debug] attach : 不变的^^8848488^不分不方便^^4884848^把打扮打扮^把打扮打扮^2016-05-03^哈哈哈哈哈哈哈哈哈啊哈哈哈哈哈哈哈哈哈哈哈哈哈哈啊^80
[2016-05-03 11:04:47][debug] 统一下单......
[2016-05-03 11:04:47][debug] 第[8]次 buyerName: 你都抱不动 --- buyerSex: 0 --- userSex: 0 --- songer: 不想八点半
[2016-05-03 11:04:48][debug] 统一下单......
[2016-05-03 11:04:48][debug] 第[9]次 buyerName: 你都抱不动 --- buyerSex:  --- userSex:  --- songer: 不想八点半
[2016-05-03 11:04:48][debug] openId: ofjwTwVVAIuYV8Gjw80-eEKXIGhQ
[2016-05-03 11:04:48][debug] attach : 你都抱不动^^84884888^不懂不方便^^7884848^不想八点半^不对不对不对^2016-05-03^哈哈哈哈哈哈哈哈哈啊^80
[2016-05-03 11:04:48][debug] attach : 你都抱不动^^84884888^不懂不方便^^7884848^不想八点半^不对不对不对^2016-05-03^哈哈哈哈哈哈哈哈哈啊^80
[2016-05-03 11:04:49][debug] 统一下单......
[2016-05-03 11:04:49][debug] 第[10]次 buyerName: 你都抱不动 --- buyerSex:  --- userSex:  --- songer: 不想八点半
[2016-05-03 11:04:49][debug] openId: ofjwTwVVAIuYV8Gjw80-eEKXIGhQ
[2016-05-03 11:04:49][debug] attach : 你都抱不动^^84884888^不懂不方便^^7884848^不想八点半^不对不对不对^2016-05-03^哈哈哈哈哈哈哈哈哈啊^80
[2016-05-03 11:04:49][debug] attach : 你都抱不动^^84884888^不懂不方便^^7884848^不想八点半^不对不对不对^2016-05-03^哈哈哈哈哈哈哈哈哈啊^80
[2016-05-03 13:37:07][debug] 统一下单......
[2016-05-03 13:37:07][debug] 第[0]次 buyerName: 徐文浩 --- buyerSex: 0 --- userSex: 1 --- songer: 张
[2016-05-03 13:37:07][debug] 统一下单......
[2016-05-03 13:37:07][debug] 第[1]次 buyerName: 徐文浩 --- buyerSex:  --- userSex: 1 --- songer: 张
[2016-05-03 13:37:07][debug] openId: ofjwTwSg7q80X3iexlTyNra0F3Is
[2016-05-03 13:37:07][debug] attach : 徐文浩^^15827115955^徐文浩^1^15827115955^张^123^2016-05-03^\'把^80
[2016-05-03 13:37:07][debug] attach : 徐文浩^^15827115955^徐文浩^1^15827115955^张^123^2016-05-03^\'把^80
[2016-05-03 13:37:08][debug] jsApiParameters: {"appId":"wxc42acc5570910d1d","nonceStr":"fa0ustamtd40ngrqek86rholymyhlmt9","package":"prepay_id=wx201605031337085b805c873d0820178379","signType":"MD5","timeStamp":"1462253828","paySign":"CC54819337B20666513B8CA0BB1AFA29"}
[2016-05-03 13:39:42][debug] 统一下单......
[2016-05-03 13:39:42][debug] 第[2]次 buyerName: 啥时候hi --- buyerSex: 0 --- userSex: 1 --- songer: 477774444444
[2016-05-03 13:39:43][debug] 统一下单......
[2016-05-03 13:39:43][debug] 第[3]次 buyerName: 啥时候hi --- buyerSex:  --- userSex: 1 --- songer: 477774444444
[2016-05-03 13:39:43][debug] openId: ofjwTwSg7q80X3iexlTyNra0F3Is
[2016-05-03 13:39:43][debug] attach : 啥时候hi^^15827115955^9863433434^1^15827115955^477774444444^4444444^2016-05-03^hi狐死首丘确实让人确实让人随时恭候high哈斯瑞^80
[2016-05-03 13:39:43][debug] attach : 啥时候hi^^15827115955^9863433434^1^15827115955^477774444444^4444444^2016-05-03^hi狐死首丘确实让人确实让人随时恭候high哈斯瑞^80
[2016-05-03 13:39:44][debug] 统一下单......
[2016-05-03 13:39:44][debug] 第[4]次 buyerName: 啥时候hi --- buyerSex:  --- userSex: 1 --- songer: 477774444444
[2016-05-03 13:39:44][debug] openId: ofjwTwSg7q80X3iexlTyNra0F3Is
[2016-05-03 13:39:44][debug] attach : 啥时候hi^^15827115955^9863433434^1^15827115955^477774444444^4444444^2016-05-03^hi狐死首丘确实让人确实让人随时恭候high哈斯瑞^80
[2016-05-03 13:39:44][debug] attach : 啥时候hi^^15827115955^9863433434^1^15827115955^477774444444^4444444^2016-05-03^hi狐死首丘确实让人确实让人随时恭候high哈斯瑞^80
[2016-05-03 15:04:31][debug] 统一下单......
[2016-05-03 15:04:31][debug] 第[0]次 buyerName: 宝宝 --- buyerSex: 0 --- userSex: 0 --- songer: 大宝贝等到你
[2016-05-03 15:04:31][debug] 统一下单......
[2016-05-03 15:04:31][debug] 第[1]次 buyerName: 宝宝 --- buyerSex:  --- userSex:  --- songer: 大宝贝等到你
[2016-05-03 15:04:32][debug] openId: ofjwTwVVAIuYV8Gjw80-eEKXIGhQ
[2016-05-03 15:04:32][debug] attach : 宝宝^^449446646^你的电脑^^949494999^大宝贝等到你^盗版棒棒哒^2016-05-03^不上班傻逼傻逼傻逼^80
[2016-05-03 15:04:32][debug] attach : 宝宝^^449446646^你的电脑^^949494999^大宝贝等到你^盗版棒棒哒^2016-05-03^不上班傻逼傻逼傻逼^80
[2016-05-03 15:04:32][debug] jsApiParameters: {"appId":"wxc42acc5570910d1d","nonceStr":"1jqucotnz5ujgm1d8d4nfgelqv18blwo","package":"prepay_id=wx2016050315043249c662345d0415851700","signType":"MD5","timeStamp":"1462259072","paySign":"24F560C25FB9ED0B072F8A95F6D5BB31"}
[2016-05-03 15:04:32][debug] 统一下单......
[2016-05-03 15:04:32][debug] 第[2]次 buyerName: 宝宝 --- buyerSex:  --- userSex:  --- songer: 大宝贝等到你
[2016-05-03 15:04:32][debug] openId: ofjwTwVVAIuYV8Gjw80-eEKXIGhQ
[2016-05-03 15:04:32][debug] attach : 宝宝^^449446646^你的电脑^^949494999^大宝贝等到你^盗版棒棒哒^2016-05-03^不上班傻逼傻逼傻逼^80
[2016-05-03 15:04:32][debug] attach : 宝宝^^449446646^你的电脑^^949494999^大宝贝等到你^盗版棒棒哒^2016-05-03^不上班傻逼傻逼傻逼^80
[2016-05-03 15:04:33][debug] jsApiParameters: {"appId":"wxc42acc5570910d1d","nonceStr":"n5f0pihlxy8275lbi36t17ijeaer1iip","package":"prepay_id=wx201605031504330c3fdd461c0376092645","signType":"MD5","timeStamp":"1462259073","paySign":"2222859C5746A04FA642625B3D98EEBD"}
[2016-05-03 15:05:09][debug] 统一下单......
[2016-05-03 15:05:09][debug] 第[3]次 buyerName: 宝宝 --- buyerSex: 0 --- userSex: 0 --- songer: 大宝贝等到你
[2016-05-03 15:05:10][debug] 统一下单......
[2016-05-03 15:05:10][debug] 第[4]次 buyerName: 宝宝 --- buyerSex:  --- userSex:  --- songer: 大宝贝等到你
[2016-05-03 15:05:10][debug] openId: ofjwTwVVAIuYV8Gjw80-eEKXIGhQ
[2016-05-03 15:05:10][debug] attach : 宝宝^^449446646^你的电脑^^949494999^大宝贝等到你^盗版棒棒哒^2016-05-03^我问问我问问呜呜呜呜我问问我问我问问我问问呜呜呜呜^80
[2016-05-03 15:05:10][debug] attach : 宝宝^^449446646^你的电脑^^949494999^大宝贝等到你^盗版棒棒哒^2016-05-03^我问问我问问呜呜呜呜我问问我问我问问我问问呜呜呜呜^80
[2016-05-03 15:05:36][debug] 统一下单......
[2016-05-03 15:05:36][debug] 第[5]次 buyerName: 宝宝 --- buyerSex: 0 --- userSex: 0 --- songer: 把打扮打扮
[2016-05-03 15:05:37][debug] 统一下单......
[2016-05-03 15:05:37][debug] 第[6]次 buyerName: 宝宝 --- buyerSex:  --- userSex:  --- songer: 把打扮打扮
[2016-05-03 15:05:37][debug] openId: ofjwTwVVAIuYV8Gjw80-eEKXIGhQ
[2016-05-03 15:05:37][debug] attach : 宝宝^^848^宝宝大宝八点半^^848484889^把打扮打扮^把打扮打扮^2016-05-03^宝贝宝贝^80
[2016-05-03 15:05:37][debug] attach : 宝宝^^848^宝宝大宝八点半^^848484889^把打扮打扮^把打扮打扮^2016-05-03^宝贝宝贝^80
[2016-05-03 15:05:37][debug] jsApiParameters: {"appId":"wxc42acc5570910d1d","nonceStr":"q7j8lwif6v0qzxeco6g3lpvrxrzt6lg2","package":"prepay_id=wx2016050315053710958061bd0040823931","signType":"MD5","timeStamp":"1462259137","paySign":"9BD88831AB5AB5BAE5BEB83F87289DE4"}
[2016-05-03 15:05:37][debug] 统一下单......
[2016-05-03 15:05:37][debug] 第[7]次 buyerName: 宝宝 --- buyerSex:  --- userSex:  --- songer: 把打扮打扮
[2016-05-03 15:05:38][debug] openId: ofjwTwVVAIuYV8Gjw80-eEKXIGhQ
[2016-05-03 15:05:38][debug] attach : 宝宝^^848^宝宝大宝八点半^^848484889^把打扮打扮^把打扮打扮^2016-05-03^宝贝宝贝^80
[2016-05-03 15:05:38][debug] attach : 宝宝^^848^宝宝大宝八点半^^848484889^把打扮打扮^把打扮打扮^2016-05-03^宝贝宝贝^80
[2016-05-03 15:05:38][debug] jsApiParameters: {"appId":"wxc42acc5570910d1d","nonceStr":"542h9401p0ymz1tmlwkxu0u3sf4v7n2n","package":"prepay_id=wx201605031505388abffcc3b20239263974","signType":"MD5","timeStamp":"1462259138","paySign":"EB6C382CA77BB773926E539CC777ACE2"}
[2016-05-03 18:01:40][debug] 统一下单......
[2016-05-03 18:01:40][debug] 第[0]次 buyerName: 宝宝 --- buyerSex: 0 --- userSex: 0 --- songer: 不懂回电话
[2016-05-03 18:01:41][debug] 统一下单......
[2016-05-03 18:01:41][debug] 第[1]次 buyerName: 宝宝 --- buyerSex:  --- userSex:  --- songer: 不懂回电话
[2016-05-03 18:01:41][debug] openId: ofjwTwVVAIuYV8Gjw80-eEKXIGhQ
[2016-05-03 18:01:41][debug] attach : 宝宝^^5545455^回电话回电话^^545545455^不懂回电话^回电话好的好的呵呵^2016-05-03^不不不还回家^80
[2016-05-03 18:01:41][debug] attach : 宝宝^^5545455^回电话回电话^^545545455^不懂回电话^回电话好的好的呵呵^2016-05-03^不不不还回家^80
[2016-05-03 18:01:42][debug] jsApiParameters: {"appId":"wxc42acc5570910d1d","nonceStr":"07f37so9hq7q7flh00yfw32n2apksg6m","package":"prepay_id=wx20160503180141b2ef5459c70810790857","signType":"MD5","timeStamp":"1462269702","paySign":"1222D5DF118D9FCE40EBBC7B76860E54"}
[2016-05-03 18:01:43][debug] 统一下单......
[2016-05-03 18:01:43][debug] 第[2]次 buyerName: 宝宝 --- buyerSex: 0 --- userSex: 0 --- songer: 不懂回电话
[2016-05-03 18:01:47][debug] 统一下单......
[2016-05-03 18:01:47][debug] 第[3]次 buyerName: 宝宝 --- buyerSex: 0 --- userSex: 0 --- songer: 不懂回电话
[2016-05-03 18:01:48][debug] 统一下单......
[2016-05-03 18:01:48][debug] 第[4]次 buyerName: 宝宝 --- buyerSex:  --- userSex:  --- songer: 不懂回电话
[2016-05-03 18:01:48][debug] openId: ofjwTwVVAIuYV8Gjw80-eEKXIGhQ
[2016-05-03 18:01:48][debug] attach : 宝宝^^5545455^回电话回电话^^545545455^不懂回电话^回电话好的好的呵呵^2016-05-03^不不不还回家^80
[2016-05-03 18:01:48][debug] attach : 宝宝^^5545455^回电话回电话^^545545455^不懂回电话^回电话好的好的呵呵^2016-05-03^不不不还回家^80
[2016-05-03 18:01:48][debug] jsApiParameters: {"appId":"wxc42acc5570910d1d","nonceStr":"ujgipgvbivyhgh4fyyq91s32kpt9dist","package":"prepay_id=wx20160503180148facc1422a30001801007","signType":"MD5","timeStamp":"1462269708","paySign":"46BBAA4894E5F0C44B476145F2E283D7"}
[2016-05-03 18:02:44][debug] 统一下单......
[2016-05-03 18:02:44][debug] 第[5]次 buyerName: 宝宝 --- buyerSex: 0 --- userSex: 0 --- songer: 不懂回电话
[2016-05-03 18:02:45][debug] 统一下单......
[2016-05-03 18:02:45][debug] 第[6]次 buyerName: 宝宝 --- buyerSex:  --- userSex:  --- songer: 不懂回电话
[2016-05-03 18:02:45][debug] openId: ofjwTwVVAIuYV8Gjw80-eEKXIGhQ
[2016-05-03 18:02:45][debug] attach : 宝宝^^5545455^回电话回电话^^545545455^不懂回电话^回电话好的好的呵呵^2016-05-03^不不不还回家八点半下班显摆显摆吧嗒吧嗒多大多大^80
[2016-05-03 18:02:45][debug] attach : 宝宝^^5545455^回电话回电话^^545545455^不懂回电话^回电话好的好的呵呵^2016-05-03^不不不还回家八点半下班显摆显摆吧嗒吧嗒多大多大^80
