[2016-04-07 15:42:16][debug] 统一下单......
[2016-04-07 15:42:16][debug] 第[0]次 buyerName: 张辉 --- buyerSex: 0 --- userSex: 1 --- songer: 小凡自己选
[2016-04-07 15:42:16][debug] 统一下单......
[2016-04-07 15:42:16][debug] 第[1]次 buyerName: 张辉 --- buyerSex:  --- userSex: 1 --- songer: 小凡自己选
[2016-04-07 15:42:16][debug] openId: ofjwTweYfJ0u0QlBpkdv40XYEt4E
[2016-04-07 15:42:22][debug] 统一下单......
[2016-04-07 15:42:22][debug] 第[0]次 buyerName:  --- buyerSex:  --- userSex:  --- songer: 
[2016-04-07 15:42:25][debug] 统一下单......
[2016-04-07 15:42:25][debug] 第[2]次 buyerName: 张辉 --- buyerSex: 0 --- userSex: 1 --- songer: 小凡自己选
[2016-04-07 15:42:26][debug] 统一下单......
[2016-04-07 15:42:26][debug] 第[3]次 buyerName: 张辉 --- buyerSex:  --- userSex: 1 --- songer: 小凡自己选
[2016-04-07 15:42:26][debug] openId: ofjwTweYfJ0u0QlBpkdv40XYEt4E
[2016-04-07 15:42:51][debug] 统一下单......
[2016-04-07 15:42:51][debug] 第[4]次 buyerName: 张辉 --- buyerSex: 0 --- userSex: 1 --- songer: 小凡自己选
[2016-04-07 15:42:51][debug] 统一下单......
[2016-04-07 15:42:51][debug] 第[5]次 buyerName: 张辉 --- buyerSex:  --- userSex: 1 --- songer: 小凡自己选
[2016-04-07 15:42:52][debug] openId: ofjwTweYfJ0u0QlBpkdv40XYEt4E
[2016-04-07 15:44:41][debug] 统一下单......
[2016-04-07 15:44:41][debug] 第[6]次 buyerName: 张辉 --- buyerSex: 0 --- userSex: 1 --- songer: xxxxxxx
[2016-04-07 15:44:42][debug] 统一下单......
[2016-04-07 15:44:42][debug] 第[7]次 buyerName: 张辉 --- buyerSex:  --- userSex: 1 --- songer: xxxxxxx
[2016-04-07 15:44:42][debug] openId: ofjwTweYfJ0u0QlBpkdv40XYEt4E
[2016-04-07 15:44:42][debug] jsApiParameters: {"appId":"wxc42acc5570910d1d","nonceStr":"056ks2acvy4ii2llrht5na73f8ys19eg","package":"prepay_id=wx20160407154442fa393b31980217577344","signType":"MD5","timeStamp":"1460015082","paySign":"36A4C5DB485DDEED955B90312FE7A835"}
[2016-04-07 15:46:15][debug] begin notify
[2016-04-07 15:46:15][debug] call back:{"appid":"wxc42acc5570910d1d","attach":"\u5f20\u8f89^^13612063845^\u9a6c\u5361\u9f99\u5c0f\u51e1^1^13612063845^xxxxxxx^xxxxxx^2016-04-07^\u795d\u4f60\u65e9\u65e5\u5eb7\u590d\uff0c\u522b\u518d\u611f\u5192\u5566\u3002^80","bank_type":"CITIC_DEBIT","cash_fee":"8000","fee_type":"CNY","is_subscribe":"N","mch_id":"1328077701","nonce_str":"hr1uwz2fud822nxrzdjs5yp5bb368i9z","openid":"ofjwTweYfJ0u0QlBpkdv40XYEt4E","out_trade_no":"132807770120160407154442","result_code":"SUCCESS","return_code":"SUCCESS","sign":"25D6EB8E3348FE90AE0A302A96C66B42","time_end":"20160407154614","total_fee":"8000","trade_type":"JSAPI","transaction_id":"4010202001201604074623844704"}
[2016-04-07 15:46:16][debug] query:{"appid":"wxc42acc5570910d1d","attach":"\u5f20\u8f89^^13612063845^\u9a6c\u5361\u9f99\u5c0f\u51e1^1^13612063845^xxxxxxx^xxxxxx^2016-04-07^\u795d\u4f60\u65e9\u65e5\u5eb7\u590d\uff0c\u522b\u518d\u611f\u5192\u5566\u3002^80","bank_type":"CITIC_DEBIT","cash_fee":"8000","fee_type":"CNY","is_subscribe":"N","mch_id":"1328077701","nonce_str":"gJcQhjcmskcwrifZ","openid":"ofjwTweYfJ0u0QlBpkdv40XYEt4E","out_trade_no":"132807770120160407154442","result_code":"SUCCESS","return_code":"SUCCESS","return_msg":"OK","sign":"888464FD5DDA06F010B9B4DF07CC924B","time_end":"20160407154615","total_fee":"8000","trade_state":"SUCCESS","trade_type":"JSAPI","transaction_id":"4010202001201604074623844704"}
[2016-04-07 15:46:16][debug] 连接数据库
[2016-04-07 15:46:16][debug] 订单插入成功！
[2016-04-07 16:31:09][debug] 统一下单......
[2016-04-07 16:31:09][debug] 第[0]次 buyerName: 好⊙▽⊙ --- buyerSex: 1 --- userSex: 1 --- songer: 呵呵
[2016-04-07 16:31:10][debug] 统一下单......
[2016-04-07 16:31:10][debug] 第[1]次 buyerName: 好⊙▽⊙ --- buyerSex: 1 --- userSex: 1 --- songer: 呵呵
[2016-04-07 16:31:10][debug] openId: ofjwTwbbwtDsTE3UquskMI9tmDG4
[2016-04-07 16:31:10][debug] jsApiParameters: {"appId":"wxc42acc5570910d1d","nonceStr":"yr3alywtmz0tw0w4nlgc6bkdl41kfs69","package":"prepay_id=wx20160407163110e7895aa6840273845520","signType":"MD5","timeStamp":"1460017870","paySign":"9D66B997119638AA4E06065E910A6553"}
[2016-04-07 18:32:10][debug] 统一下单......
[2016-04-07 18:32:10][debug] 第[0]次 buyerName: deji --- buyerSex: 1 --- userSex: 1 --- songer: ssayu
[2016-04-07 18:32:11][debug] 统一下单......
[2016-04-07 18:32:11][debug] 第[1]次 buyerName: deji --- buyerSex: 1 --- userSex: 1 --- songer: ssayu
[2016-04-07 18:32:12][debug] openId: ofjwTwbbwtDsTE3UquskMI9tmDG4
[2016-04-07 18:32:12][debug] jsApiParameters: {"appId":"wxc42acc5570910d1d","nonceStr":"08u9qsl45q3z7oo25x25kfqfrlrkl9uy","package":"prepay_id=wx20160407183212e0601130850687812347","signType":"MD5","timeStamp":"1460025132","paySign":"EFF4E0EAE69D36C39D2CD341EF8A68AA"}
