[2016-04-30 00:08:12][debug] 统一下单......
[2016-04-30 00:08:12][debug] 第[0]次 buyerName: 向阳 --- buyerSex: 0 --- userSex: 1 --- songer: 伊能静
[2016-04-30 00:08:29][debug] 统一下单......
[2016-04-30 00:08:29][debug] 第[1]次 buyerName: 向阳 --- buyerSex:  --- userSex: 1 --- songer: 伊能静
[2016-04-30 00:08:29][debug] openId: ofjwTwUBlNsqm8es3zVYQTyt5K3M
[2016-04-30 11:45:40][debug] 统一下单......
[2016-04-30 11:45:40][debug] 第[0]次 buyerName: 向阳 --- buyerSex: 0 --- userSex: 1 --- songer: 伊能静
[2016-04-30 11:46:16][debug] 统一下单......
[2016-04-30 11:46:16][debug] 第[1]次 buyerName: 向阳 --- buyerSex:  --- userSex: 1 --- songer: 伊能静
[2016-04-30 11:46:16][debug] openId: ofjwTwUBlNsqm8es3zVYQTyt5K3M
[2016-04-30 11:48:05][debug] 统一下单......
[2016-04-30 11:48:05][debug] 第[2]次 buyerName: 向阳 --- buyerSex: 0 --- userSex: 1 --- songer: 伊能静
[2016-04-30 11:48:32][debug] 统一下单......
[2016-04-30 11:48:32][debug] 第[3]次 buyerName: 向阳 --- buyerSex:  --- userSex: 1 --- songer: 伊能静
[2016-04-30 11:48:32][debug] openId: ofjwTwUBlNsqm8es3zVYQTyt5K3M
[2016-04-30 16:21:29][debug] 统一下单......
[2016-04-30 16:21:29][debug] 第[0]次 buyerName: 张辉 --- buyerSex: 0 --- userSex: 1 --- songer: 吴奇隆
[2016-04-30 16:21:30][debug] 统一下单......
[2016-04-30 16:21:30][debug] 第[1]次 buyerName: 张辉 --- buyerSex:  --- userSex: 1 --- songer: 吴奇隆
[2016-04-30 16:21:30][debug] openId: ofjwTweYfJ0u0QlBpkdv40XYEt4E
[2016-04-30 16:21:30][debug] 统一下单......
[2016-04-30 16:21:30][debug] 第[2]次 buyerName: 张辉 --- buyerSex:  --- userSex: 1 --- songer: 吴奇隆
[2016-04-30 16:21:30][debug] openId: ofjwTweYfJ0u0QlBpkdv40XYEt4E
[2016-04-30 16:23:49][debug] 统一下单......
[2016-04-30 16:23:49][debug] 第[3]次 buyerName: 张辉 --- buyerSex: 0 --- userSex: 1 --- songer: 吴奇隆
[2016-04-30 16:23:50][debug] 统一下单......
[2016-04-30 16:23:50][debug] 第[4]次 buyerName: 张辉 --- buyerSex:  --- userSex: 1 --- songer: 吴奇隆
[2016-04-30 16:23:50][debug] openId: ofjwTweYfJ0u0QlBpkdv40XYEt4E
[2016-04-30 16:23:50][debug] 统一下单......
[2016-04-30 16:23:50][debug] 第[5]次 buyerName: 张辉 --- buyerSex:  --- userSex: 1 --- songer: 吴奇隆
[2016-04-30 16:23:50][debug] openId: ofjwTweYfJ0u0QlBpkdv40XYEt4E
[2016-04-30 16:28:00][debug] 统一下单......
[2016-04-30 16:28:00][debug] 第[6]次 buyerName: 张辉 --- buyerSex: 0 --- userSex: 1 --- songer: 吴奇隆
[2016-04-30 16:28:01][debug] 统一下单......
[2016-04-30 16:28:01][debug] 第[7]次 buyerName: 张辉 --- buyerSex:  --- userSex: 1 --- songer: 吴奇隆
[2016-04-30 16:28:01][debug] openId: ofjwTweYfJ0u0QlBpkdv40XYEt4E
[2016-04-30 16:28:01][debug] 统一下单......
[2016-04-30 16:28:01][debug] 第[8]次 buyerName: 张辉 --- buyerSex:  --- userSex: 1 --- songer: 吴奇隆
[2016-04-30 16:28:01][debug] openId: ofjwTweYfJ0u0QlBpkdv40XYEt4E
[2016-04-30 16:33:49][debug] 统一下单......
[2016-04-30 16:33:49][debug] 第[9]次 buyerName: 张辉 --- buyerSex: 0 --- userSex: 1 --- songer: 吴奇隆
[2016-04-30 16:33:50][debug] 统一下单......
[2016-04-30 16:33:50][debug] 第[10]次 buyerName: 张辉 --- buyerSex:  --- userSex: 1 --- songer: 吴奇隆
[2016-04-30 16:33:50][debug] openId: ofjwTweYfJ0u0QlBpkdv40XYEt4E
[2016-04-30 16:33:50][debug] 统一下单......
[2016-04-30 16:33:50][debug] 第[11]次 buyerName: 张辉 --- buyerSex:  --- userSex: 1 --- songer: 吴奇隆
[2016-04-30 16:33:51][debug] openId: ofjwTweYfJ0u0QlBpkdv40XYEt4E
[2016-04-30 16:33:59][debug] 统一下单......
[2016-04-30 16:33:59][debug] 第[12]次 buyerName: 张辉 --- buyerSex: 0 --- userSex: 1 --- songer: 吴奇隆
[2016-04-30 16:33:59][debug] 统一下单......
[2016-04-30 16:33:59][debug] 第[13]次 buyerName: 张辉 --- buyerSex:  --- userSex: 1 --- songer: 吴奇隆
[2016-04-30 16:33:59][debug] openId: ofjwTweYfJ0u0QlBpkdv40XYEt4E
[2016-04-30 16:33:59][debug] 统一下单......
[2016-04-30 16:33:59][debug] 第[14]次 buyerName: 张辉 --- buyerSex:  --- userSex: 1 --- songer: 吴奇隆
[2016-04-30 16:34:00][debug] openId: ofjwTweYfJ0u0QlBpkdv40XYEt4E
[2016-04-30 16:34:42][debug] 统一下单......
[2016-04-30 16:34:42][debug] 第[15]次 buyerName: 张辉 --- buyerSex: 0 --- userSex: 1 --- songer: 吴奇隆
[2016-04-30 16:34:43][debug] 统一下单......
[2016-04-30 16:34:43][debug] 第[16]次 buyerName: 张辉 --- buyerSex:  --- userSex: 1 --- songer: 吴奇隆
[2016-04-30 16:34:43][debug] openId: ofjwTweYfJ0u0QlBpkdv40XYEt4E
[2016-04-30 16:34:49][debug] 统一下单......
[2016-04-30 16:34:49][debug] 第[17]次 buyerName: 张辉 --- buyerSex: 0 --- userSex: 1 --- songer: 吴奇隆
[2016-04-30 16:34:50][debug] 统一下单......
[2016-04-30 16:34:50][debug] 第[18]次 buyerName: 张辉 --- buyerSex:  --- userSex: 1 --- songer: 吴奇隆
[2016-04-30 16:34:50][debug] openId: ofjwTweYfJ0u0QlBpkdv40XYEt4E
[2016-04-30 16:34:50][debug] 统一下单......
[2016-04-30 16:34:50][debug] 第[19]次 buyerName: 张辉 --- buyerSex:  --- userSex: 1 --- songer: 吴奇隆
[2016-04-30 16:34:50][debug] openId: ofjwTweYfJ0u0QlBpkdv40XYEt4E
[2016-04-30 16:35:04][debug] 统一下单......
[2016-04-30 16:35:04][debug] 第[20]次 buyerName: 张辉 --- buyerSex: 0 --- userSex: 1 --- songer: 吴奇隆
[2016-04-30 16:35:04][debug] 统一下单......
[2016-04-30 16:35:04][debug] 第[21]次 buyerName: 张辉 --- buyerSex:  --- userSex: 1 --- songer: 吴奇隆
[2016-04-30 16:35:04][debug] openId: ofjwTweYfJ0u0QlBpkdv40XYEt4E
[2016-04-30 16:35:09][debug] 统一下单......
[2016-04-30 16:35:09][debug] 第[22]次 buyerName: 张辉 --- buyerSex: 0 --- userSex: 1 --- songer: 吴奇隆
[2016-04-30 16:35:10][debug] 统一下单......
[2016-04-30 16:35:10][debug] 第[23]次 buyerName: 张辉 --- buyerSex:  --- userSex: 1 --- songer: 吴奇隆
[2016-04-30 16:35:10][debug] openId: ofjwTweYfJ0u0QlBpkdv40XYEt4E
[2016-04-30 16:36:24][debug] 统一下单......
[2016-04-30 16:36:24][debug] 第[24]次 buyerName: 张辉 --- buyerSex: 0 --- userSex: 1 --- songer: 吴奇隆
[2016-04-30 16:36:25][debug] 统一下单......
[2016-04-30 16:36:25][debug] 第[25]次 buyerName: 张辉 --- buyerSex:  --- userSex: 1 --- songer: 吴奇隆
[2016-04-30 16:36:25][debug] openId: ofjwTweYfJ0u0QlBpkdv40XYEt4E
[2016-04-30 16:36:33][debug] 统一下单......
[2016-04-30 16:36:33][debug] 第[26]次 buyerName: 张辉 --- buyerSex: 0 --- userSex: 1 --- songer: 吴奇隆
[2016-04-30 16:36:34][debug] 统一下单......
[2016-04-30 16:36:34][debug] 第[27]次 buyerName: 张辉 --- buyerSex:  --- userSex: 1 --- songer: 吴奇隆
[2016-04-30 16:36:34][debug] openId: ofjwTweYfJ0u0QlBpkdv40XYEt4E
[2016-04-30 16:36:41][debug] 统一下单......
[2016-04-30 16:36:41][debug] 第[28]次 buyerName: 张辉 --- buyerSex: 0 --- userSex: 1 --- songer: 吴奇隆
[2016-04-30 16:36:41][debug] 统一下单......
[2016-04-30 16:36:41][debug] 第[29]次 buyerName: 张辉 --- buyerSex:  --- userSex: 1 --- songer: 吴奇隆
[2016-04-30 16:36:41][debug] openId: ofjwTweYfJ0u0QlBpkdv40XYEt4E
[2016-04-30 16:36:46][debug] 统一下单......
[2016-04-30 16:36:46][debug] 第[30]次 buyerName: 张辉 --- buyerSex: 0 --- userSex: 1 --- songer: 吴奇隆
[2016-04-30 16:36:47][debug] 统一下单......
[2016-04-30 16:36:47][debug] 第[31]次 buyerName: 张辉 --- buyerSex:  --- userSex: 1 --- songer: 吴奇隆
[2016-04-30 16:36:47][debug] openId: ofjwTweYfJ0u0QlBpkdv40XYEt4E
[2016-04-30 16:36:58][debug] 统一下单......
[2016-04-30 16:36:58][debug] 第[32]次 buyerName: 张辉 --- buyerSex: 0 --- userSex: 1 --- songer: 吴奇隆
[2016-04-30 16:36:58][debug] 统一下单......
[2016-04-30 16:36:58][debug] 第[33]次 buyerName: 张辉 --- buyerSex:  --- userSex: 1 --- songer: 吴奇隆
[2016-04-30 16:36:58][debug] openId: ofjwTweYfJ0u0QlBpkdv40XYEt4E
[2016-04-30 16:37:00][debug] 统一下单......
[2016-04-30 16:37:00][debug] 第[0]次 buyerName: 向阳 --- buyerSex: 0 --- userSex: 1 --- songer: 伊能静
[2016-04-30 16:37:01][debug] 统一下单......
[2016-04-30 16:37:01][debug] 第[1]次 buyerName: 向阳 --- buyerSex:  --- userSex: 1 --- songer: 伊能静
[2016-04-30 16:37:01][debug] openId: ofjwTwUBlNsqm8es3zVYQTyt5K3M
[2016-04-30 16:37:04][debug] 统一下单......
[2016-04-30 16:37:04][debug] 第[34]次 buyerName: 张辉 --- buyerSex: 0 --- userSex: 1 --- songer: 吴奇隆
[2016-04-30 16:37:05][debug] 统一下单......
[2016-04-30 16:37:05][debug] 第[35]次 buyerName: 张辉 --- buyerSex:  --- userSex: 1 --- songer: 吴奇隆
[2016-04-30 16:37:05][debug] openId: ofjwTweYfJ0u0QlBpkdv40XYEt4E
[2016-04-30 16:37:05][debug] 统一下单......
[2016-04-30 16:37:05][debug] 第[36]次 buyerName: 张辉 --- buyerSex:  --- userSex: 1 --- songer: 吴奇隆
[2016-04-30 16:37:05][debug] openId: ofjwTweYfJ0u0QlBpkdv40XYEt4E
[2016-04-30 16:37:10][debug] 统一下单......
[2016-04-30 16:37:10][debug] 第[37]次 buyerName: 张辉 --- buyerSex: 0 --- userSex: 1 --- songer: 吴奇隆
[2016-04-30 16:37:11][debug] 统一下单......
[2016-04-30 16:37:11][debug] 第[38]次 buyerName: 张辉 --- buyerSex:  --- userSex: 1 --- songer: 吴奇隆
[2016-04-30 16:37:11][debug] openId: ofjwTweYfJ0u0QlBpkdv40XYEt4E
[2016-04-30 16:37:16][debug] 统一下单......
[2016-04-30 16:37:16][debug] 第[39]次 buyerName: 张辉 --- buyerSex: 0 --- userSex: 1 --- songer: 吴奇隆
[2016-04-30 16:37:16][debug] 统一下单......
[2016-04-30 16:37:16][debug] 第[40]次 buyerName: 张辉 --- buyerSex:  --- userSex: 1 --- songer: 吴奇隆
[2016-04-30 16:37:16][debug] openId: ofjwTweYfJ0u0QlBpkdv40XYEt4E
[2016-04-30 16:37:24][debug] 统一下单......
[2016-04-30 16:37:24][debug] 第[41]次 buyerName: 张辉 --- buyerSex: 0 --- userSex: 1 --- songer: 吴奇隆
[2016-04-30 16:37:24][debug] 统一下单......
[2016-04-30 16:37:24][debug] 第[42]次 buyerName: 张辉 --- buyerSex:  --- userSex: 1 --- songer: 吴奇隆
[2016-04-30 16:37:24][debug] openId: ofjwTweYfJ0u0QlBpkdv40XYEt4E
[2016-04-30 16:39:08][debug] 统一下单......
[2016-04-30 16:39:08][debug] 第[43]次 buyerName: 张辉 --- buyerSex: 0 --- userSex: 1 --- songer: 吴奇隆
[2016-04-30 16:39:08][debug] 统一下单......
[2016-04-30 16:39:08][debug] 第[44]次 buyerName: 张辉 --- buyerSex:  --- userSex: 1 --- songer: 吴奇隆
[2016-04-30 16:39:08][debug] openId: ofjwTweYfJ0u0QlBpkdv40XYEt4E
[2016-04-30 16:39:22][debug] 统一下单......
[2016-04-30 16:39:22][debug] 第[45]次 buyerName: 张辉 --- buyerSex: 0 --- userSex: 1 --- songer: 吴奇隆
[2016-04-30 16:39:22][debug] 统一下单......
[2016-04-30 16:39:22][debug] 第[46]次 buyerName: 张辉 --- buyerSex:  --- userSex: 1 --- songer: 吴奇隆
[2016-04-30 16:39:22][debug] openId: ofjwTweYfJ0u0QlBpkdv40XYEt4E
[2016-04-30 16:39:27][debug] 统一下单......
[2016-04-30 16:39:27][debug] 第[47]次 buyerName: 张辉 --- buyerSex: 0 --- userSex: 1 --- songer: 吴奇隆
[2016-04-30 16:39:27][debug] 统一下单......
[2016-04-30 16:39:27][debug] 第[48]次 buyerName: 张辉 --- buyerSex:  --- userSex: 1 --- songer: 吴奇隆
[2016-04-30 16:39:28][debug] openId: ofjwTweYfJ0u0QlBpkdv40XYEt4E
[2016-04-30 16:39:32][debug] 统一下单......
[2016-04-30 16:39:32][debug] 第[49]次 buyerName: 张辉 --- buyerSex: 0 --- userSex: 1 --- songer: 吴奇隆
[2016-04-30 16:39:33][debug] 统一下单......
[2016-04-30 16:39:33][debug] 第[50]次 buyerName: 张辉 --- buyerSex:  --- userSex: 1 --- songer: 吴奇隆
[2016-04-30 16:39:33][debug] openId: ofjwTweYfJ0u0QlBpkdv40XYEt4E
[2016-04-30 16:39:46][debug] 统一下单......
[2016-04-30 16:39:46][debug] 第[51]次 buyerName: 张辉 --- buyerSex: 0 --- userSex: 1 --- songer: 吴奇隆
[2016-04-30 16:39:46][debug] 统一下单......
[2016-04-30 16:39:46][debug] 第[52]次 buyerName: 张辉 --- buyerSex:  --- userSex: 1 --- songer: 吴奇隆
[2016-04-30 16:39:47][debug] openId: ofjwTweYfJ0u0QlBpkdv40XYEt4E
[2016-04-30 16:39:53][debug] 统一下单......
[2016-04-30 16:39:53][debug] 第[53]次 buyerName: 张辉 --- buyerSex: 0 --- userSex: 1 --- songer: 吴奇隆
[2016-04-30 16:39:53][debug] 统一下单......
[2016-04-30 16:39:53][debug] 第[54]次 buyerName: 张辉 --- buyerSex:  --- userSex: 1 --- songer: 吴奇隆
[2016-04-30 16:39:53][debug] openId: ofjwTweYfJ0u0QlBpkdv40XYEt4E
[2016-04-30 16:40:19][debug] 统一下单......
[2016-04-30 16:40:19][debug] 第[55]次 buyerName: 张辉 --- buyerSex: 0 --- userSex: 1 --- songer: 吴奇隆
[2016-04-30 16:40:20][debug] 统一下单......
[2016-04-30 16:40:20][debug] 第[56]次 buyerName: 张辉 --- buyerSex:  --- userSex: 1 --- songer: 吴奇隆
[2016-04-30 16:40:20][debug] openId: ofjwTweYfJ0u0QlBpkdv40XYEt4E
[2016-04-30 16:40:25][debug] 统一下单......
[2016-04-30 16:40:25][debug] 第[57]次 buyerName: 张辉 --- buyerSex: 0 --- userSex: 1 --- songer: 吴奇隆
[2016-04-30 16:40:25][debug] 统一下单......
[2016-04-30 16:40:25][debug] 第[58]次 buyerName: 张辉 --- buyerSex:  --- userSex: 1 --- songer: 吴奇隆
[2016-04-30 16:40:25][debug] openId: ofjwTweYfJ0u0QlBpkdv40XYEt4E
[2016-04-30 16:40:38][debug] 统一下单......
[2016-04-30 16:40:38][debug] 第[59]次 buyerName: 张辉 --- buyerSex: 0 --- userSex: 1 --- songer: 吴奇隆
[2016-04-30 16:40:38][debug] 统一下单......
[2016-04-30 16:40:38][debug] 第[60]次 buyerName: 张辉 --- buyerSex:  --- userSex: 1 --- songer: 吴奇隆
[2016-04-30 16:40:38][debug] openId: ofjwTweYfJ0u0QlBpkdv40XYEt4E
[2016-04-30 16:40:44][debug] 统一下单......
[2016-04-30 16:40:44][debug] 第[61]次 buyerName: 张辉 --- buyerSex: 0 --- userSex: 1 --- songer: 吴奇隆
[2016-04-30 16:40:44][debug] 统一下单......
[2016-04-30 16:40:44][debug] 第[62]次 buyerName: 张辉 --- buyerSex:  --- userSex: 1 --- songer: 吴奇隆
[2016-04-30 16:40:45][debug] openId: ofjwTweYfJ0u0QlBpkdv40XYEt4E
[2016-04-30 16:40:45][debug] 统一下单......
[2016-04-30 16:40:45][debug] 第[63]次 buyerName: 张辉 --- buyerSex:  --- userSex: 1 --- songer: 吴奇隆
[2016-04-30 16:40:45][debug] openId: ofjwTweYfJ0u0QlBpkdv40XYEt4E
[2016-04-30 16:41:43][debug] 统一下单......
[2016-04-30 16:41:43][debug] 第[64]次 buyerName: 张辉 --- buyerSex: 0 --- userSex: 1 --- songer: 吴奇隆
[2016-04-30 16:41:44][debug] 统一下单......
[2016-04-30 16:41:44][debug] 第[65]次 buyerName: 张辉 --- buyerSex:  --- userSex: 1 --- songer: 吴奇隆
[2016-04-30 16:41:44][debug] openId: ofjwTweYfJ0u0QlBpkdv40XYEt4E
[2016-04-30 16:41:54][debug] 统一下单......
[2016-04-30 16:41:54][debug] 第[66]次 buyerName: 张辉 --- buyerSex: 0 --- userSex: 1 --- songer: 吴奇隆
[2016-04-30 16:41:55][debug] 统一下单......
[2016-04-30 16:41:55][debug] 第[67]次 buyerName: 张辉 --- buyerSex:  --- userSex: 1 --- songer: 吴奇隆
[2016-04-30 16:41:55][debug] openId: ofjwTweYfJ0u0QlBpkdv40XYEt4E
[2016-04-30 16:41:55][debug] 统一下单......
[2016-04-30 16:41:55][debug] 第[68]次 buyerName: 张辉 --- buyerSex:  --- userSex: 1 --- songer: 吴奇隆
[2016-04-30 16:41:56][debug] openId: ofjwTweYfJ0u0QlBpkdv40XYEt4E
[2016-04-30 16:43:23][debug] 统一下单......
[2016-04-30 16:43:23][debug] 第[69]次 buyerName: 张辉 --- buyerSex: 0 --- userSex: 1 --- songer: 吴奇隆
[2016-04-30 16:43:23][debug] 统一下单......
[2016-04-30 16:43:23][debug] 第[70]次 buyerName: 张辉 --- buyerSex:  --- userSex: 1 --- songer: 吴奇隆
[2016-04-30 16:43:24][debug] openId: ofjwTweYfJ0u0QlBpkdv40XYEt4E
[2016-04-30 16:43:44][debug] 统一下单......
[2016-04-30 16:43:44][debug] 第[71]次 buyerName: 张辉 --- buyerSex: 0 --- userSex: 1 --- songer: 吴奇隆
[2016-04-30 16:43:45][debug] 统一下单......
[2016-04-30 16:43:45][debug] 第[72]次 buyerName: 张辉 --- buyerSex:  --- userSex: 1 --- songer: 吴奇隆
[2016-04-30 16:43:45][debug] openId: ofjwTweYfJ0u0QlBpkdv40XYEt4E
[2016-04-30 16:43:50][debug] 统一下单......
[2016-04-30 16:43:50][debug] 第[73]次 buyerName: 张辉 --- buyerSex: 0 --- userSex: 1 --- songer: 吴奇隆
[2016-04-30 16:43:50][debug] 统一下单......
[2016-04-30 16:43:50][debug] 第[74]次 buyerName: 张辉 --- buyerSex:  --- userSex: 1 --- songer: 吴奇隆
[2016-04-30 16:43:50][debug] openId: ofjwTweYfJ0u0QlBpkdv40XYEt4E
[2016-04-30 16:43:57][debug] 统一下单......
[2016-04-30 16:43:57][debug] 第[75]次 buyerName: 张辉 --- buyerSex: 0 --- userSex: 1 --- songer: 吴奇隆
[2016-04-30 16:43:57][debug] 统一下单......
[2016-04-30 16:43:57][debug] 第[76]次 buyerName: 张辉 --- buyerSex:  --- userSex: 1 --- songer: 吴奇隆
[2016-04-30 16:43:57][debug] openId: ofjwTweYfJ0u0QlBpkdv40XYEt4E
[2016-04-30 16:44:02][debug] 统一下单......
[2016-04-30 16:44:02][debug] 第[77]次 buyerName: 张辉 --- buyerSex: 0 --- userSex: 1 --- songer: 吴奇隆
[2016-04-30 16:44:02][debug] 统一下单......
[2016-04-30 16:44:02][debug] 第[78]次 buyerName: 张辉 --- buyerSex:  --- userSex: 1 --- songer: 吴奇隆
[2016-04-30 16:44:03][debug] openId: ofjwTweYfJ0u0QlBpkdv40XYEt4E
[2016-04-30 16:48:05][debug] 统一下单......
[2016-04-30 16:48:05][debug] 第[0]次 buyerName: 张辉 --- buyerSex: 0 --- userSex: 1 --- songer: 吴奇隆
[2016-04-30 16:48:05][debug] 统一下单......
[2016-04-30 16:48:05][debug] 第[1]次 buyerName: 张辉 --- buyerSex:  --- userSex: 1 --- songer: 吴奇隆
[2016-04-30 16:48:05][debug] openId: ofjwTweYfJ0u0QlBpkdv40XYEt4E
[2016-04-30 16:48:06][debug] jsApiParameters: {"appId":"wxc42acc5570910d1d","nonceStr":"9k0e9obp5gfx077r1mik2wyn88zu1g97","package":"prepay_id=wx2016043016480668bfad15ce0975606768","signType":"MD5","timeStamp":"1462006086","paySign":"4D08397614C4199B3F7A1C68C297B4FC"}
[2016-04-30 16:50:03][debug] begin notify
[2016-04-30 16:50:03][debug] call back:{"appid":"wxc42acc5570910d1d","attach":"\u5f20\u8f89^^13612063845^\u5973\u4e3b\u64ad\uff0c\u7231\u838e^1^13612063845^\u5434\u5947\u9686^\u795d\u4f60\u4e00\u8def\u987a\u98ce^2016-04-30^^80","bank_type":"CITIC_DEBIT","cash_fee":"8000","fee_type":"CNY","is_subscribe":"Y","mch_id":"1328077701","nonce_str":"0quc1fx8evpa7fsjo40xcmrvjosbsel8","openid":"ofjwTweYfJ0u0QlBpkdv40XYEt4E","out_trade_no":"132807770120160430164805","result_code":"SUCCESS","return_code":"SUCCESS","sign":"3EBD2EF4A23D9ECCFB10BC380D31CD42","time_end":"20160430165002","total_fee":"8000","trade_type":"JSAPI","transaction_id":"4010202001201604305376518768"}
[2016-04-30 16:50:03][debug] query:{"appid":"wxc42acc5570910d1d","attach":"\u5f20\u8f89^^13612063845^\u5973\u4e3b\u64ad\uff0c\u7231\u838e^1^13612063845^\u5434\u5947\u9686^\u795d\u4f60\u4e00\u8def\u987a\u98ce^2016-04-30^^80","bank_type":"CITIC_DEBIT","cash_fee":"8000","fee_type":"CNY","is_subscribe":"Y","mch_id":"1328077701","nonce_str":"73Q3FeAclYjv18My","openid":"ofjwTweYfJ0u0QlBpkdv40XYEt4E","out_trade_no":"132807770120160430164805","result_code":"SUCCESS","return_code":"SUCCESS","return_msg":"OK","sign":"82999F37CDAA69A79D03BA65FBF1CD0F","time_end":"20160430165002","total_fee":"8000","trade_state":"SUCCESS","trade_type":"JSAPI","transaction_id":"4010202001201604305376518768"}
[2016-04-30 16:50:03][debug] 连接数据库
[2016-04-30 16:50:03][debug] 订单插入成功！
[2016-04-30 17:24:10][debug] 统一下单......
[2016-04-30 17:24:10][debug] 第[0]次 buyerName: 黄涛 --- buyerSex: 0 --- userSex: 1 --- songer: 黄涛
[2016-04-30 17:24:10][debug] 统一下单......
[2016-04-30 17:24:10][debug] 第[1]次 buyerName: 黄涛 --- buyerSex:  --- userSex: 1 --- songer: 黄涛
[2016-04-30 17:24:10][debug] openId: ofjwTwVVAIuYV8Gjw80-eEKXIGhQ
[2016-04-30 17:24:11][debug] jsApiParameters: {"appId":"wxc42acc5570910d1d","nonceStr":"w0izzo881z73zy51bvf75ol7bqdr0uz0","package":"prepay_id=wx20160430172411fc8f934e2d0159914809","signType":"MD5","timeStamp":"1462008251","paySign":"31A780008D7949FBF86D85F135AE4B2A"}
[2016-04-30 20:16:52][debug] 统一下单......
[2016-04-30 20:16:52][debug] 第[0]次 buyerName: 方法 --- buyerSex: 0 --- userSex: 0 --- songer: 烦烦烦
[2016-04-30 20:16:53][debug] 统一下单......
[2016-04-30 20:16:53][debug] 第[1]次 buyerName: 方法 --- buyerSex:  --- userSex:  --- songer: 烦烦烦
[2016-04-30 20:16:53][debug] openId: ofjwTwVVAIuYV8Gjw80-eEKXIGhQ
[2016-04-30 20:16:53][debug] jsApiParameters: {"appId":"wxc42acc5570910d1d","nonceStr":"e6swvhp5dh2nn3m4qx8cxu0twdmbj4fr","package":"prepay_id=wx201604302016535b9ba0e64e0900272339","signType":"MD5","timeStamp":"1462018613","paySign":"591D3355CFAA42D9232B611D4E303B71"}
[2016-04-30 20:16:54][debug] 统一下单......
[2016-04-30 20:16:54][debug] 第[0]次 buyerName:  --- buyerSex:  --- userSex:  --- songer: 
[2016-04-30 23:07:50][debug] 统一下单......
[2016-04-30 23:07:50][debug] 第[0]次 buyerName: 周正勇 --- buyerSex: 0 --- userSex: 1 --- songer: 火风
[2016-04-30 23:07:51][debug] 统一下单......
[2016-04-30 23:07:51][debug] 第[1]次 buyerName: 周正勇 --- buyerSex:  --- userSex: 1 --- songer: 火风
[2016-04-30 23:07:51][debug] openId: ofjwTwWMryogoC5fL64W5UfKBknk
[2016-04-30 23:07:51][debug] jsApiParameters: {"appId":"wxc42acc5570910d1d","nonceStr":"4g5yp255t5xzddwtan9eninwlrvrsb5s","package":"prepay_id=wx20160430230751785488580f0539279889","signType":"MD5","timeStamp":"1462028871","paySign":"05E0C85E405A6A36934C17872752306F"}
