[2016-05-01 10:27:45][debug] 统一下单......
[2016-05-01 10:27:45][debug] 第[0]次 buyerName: 代胜凯 --- buyerSex: 0 --- userSex: 1 --- songer: 职位
[2016-05-01 10:27:46][debug] 统一下单......
[2016-05-01 10:27:46][debug] 第[1]次 buyerName: 代胜凯 --- buyerSex:  --- userSex: 1 --- songer: 职位
[2016-05-01 10:27:46][debug] openId: ofjwTwfzJRCJFljYUWE5aV6a4woQ
[2016-05-01 10:27:46][debug] jsApiParameters: {"appId":"wxc42acc5570910d1d","nonceStr":"if76gwujac0cwl4dshwzgbrnjyilqh69","package":"prepay_id=wx20160501102746f48385e56f0173276130","signType":"MD5","timeStamp":"1462069666","paySign":"027F471B1941918ED4C58E510FBA4B25"}
[2016-05-01 10:27:46][debug] 统一下单......
[2016-05-01 10:27:46][debug] 第[2]次 buyerName: 代胜凯 --- buyerSex:  --- userSex: 1 --- songer: 职位
[2016-05-01 10:27:46][debug] openId: ofjwTwfzJRCJFljYUWE5aV6a4woQ
[2016-05-01 10:27:47][debug] jsApiParameters: {"appId":"wxc42acc5570910d1d","nonceStr":"t74omrf5moxv3gtwnq5o86710z0uvmuj","package":"prepay_id=wx201605011027474b832963060069594493","signType":"MD5","timeStamp":"1462069667","paySign":"2BAFC9208A4E0B19D332866C31333D87"}
[2016-05-01 10:29:17][debug] 统一下单......
[2016-05-01 10:29:17][debug] 第[3]次 buyerName: 家里 --- buyerSex: 0 --- userSex: 1 --- songer: 卡罗拉
[2016-05-01 10:29:18][debug] 统一下单......
[2016-05-01 10:29:18][debug] 第[4]次 buyerName: 家里 --- buyerSex:  --- userSex: 1 --- songer: 卡罗拉
[2016-05-01 10:29:18][debug] openId: ofjwTwfzJRCJFljYUWE5aV6a4woQ
[2016-05-01 10:29:18][debug] jsApiParameters: {"appId":"wxc42acc5570910d1d","nonceStr":"j62uxzutmgepc954smcqr02zxkv1g3ze","package":"prepay_id=wx20160501102918a479cb3c0f0131664830","signType":"MD5","timeStamp":"1462069758","paySign":"1DD613E2DCF61CBA5A2F740C397FB781"}
[2016-05-01 10:29:23][debug] 统一下单......
[2016-05-01 10:29:23][debug] 第[5]次 buyerName: 家里 --- buyerSex: 0 --- userSex: 1 --- songer: 卡罗拉
[2016-05-01 10:29:23][debug] 统一下单......
[2016-05-01 10:29:23][debug] 第[6]次 buyerName: 家里 --- buyerSex:  --- userSex: 1 --- songer: 卡罗拉
[2016-05-01 10:29:24][debug] openId: ofjwTwfzJRCJFljYUWE5aV6a4woQ
[2016-05-01 10:29:24][debug] jsApiParameters: {"appId":"wxc42acc5570910d1d","nonceStr":"3ly50xv4qrbst1u3gnz1qholi37go6gi","package":"prepay_id=wx2016050110292464b0bb2d560105454135","signType":"MD5","timeStamp":"1462069764","paySign":"C2970CE5115ED559A2CCF3966B15B10F"}
[2016-05-01 12:58:40][debug] 统一下单......
[2016-05-01 12:58:40][debug] 第[0]次 buyerName: 家里 --- buyerSex: 0 --- userSex: 0 --- songer: 家里
[2016-05-01 18:17:02][debug] 统一下单......
[2016-05-01 18:17:02][debug] 第[0]次 buyerName:  --- buyerSex:  --- userSex:  --- songer: 
[2016-05-01 18:17:03][debug] 统一下单......
[2016-05-01 18:17:03][debug] 第[1]次 buyerName:  --- buyerSex:  --- userSex:  --- songer: 
[2016-05-01 18:17:03][debug] openId: ofjwTwTkdWzsFdMguDWrw6wfPIIs
[2016-05-01 18:17:03][debug] jsApiParameters: {"appId":"wxc42acc5570910d1d","nonceStr":"tm4t81kppud30paktvz1xce1zgrq4rl0","package":"prepay_id=wx2016050118170324e5e814110342212292","signType":"MD5","timeStamp":"1462097823","paySign":"25C3CB5AE1E71C3E532DE54F06B7A186"}
