[2016-04-20 00:24:26][debug] 统一下单......
[2016-04-20 00:24:26][debug] 第[0]次 buyerName: 婷爷 --- buyerSex: 0 --- userSex: 1 --- songer: 陈奕迅
[2016-04-20 00:24:26][debug] 统一下单......
[2016-04-20 00:24:26][debug] 第[1]次 buyerName: 婷爷 --- buyerSex:  --- userSex: 1 --- songer: 陈奕迅
[2016-04-20 00:24:26][debug] openId: ofjwTwYEJ2ezr3LFciEGj7M16mQ4
[2016-04-20 00:24:26][debug] jsApiParameters: {"appId":"wxc42acc5570910d1d","nonceStr":"jl1li6gb923iy7etg62do7uvcpdvag5u","package":"prepay_id=wx20160420002426256bb2d6ee0823198419","signType":"MD5","timeStamp":"1461083066","paySign":"7139EB7447ABDDECDEE197F0603729A0"}
[2016-04-20 00:24:37][debug] begin notify
[2016-04-20 00:24:37][debug] call back:{"appid":"wxc42acc5570910d1d","attach":"\u5a77\u7237^^18771137567^\u4e8c\u54c8^1^15071493575^\u9648\u5955\u8fc5^\u7ea2\u73ab\u7470^2016-04-20^\u54c8\u54c8^0.01","bank_type":"CFT","cash_fee":"1","fee_type":"CNY","is_subscribe":"N","mch_id":"1328077701","nonce_str":"09hykq16tsbebkoh7pojljwolmhpmvtn","openid":"ofjwTwYEJ2ezr3LFciEGj7M16mQ4","out_trade_no":"132807770120160420002426","result_code":"SUCCESS","return_code":"SUCCESS","sign":"75F6B376D2C4E846663FC6A67BE86E86","time_end":"20160420002437","total_fee":"1","trade_type":"JSAPI","transaction_id":"4007752001201604205010342185"}
[2016-04-20 00:24:38][debug] query:{"appid":"wxc42acc5570910d1d","attach":"\u5a77\u7237^^18771137567^\u4e8c\u54c8^1^15071493575^\u9648\u5955\u8fc5^\u7ea2\u73ab\u7470^2016-04-20^\u54c8\u54c8^0.01","bank_type":"CFT","cash_fee":"1","fee_type":"CNY","is_subscribe":"N","mch_id":"1328077701","nonce_str":"0EmHKflrLGI2pDDm","openid":"ofjwTwYEJ2ezr3LFciEGj7M16mQ4","out_trade_no":"132807770120160420002426","result_code":"SUCCESS","return_code":"SUCCESS","return_msg":"OK","sign":"A101ABC5F5EC4D4A747F5004B1CE89D0","time_end":"20160420002437","total_fee":"1","trade_state":"SUCCESS","trade_type":"JSAPI","transaction_id":"4007752001201604205010342185"}
[2016-04-20 00:24:38][debug] 连接数据库
[2016-04-20 00:24:38][debug] 订单插入成功！
[2016-04-20 06:53:57][debug] 统一下单......
[2016-04-20 06:53:57][debug] 第[52]次 buyerName: 电波 --- buyerSex: 0 --- userSex: 1 --- songer: 顺子
[2016-04-20 06:53:58][debug] 统一下单......
[2016-04-20 06:53:58][debug] 第[53]次 buyerName: 电波 --- buyerSex:  --- userSex: 1 --- songer: 顺子
[2016-04-20 06:53:58][debug] openId: ofjwTwV8ZoKrZ1jMIiNHzi_uJynY
[2016-04-20 07:16:29][debug] 统一下单......
[2016-04-20 07:16:29][debug] 第[54]次 buyerName: 电波 --- buyerSex: 0 --- userSex: 1 --- songer: 顺子
[2016-04-20 07:16:29][debug] 统一下单......
[2016-04-20 07:16:29][debug] 第[55]次 buyerName: 电波 --- buyerSex:  --- userSex: 1 --- songer: 顺子
[2016-04-20 07:16:30][debug] openId: ofjwTwV8ZoKrZ1jMIiNHzi_uJynY
[2016-04-20 07:16:57][debug] 统一下单......
[2016-04-20 07:16:57][debug] 第[56]次 buyerName: 电波 --- buyerSex: 0 --- userSex: 1 --- songer: 顺子
[2016-04-20 07:16:57][debug] 统一下单......
[2016-04-20 07:16:57][debug] 第[57]次 buyerName: 电波 --- buyerSex:  --- userSex: 1 --- songer: 顺子
[2016-04-20 07:16:58][debug] openId: ofjwTwV8ZoKrZ1jMIiNHzi_uJynY
[2016-04-20 07:17:11][debug] 统一下单......
[2016-04-20 07:17:11][debug] 第[58]次 buyerName: 电波 --- buyerSex: 0 --- userSex: 1 --- songer: 顺子
[2016-04-20 07:17:11][debug] 统一下单......
[2016-04-20 07:17:11][debug] 第[59]次 buyerName: 电波 --- buyerSex:  --- userSex: 1 --- songer: 顺子
[2016-04-20 07:17:12][debug] openId: ofjwTwV8ZoKrZ1jMIiNHzi_uJynY
[2016-04-20 07:17:17][debug] 统一下单......
[2016-04-20 07:17:17][debug] 第[60]次 buyerName: 电波 --- buyerSex: 0 --- userSex: 1 --- songer: 顺子
[2016-04-20 07:17:17][debug] 统一下单......
[2016-04-20 07:17:17][debug] 第[61]次 buyerName: 电波 --- buyerSex:  --- userSex: 1 --- songer: 顺子
[2016-04-20 07:17:17][debug] openId: ofjwTwV8ZoKrZ1jMIiNHzi_uJynY
[2016-04-20 07:17:22][debug] 统一下单......
[2016-04-20 07:17:22][debug] 第[62]次 buyerName: 电波 --- buyerSex: 0 --- userSex: 1 --- songer: 顺子
[2016-04-20 07:17:23][debug] 统一下单......
[2016-04-20 07:17:23][debug] 第[63]次 buyerName: 电波 --- buyerSex:  --- userSex: 1 --- songer: 顺子
[2016-04-20 07:17:23][debug] openId: ofjwTwV8ZoKrZ1jMIiNHzi_uJynY
[2016-04-20 09:24:10][debug] 统一下单......
[2016-04-20 09:24:10][debug] 第[0]次 buyerName: 电波 --- buyerSex: 0 --- userSex: 1 --- songer: 顺子
[2016-04-20 09:24:11][debug] 统一下单......
[2016-04-20 09:24:11][debug] 第[1]次 buyerName: 电波 --- buyerSex:  --- userSex: 1 --- songer: 顺子
[2016-04-20 09:24:11][debug] openId: ofjwTwV8ZoKrZ1jMIiNHzi_uJynY
[2016-04-20 09:28:14][debug] 统一下单......
[2016-04-20 09:28:14][debug] 第[2]次 buyerName: 电波 --- buyerSex: 0 --- userSex: 1 --- songer: 顺子
[2016-04-20 09:28:14][debug] 统一下单......
[2016-04-20 09:28:14][debug] 第[3]次 buyerName: 电波 --- buyerSex:  --- userSex: 1 --- songer: 顺子
[2016-04-20 09:28:15][debug] openId: ofjwTwV8ZoKrZ1jMIiNHzi_uJynY
[2016-04-20 09:28:27][debug] 统一下单......
[2016-04-20 09:28:27][debug] 第[4]次 buyerName: 电波 --- buyerSex: 0 --- userSex: 1 --- songer: 顺子
[2016-04-20 09:28:28][debug] 统一下单......
[2016-04-20 09:28:28][debug] 第[5]次 buyerName: 电波 --- buyerSex:  --- userSex: 1 --- songer: 顺子
[2016-04-20 09:28:28][debug] openId: ofjwTwV8ZoKrZ1jMIiNHzi_uJynY
[2016-04-20 09:28:38][debug] 统一下单......
[2016-04-20 09:28:38][debug] 第[6]次 buyerName: 电波 --- buyerSex:  --- userSex: 1 --- songer: 顺子
[2016-04-20 09:28:38][debug] openId: 
[2016-04-20 09:48:12][debug] 统一下单......
[2016-04-20 09:48:12][debug] 第[0]次 buyerName: 呵呵呵 --- buyerSex: 0 --- userSex: 0 --- songer: 北大荒
[2016-04-20 09:48:13][debug] 统一下单......
[2016-04-20 09:48:13][debug] 第[1]次 buyerName: 呵呵呵 --- buyerSex:  --- userSex:  --- songer: 北大荒
[2016-04-20 09:48:13][debug] openId: ofjwTwVVAIuYV8Gjw80-eEKXIGhQ
[2016-04-20 09:48:14][debug] jsApiParameters: {"appId":"wxc42acc5570910d1d","nonceStr":"7erk1ucxcyi9k0sml6p9i4r9lz3dfa3w","package":"prepay_id=wx20160420094814e44ff180a20095710364","signType":"MD5","timeStamp":"1461116894","paySign":"204E108B737BB90E90C5E0B8BF6987EA"}
[2016-04-20 09:48:14][debug] 统一下单......
[2016-04-20 09:48:14][debug] 第[2]次 buyerName: 呵呵呵 --- buyerSex:  --- userSex:  --- songer: 北大荒
[2016-04-20 09:48:14][debug] openId: ofjwTwVVAIuYV8Gjw80-eEKXIGhQ
[2016-04-20 09:48:14][debug] jsApiParameters: {"appId":"wxc42acc5570910d1d","nonceStr":"drqkf3wl65ukv7anahy5ekzn23e8u17t","package":"prepay_id=wx20160420094814e44ff180a20159594768","signType":"MD5","timeStamp":"1461116894","paySign":"8DC11B24903CDB66144EEB3E90C2DFC9"}
[2016-04-20 09:52:12][debug] 统一下单......
[2016-04-20 09:52:12][debug] 第[0]次 buyerName: 仿佛个 --- buyerSex: 0 --- userSex: 1 --- songer: 让人反反复复
[2016-04-20 09:52:13][debug] 统一下单......
[2016-04-20 09:52:13][debug] 第[1]次 buyerName: 仿佛个 --- buyerSex:  --- userSex: 1 --- songer: 让人反反复复
[2016-04-20 09:52:13][debug] openId: ofjwTwXUEu_9Au8DdRhIxoc8D5Dc
[2016-04-20 09:52:13][debug] jsApiParameters: {"appId":"wxc42acc5570910d1d","nonceStr":"o6jpgiwo8sb7ex8jt6qvukldq18x2r33","package":"prepay_id=wx20160420095213585c7d14230405933284","signType":"MD5","timeStamp":"1461117133","paySign":"D11E847530E9E58241C1A480A26E33F5"}
[2016-04-20 11:52:23][debug] 统一下单......
[2016-04-20 11:52:23][debug] 第[0]次 buyerName: 电波 --- buyerSex: 0 --- userSex: 1 --- songer: 顺子
[2016-04-20 11:52:23][debug] 统一下单......
[2016-04-20 11:52:23][debug] 第[1]次 buyerName: 电波 --- buyerSex:  --- userSex: 1 --- songer: 顺子
[2016-04-20 11:52:23][debug] openId: ofjwTwV8ZoKrZ1jMIiNHzi_uJynY
[2016-04-20 14:00:21][debug] 统一下单......
[2016-04-20 14:00:21][debug] 第[0]次 buyerName: aaa --- buyerSex:  --- userSex:  --- songer: a a a
[2016-04-20 14:00:21][debug] 统一下单......
[2016-04-20 14:00:21][debug] 第[1]次 buyerName: aaa --- buyerSex:  --- userSex:  --- songer: a a a
[2016-04-20 14:00:21][debug] openId: ofjwTwUuzl8m-ILFxwUuftfVF5U0
[2016-04-20 14:00:22][debug] jsApiParameters: {"appId":"wxc42acc5570910d1d","nonceStr":"hprty38741f0kkxr0n80qsfie3pr3gzj","package":"prepay_id=wx2016042014002223cd384a660603840855","signType":"MD5","timeStamp":"1461132022","paySign":"3C00EB2DEE69E5D85A4960D055FA4A4D"}
[2016-04-20 14:01:59][debug] 统一下单......
[2016-04-20 14:01:59][debug] 第[0]次 buyerName: 诗蕾 --- buyerSex: 1 --- userSex: 1 --- songer: 杨宗纬
[2016-04-20 14:01:59][debug] 统一下单......
[2016-04-20 14:01:59][debug] 第[1]次 buyerName: 诗蕾 --- buyerSex: 1 --- userSex: 1 --- songer: 杨宗纬
[2016-04-20 14:02:00][debug] openId: ofjwTwSGJA69KqvSj5QbMFQKP944
[2016-04-20 14:02:00][debug] jsApiParameters: {"appId":"wxc42acc5570910d1d","nonceStr":"5bh5b7b6q5qfxkgn84229i4lr64i55az","package":"prepay_id=wx201604201402007d6adeab990686929330","signType":"MD5","timeStamp":"1461132120","paySign":"99A5805E6F15139AB0B3A03429D01BAB"}
[2016-04-20 14:04:32][debug] 统一下单......
[2016-04-20 14:04:32][debug] 第[2]次 buyerName: 诗蕾 --- buyerSex: 1 --- userSex: 1 --- songer: 杨宗纬
[2016-04-20 14:04:32][debug] 统一下单......
[2016-04-20 14:04:32][debug] 第[3]次 buyerName: 诗蕾 --- buyerSex: 1 --- userSex: 1 --- songer: 杨宗纬
[2016-04-20 14:04:33][debug] openId: ofjwTwSGJA69KqvSj5QbMFQKP944
[2016-04-20 14:04:33][debug] jsApiParameters: {"appId":"wxc42acc5570910d1d","nonceStr":"2kmx08s69wh7mpc0xlkubr7hbrsr6ies","package":"prepay_id=wx20160420140433d2c095235d0951384335","signType":"MD5","timeStamp":"1461132273","paySign":"FBB7B036EBF265302BAD722DE78375F6"}
[2016-04-20 14:04:33][debug] 统一下单......
[2016-04-20 14:04:33][debug] 第[4]次 buyerName: 诗蕾 --- buyerSex: 1 --- userSex: 1 --- songer: 杨宗纬
[2016-04-20 14:04:34][debug] 统一下单......
[2016-04-20 14:04:34][debug] 第[5]次 buyerName: 诗蕾 --- buyerSex: 1 --- userSex: 1 --- songer: 杨宗纬
[2016-04-20 14:04:34][debug] openId: ofjwTwSGJA69KqvSj5QbMFQKP944
[2016-04-20 14:04:34][debug] jsApiParameters: {"appId":"wxc42acc5570910d1d","nonceStr":"z0hsea9x3s1qpca18njs7n3nc96t07cs","package":"prepay_id=wx201604201404340704538d090189865457","signType":"MD5","timeStamp":"1461132274","paySign":"D9DF7512FBA5AA49C91B09958C2D41BF"}
[2016-04-20 16:21:32][debug] 统一下单......
[2016-04-20 16:21:32][debug] 第[0]次 buyerName: 电波 --- buyerSex: 0 --- userSex: 1 --- songer: 顺子
[2016-04-20 16:21:32][debug] 统一下单......
[2016-04-20 16:21:32][debug] 第[1]次 buyerName: 电波 --- buyerSex:  --- userSex: 1 --- songer: 顺子
[2016-04-20 16:21:33][debug] openId: ofjwTwV8ZoKrZ1jMIiNHzi_uJynY
[2016-04-20 16:21:44][debug] 统一下单......
[2016-04-20 16:21:44][debug] 第[2]次 buyerName: 电波 --- buyerSex: 0 --- userSex: 1 --- songer: 顺子
[2016-04-20 16:21:45][debug] 统一下单......
[2016-04-20 16:21:45][debug] 第[3]次 buyerName: 电波 --- buyerSex:  --- userSex: 1 --- songer: 顺子
[2016-04-20 16:21:45][debug] openId: ofjwTwV8ZoKrZ1jMIiNHzi_uJynY
[2016-04-20 16:28:21][debug] 统一下单......
[2016-04-20 16:28:21][debug] 第[4]次 buyerName: 电波 --- buyerSex: 0 --- userSex: 1 --- songer: 顺子
[2016-04-20 16:28:21][debug] 统一下单......
[2016-04-20 16:28:21][debug] 第[5]次 buyerName: 电波 --- buyerSex:  --- userSex: 1 --- songer: 顺子
[2016-04-20 16:28:22][debug] openId: ofjwTwV8ZoKrZ1jMIiNHzi_uJynY
[2016-04-20 16:29:23][debug] 统一下单......
[2016-04-20 16:29:23][debug] 第[6]次 buyerName: 电波 --- buyerSex:  --- userSex: 1 --- songer: 顺子
[2016-04-20 16:29:24][debug] 统一下单......
[2016-04-20 16:29:24][debug] 第[7]次 buyerName: 电波 --- buyerSex:  --- userSex: 1 --- songer: 顺子
[2016-04-20 16:29:24][debug] openId: ofjwTwV8ZoKrZ1jMIiNHzi_uJynY
[2016-04-20 16:32:59][debug] 统一下单......
[2016-04-20 16:32:59][debug] 第[0]次 buyerName:  --- buyerSex:  --- userSex:  --- songer: 
[2016-04-20 16:32:59][debug] 统一下单......
[2016-04-20 16:32:59][debug] 第[1]次 buyerName:  --- buyerSex:  --- userSex:  --- songer: 
[2016-04-20 16:33:00][debug] openId: ofjwTwRncxDIr9OdYCqqJVLURdj0
[2016-04-20 16:33:00][debug] jsApiParameters: {"appId":"wxc42acc5570910d1d","nonceStr":"9pcyxea5qhu6zrcvekzmimjq78jqlxn4","package":"prepay_id=wx2016042016330030b8d121d70463761950","signType":"MD5","timeStamp":"1461141180","paySign":"3E1A7CA4BA324F08C206ADE5601BF356"}
[2016-04-20 16:34:56][debug] 统一下单......
[2016-04-20 16:34:56][debug] 第[2]次 buyerName: 电波 --- buyerSex: 0 --- userSex: 1 --- songer: 顺子
[2016-04-20 16:34:57][debug] 统一下单......
[2016-04-20 16:34:57][debug] 第[3]次 buyerName: 电波 --- buyerSex:  --- userSex: 1 --- songer: 顺子
[2016-04-20 16:34:57][debug] openId: ofjwTwRncxDIr9OdYCqqJVLURdj0
[2016-04-20 16:35:08][debug] 统一下单......
[2016-04-20 16:35:08][debug] 第[4]次 buyerName: 电波 --- buyerSex: 0 --- userSex: 1 --- songer: 顺子
[2016-04-20 16:35:09][debug] 统一下单......
[2016-04-20 16:35:09][debug] 第[5]次 buyerName: 电波 --- buyerSex:  --- userSex: 1 --- songer: 顺子
[2016-04-20 16:35:10][debug] openId: ofjwTwRncxDIr9OdYCqqJVLURdj0
[2016-04-20 16:35:20][debug] 统一下单......
[2016-04-20 16:35:20][debug] 第[6]次 buyerName: 电波 --- buyerSex: 0 --- userSex: 1 --- songer: 顺子
[2016-04-20 16:35:21][debug] 统一下单......
[2016-04-20 16:35:21][debug] 第[7]次 buyerName: 电波 --- buyerSex:  --- userSex: 1 --- songer: 顺子
[2016-04-20 16:35:21][debug] openId: ofjwTwRncxDIr9OdYCqqJVLURdj0
[2016-04-20 16:35:27][debug] 统一下单......
[2016-04-20 16:35:27][debug] 第[8]次 buyerName: 电波 --- buyerSex:  --- userSex: 1 --- songer: 顺子
[2016-04-20 16:35:28][debug] 统一下单......
[2016-04-20 16:35:28][debug] 第[9]次 buyerName: 电波 --- buyerSex:  --- userSex: 1 --- songer: 顺子
[2016-04-20 16:35:28][debug] openId: ofjwTwRncxDIr9OdYCqqJVLURdj0
[2016-04-20 16:37:09][debug] 统一下单......
[2016-04-20 16:37:09][debug] 第[8]次 buyerName: 电波 --- buyerSex: 0 --- userSex: 1 --- songer: 顺子
[2016-04-20 16:37:10][debug] 统一下单......
[2016-04-20 16:37:10][debug] 第[9]次 buyerName: 电波 --- buyerSex:  --- userSex: 1 --- songer: 顺子
[2016-04-20 16:37:10][debug] openId: ofjwTwV8ZoKrZ1jMIiNHzi_uJynY
[2016-04-20 16:37:21][debug] 统一下单......
[2016-04-20 16:37:21][debug] 第[10]次 buyerName: 电波 --- buyerSex: 0 --- userSex: 1 --- songer: 顺子
[2016-04-20 16:37:21][debug] 统一下单......
[2016-04-20 16:37:21][debug] 第[11]次 buyerName: 电波 --- buyerSex:  --- userSex: 1 --- songer: 顺子
[2016-04-20 16:37:22][debug] openId: ofjwTwV8ZoKrZ1jMIiNHzi_uJynY
[2016-04-20 16:37:34][debug] 统一下单......
[2016-04-20 16:37:34][debug] 第[12]次 buyerName: 电波 --- buyerSex: 0 --- userSex: 1 --- songer: 顺子
[2016-04-20 16:37:34][debug] 统一下单......
[2016-04-20 16:37:34][debug] 第[13]次 buyerName: 电波 --- buyerSex:  --- userSex: 1 --- songer: 顺子
[2016-04-20 16:37:35][debug] openId: ofjwTwV8ZoKrZ1jMIiNHzi_uJynY
[2016-04-20 16:37:38][debug] 统一下单......
[2016-04-20 16:37:38][debug] 第[14]次 buyerName: 电波 --- buyerSex:  --- userSex: 1 --- songer: 顺子
[2016-04-20 16:37:38][debug] openId: 
[2016-04-20 16:37:44][debug] 统一下单......
[2016-04-20 16:37:44][debug] 第[15]次 buyerName: 电波 --- buyerSex: 0 --- userSex: 1 --- songer: 顺子
[2016-04-20 16:37:45][debug] 统一下单......
[2016-04-20 16:37:45][debug] 第[16]次 buyerName: 电波 --- buyerSex:  --- userSex: 1 --- songer: 顺子
[2016-04-20 16:37:45][debug] openId: ofjwTwV8ZoKrZ1jMIiNHzi_uJynY
[2016-04-20 16:38:05][debug] 统一下单......
[2016-04-20 16:38:05][debug] 第[17]次 buyerName: 啵啵啵 --- buyerSex: 0 --- userSex: 1 --- songer: 顺子
[2016-04-20 16:38:05][debug] 统一下单......
[2016-04-20 16:38:05][debug] 第[18]次 buyerName: 啵啵啵 --- buyerSex:  --- userSex: 1 --- songer: 顺子
[2016-04-20 16:38:05][debug] openId: ofjwTwV8ZoKrZ1jMIiNHzi_uJynY
[2016-04-20 16:39:38][debug] 统一下单......
[2016-04-20 16:39:38][debug] 第[10]次 buyerName: 电波 --- buyerSex: 0 --- userSex: 1 --- songer: 顺子
[2016-04-20 16:39:39][debug] 统一下单......
[2016-04-20 16:39:39][debug] 第[11]次 buyerName: 电波 --- buyerSex:  --- userSex: 1 --- songer: 顺子
[2016-04-20 16:39:39][debug] openId: ofjwTwRncxDIr9OdYCqqJVLURdj0
[2016-04-20 16:40:15][debug] 统一下单......
[2016-04-20 16:40:15][debug] 第[12]次 buyerName: 电波 --- buyerSex:  --- userSex: 1 --- songer: 顺子
[2016-04-20 16:40:16][debug] 统一下单......
[2016-04-20 16:40:16][debug] 第[13]次 buyerName: 电波 --- buyerSex:  --- userSex: 1 --- songer: 顺子
[2016-04-20 16:40:16][debug] openId: ofjwTwRncxDIr9OdYCqqJVLURdj0
[2016-04-20 16:41:29][debug] 统一下单......
[2016-04-20 16:41:29][debug] 第[14]次 buyerName: 电波 --- buyerSex:  --- userSex: 1 --- songer: 顺子
[2016-04-20 16:41:29][debug] 统一下单......
[2016-04-20 16:41:29][debug] 第[15]次 buyerName: 电波 --- buyerSex:  --- userSex: 1 --- songer: 顺子
[2016-04-20 16:41:30][debug] openId: ofjwTwRncxDIr9OdYCqqJVLURdj0
[2016-04-20 16:41:52][debug] 统一下单......
[2016-04-20 16:41:52][debug] 第[16]次 buyerName: 电波 --- buyerSex:  --- userSex: 1 --- songer: 顺子
[2016-04-20 16:41:53][debug] 统一下单......
[2016-04-20 16:41:53][debug] 第[17]次 buyerName: 电波 --- buyerSex:  --- userSex: 1 --- songer: 顺子
[2016-04-20 16:41:53][debug] openId: ofjwTwRncxDIr9OdYCqqJVLURdj0
[2016-04-20 16:43:47][debug] 统一下单......
[2016-04-20 16:43:47][debug] 第[18]次 buyerName: 电波 --- buyerSex: 0 --- userSex: 1 --- songer: 顺子
[2016-04-20 16:43:48][debug] 统一下单......
[2016-04-20 16:43:48][debug] 第[19]次 buyerName: 电波 --- buyerSex:  --- userSex: 1 --- songer: 顺子
[2016-04-20 16:43:48][debug] openId: ofjwTwRncxDIr9OdYCqqJVLURdj0
[2016-04-20 16:44:19][debug] 统一下单......
[2016-04-20 16:44:19][debug] 第[20]次 buyerName: 电波 --- buyerSex: 0 --- userSex: 1 --- songer: 顺子
[2016-04-20 16:44:20][debug] 统一下单......
[2016-04-20 16:44:20][debug] 第[21]次 buyerName: 电波 --- buyerSex:  --- userSex: 1 --- songer: 顺子
[2016-04-20 16:44:20][debug] openId: ofjwTwRncxDIr9OdYCqqJVLURdj0
[2016-04-20 16:44:30][debug] 统一下单......
[2016-04-20 16:44:30][debug] 第[22]次 buyerName: 电波 --- buyerSex: 0 --- userSex: 1 --- songer: 顺子
[2016-04-20 16:44:30][debug] 统一下单......
[2016-04-20 16:44:30][debug] 第[23]次 buyerName: 电波 --- buyerSex:  --- userSex: 1 --- songer: 顺子
[2016-04-20 16:44:31][debug] openId: ofjwTwRncxDIr9OdYCqqJVLURdj0
[2016-04-20 16:45:30][debug] 统一下单......
[2016-04-20 16:45:30][debug] 第[0]次 buyerName: 电波 --- buyerSex: 0 --- userSex: 1 --- songer: 顺子
[2016-04-20 16:45:31][debug] 统一下单......
[2016-04-20 16:45:31][debug] 第[1]次 buyerName: 电波 --- buyerSex:  --- userSex: 1 --- songer: 顺子
[2016-04-20 16:45:31][debug] openId: ofjwTwV8ZoKrZ1jMIiNHzi_uJynY
[2016-04-20 16:45:38][debug] 统一下单......
[2016-04-20 16:45:38][debug] 第[24]次 buyerName: 电波 --- buyerSex: 0 --- userSex: 1 --- songer: 顺子
[2016-04-20 16:45:39][debug] 统一下单......
[2016-04-20 16:45:39][debug] 第[25]次 buyerName: 电波 --- buyerSex:  --- userSex: 1 --- songer: 顺子
[2016-04-20 16:45:40][debug] openId: ofjwTwRncxDIr9OdYCqqJVLURdj0
[2016-04-20 16:45:46][debug] 统一下单......
[2016-04-20 16:45:46][debug] 第[2]次 buyerName: 电波 --- buyerSex: 0 --- userSex: 1 --- songer: 顺子
[2016-04-20 16:45:47][debug] 统一下单......
[2016-04-20 16:45:47][debug] 第[3]次 buyerName: 电波 --- buyerSex:  --- userSex: 1 --- songer: 顺子
[2016-04-20 16:45:47][debug] openId: ofjwTwV8ZoKrZ1jMIiNHzi_uJynY
[2016-04-20 16:45:52][debug] 统一下单......
[2016-04-20 16:45:52][debug] 第[26]次 buyerName: 电波 --- buyerSex: 0 --- userSex: 1 --- songer: 顺子
[2016-04-20 16:45:53][debug] 统一下单......
[2016-04-20 16:45:53][debug] 第[27]次 buyerName: 电波 --- buyerSex:  --- userSex: 1 --- songer: 顺子
[2016-04-20 16:45:53][debug] openId: ofjwTwRncxDIr9OdYCqqJVLURdj0
[2016-04-20 16:45:57][debug] 统一下单......
[2016-04-20 16:45:57][debug] 第[4]次 buyerName: 电波 --- buyerSex: 0 --- userSex: 1 --- songer: 顺子
[2016-04-20 16:45:58][debug] 统一下单......
[2016-04-20 16:45:58][debug] 第[5]次 buyerName: 电波 --- buyerSex:  --- userSex: 1 --- songer: 顺子
[2016-04-20 16:45:58][debug] openId: ofjwTwV8ZoKrZ1jMIiNHzi_uJynY
[2016-04-20 16:46:02][debug] 统一下单......
[2016-04-20 16:46:02][debug] 第[28]次 buyerName: 电波 --- buyerSex: 0 --- userSex: 1 --- songer: 顺子
[2016-04-20 16:46:03][debug] 统一下单......
[2016-04-20 16:46:03][debug] 第[29]次 buyerName: 电波 --- buyerSex:  --- userSex: 1 --- songer: 顺子
[2016-04-20 16:46:03][debug] openId: ofjwTwRncxDIr9OdYCqqJVLURdj0
[2016-04-20 16:46:21][debug] 统一下单......
[2016-04-20 16:46:21][debug] 第[6]次 buyerName: 电波 --- buyerSex: 0 --- userSex: 1 --- songer: 顺子
[2016-04-20 16:46:22][debug] 统一下单......
[2016-04-20 16:46:22][debug] 第[7]次 buyerName: 电波 --- buyerSex:  --- userSex: 1 --- songer: 顺子
[2016-04-20 16:46:22][debug] openId: ofjwTwV8ZoKrZ1jMIiNHzi_uJynY
[2016-04-20 16:46:29][debug] 统一下单......
[2016-04-20 16:46:29][debug] 第[8]次 buyerName: 电波 --- buyerSex: 0 --- userSex: 1 --- songer: 顺子
[2016-04-20 16:46:30][debug] 统一下单......
[2016-04-20 16:46:30][debug] 第[9]次 buyerName: 电波 --- buyerSex:  --- userSex: 1 --- songer: 顺子
[2016-04-20 16:46:30][debug] openId: ofjwTwV8ZoKrZ1jMIiNHzi_uJynY
[2016-04-20 16:46:51][debug] 统一下单......
[2016-04-20 16:46:51][debug] 第[30]次 buyerName: 电波 --- buyerSex: 0 --- userSex: 1 --- songer: 顺子
[2016-04-20 16:46:51][debug] 统一下单......
[2016-04-20 16:46:51][debug] 第[10]次 buyerName: 电波 --- buyerSex: 0 --- userSex: 1 --- songer: 顺子
[2016-04-20 16:46:52][debug] 统一下单......
[2016-04-20 16:46:52][debug] 第[31]次 buyerName: 电波 --- buyerSex:  --- userSex: 1 --- songer: 顺子
[2016-04-20 16:46:52][debug] 统一下单......
[2016-04-20 16:46:52][debug] 第[11]次 buyerName: 电波 --- buyerSex:  --- userSex: 1 --- songer: 顺子
[2016-04-20 16:46:52][debug] openId: ofjwTwRncxDIr9OdYCqqJVLURdj0
[2016-04-20 16:46:52][debug] openId: ofjwTwV8ZoKrZ1jMIiNHzi_uJynY
[2016-04-20 16:47:05][debug] 统一下单......
[2016-04-20 16:47:05][debug] 第[12]次 buyerName: 电波 --- buyerSex: 0 --- userSex: 1 --- songer: 顺子
[2016-04-20 16:47:05][debug] 统一下单......
[2016-04-20 16:47:05][debug] 第[13]次 buyerName: 电波 --- buyerSex:  --- userSex: 1 --- songer: 顺子
[2016-04-20 16:47:06][debug] openId: ofjwTwV8ZoKrZ1jMIiNHzi_uJynY
[2016-04-20 16:47:22][debug] 统一下单......
[2016-04-20 16:47:22][debug] 第[14]次 buyerName: 电波 --- buyerSex: 0 --- userSex: 1 --- songer: 顺子
[2016-04-20 16:47:23][debug] 统一下单......
[2016-04-20 16:47:23][debug] 第[15]次 buyerName: 电波 --- buyerSex:  --- userSex: 1 --- songer: 顺子
[2016-04-20 16:47:23][debug] openId: ofjwTwV8ZoKrZ1jMIiNHzi_uJynY
[2016-04-20 16:47:44][debug] 统一下单......
[2016-04-20 16:47:44][debug] 第[16]次 buyerName: 电波 --- buyerSex: 0 --- userSex: 1 --- songer: 顺子
[2016-04-20 16:47:44][debug] 统一下单......
[2016-04-20 16:47:44][debug] 第[17]次 buyerName: 电波 --- buyerSex:  --- userSex: 1 --- songer: 顺子
[2016-04-20 16:47:45][debug] openId: ofjwTwV8ZoKrZ1jMIiNHzi_uJynY
[2016-04-20 16:48:02][debug] 统一下单......
[2016-04-20 16:48:02][debug] 第[18]次 buyerName: 电波 --- buyerSex: 0 --- userSex: 1 --- songer: 顺子
[2016-04-20 16:48:02][debug] 统一下单......
[2016-04-20 16:48:02][debug] 第[19]次 buyerName: 电波 --- buyerSex:  --- userSex: 1 --- songer: 顺子
[2016-04-20 16:48:03][debug] openId: ofjwTwV8ZoKrZ1jMIiNHzi_uJynY
[2016-04-20 16:48:15][debug] 统一下单......
[2016-04-20 16:48:15][debug] 第[20]次 buyerName: 电波 --- buyerSex: 0 --- userSex: 1 --- songer: 顺子
[2016-04-20 16:48:15][debug] 统一下单......
[2016-04-20 16:48:15][debug] 第[21]次 buyerName: 电波 --- buyerSex:  --- userSex: 1 --- songer: 顺子
[2016-04-20 16:48:16][debug] openId: ofjwTwV8ZoKrZ1jMIiNHzi_uJynY
[2016-04-20 16:48:27][debug] 统一下单......
[2016-04-20 16:48:27][debug] 第[22]次 buyerName: 电波 --- buyerSex: 0 --- userSex: 1 --- songer: 顺子
[2016-04-20 16:48:27][debug] 统一下单......
[2016-04-20 16:48:27][debug] 第[23]次 buyerName: 电波 --- buyerSex:  --- userSex: 1 --- songer: 顺子
[2016-04-20 16:48:27][debug] openId: ofjwTwV8ZoKrZ1jMIiNHzi_uJynY
[2016-04-20 16:51:11][debug] 统一下单......
[2016-04-20 16:51:11][debug] 第[24]次 buyerName: 电波 --- buyerSex: 0 --- userSex: 1 --- songer: 顺子
[2016-04-20 16:51:11][debug] 统一下单......
[2016-04-20 16:51:11][debug] 第[25]次 buyerName: 电波 --- buyerSex:  --- userSex: 1 --- songer: 顺子
[2016-04-20 16:51:12][debug] openId: ofjwTwV8ZoKrZ1jMIiNHzi_uJynY
[2016-04-20 16:51:31][debug] 统一下单......
[2016-04-20 16:51:31][debug] 第[26]次 buyerName: 电波 --- buyerSex: 0 --- userSex: 1 --- songer: 顺子
[2016-04-20 16:51:32][debug] 统一下单......
[2016-04-20 16:51:32][debug] 第[27]次 buyerName: 电波 --- buyerSex:  --- userSex: 1 --- songer: 顺子
[2016-04-20 16:51:32][debug] openId: ofjwTwV8ZoKrZ1jMIiNHzi_uJynY
[2016-04-20 16:51:38][debug] 统一下单......
[2016-04-20 16:51:38][debug] 第[28]次 buyerName: 电波 --- buyerSex: 0 --- userSex: 1 --- songer: 顺子
[2016-04-20 16:51:38][debug] 统一下单......
[2016-04-20 16:51:38][debug] 第[29]次 buyerName: 电波 --- buyerSex:  --- userSex: 1 --- songer: 顺子
[2016-04-20 16:51:38][debug] openId: ofjwTwV8ZoKrZ1jMIiNHzi_uJynY
[2016-04-20 16:57:59][debug] 统一下单......
[2016-04-20 16:57:59][debug] 第[0]次 buyerName: 电波 --- buyerSex: 0 --- userSex:  --- songer: 顺子
[2016-04-20 16:57:59][debug] 统一下单......
[2016-04-20 16:57:59][debug] 第[1]次 buyerName: 电波 --- buyerSex:  --- userSex:  --- songer: 顺子
[2016-04-20 16:58:00][debug] openId: ofjwTwfl9Hq5hjSAEn0KLF4bgqQA
[2016-04-20 16:58:17][debug] 统一下单......
[2016-04-20 16:58:17][debug] 第[2]次 buyerName: 电波 --- buyerSex: 0 --- userSex: 1 --- songer: 顺子
[2016-04-20 16:58:18][debug] 统一下单......
[2016-04-20 16:58:18][debug] 第[3]次 buyerName: 电波 --- buyerSex:  --- userSex: 1 --- songer: 顺子
[2016-04-20 16:58:18][debug] openId: ofjwTwfl9Hq5hjSAEn0KLF4bgqQA
[2016-04-20 20:01:42][debug] 统一下单......
[2016-04-20 20:01:42][debug] 第[0]次 buyerName: 莫莫相离 --- buyerSex:  --- userSex:  --- songer: 
[2016-04-20 20:01:42][debug] 统一下单......
[2016-04-20 20:01:42][debug] 第[1]次 buyerName: 莫莫相离 --- buyerSex:  --- userSex:  --- songer: 
[2016-04-20 20:01:43][debug] openId: ofjwTwbEmaeEHDbRlG2mN741AYtQ
[2016-04-20 20:01:43][debug] jsApiParameters: {"appId":"wxc42acc5570910d1d","nonceStr":"tbxb60k3xl1kw6blpvghqcz6zyrme3wp","package":"prepay_id=wx20160420200143f7727bfbcc0762650319","signType":"MD5","timeStamp":"1461153703","paySign":"93C1DA570E08B810FC9A76A553A2F215"}
[2016-04-20 23:32:26][debug] 统一下单......
[2016-04-20 23:32:26][debug] 第[0]次 buyerName:  --- buyerSex:  --- userSex:  --- songer: 
[2016-04-20 23:32:27][debug] 统一下单......
[2016-04-20 23:32:27][debug] 第[1]次 buyerName:  --- buyerSex:  --- userSex:  --- songer: 
[2016-04-20 23:32:27][debug] openId: ofjwTwV8ZoKrZ1jMIiNHzi_uJynY
[2016-04-20 23:32:28][debug] jsApiParameters: {"appId":"wxc42acc5570910d1d","nonceStr":"t6er2lrzsw0hxbu1kefr8k8l2jubg3wr","package":"prepay_id=wx2016042023322732c3a7162f0924295058","signType":"MD5","timeStamp":"1461166348","paySign":"FD4BDF726666578FA6E4BB1D6E52029B"}
[2016-04-20 23:32:39][debug] 统一下单......
[2016-04-20 23:32:39][debug] 第[2]次 buyerName:  --- buyerSex:  --- userSex:  --- songer: 
[2016-04-20 23:32:40][debug] 统一下单......
[2016-04-20 23:32:40][debug] 第[3]次 buyerName:  --- buyerSex:  --- userSex:  --- songer: 
[2016-04-20 23:32:40][debug] openId: ofjwTwV8ZoKrZ1jMIiNHzi_uJynY
[2016-04-20 23:32:40][debug] jsApiParameters: {"appId":"wxc42acc5570910d1d","nonceStr":"2wqvkv13ndrriaacgolyqi6vjl00g3vf","package":"prepay_id=wx20160420233240f115ca82520536048773","signType":"MD5","timeStamp":"1461166360","paySign":"F2AD61CF3EDDE431F620A2DC6FFF164B"}
[2016-04-20 23:32:47][debug] 统一下单......
[2016-04-20 23:32:47][debug] 第[4]次 buyerName:  --- buyerSex:  --- userSex:  --- songer: 
[2016-04-20 23:32:47][debug] 统一下单......
[2016-04-20 23:32:47][debug] 第[5]次 buyerName:  --- buyerSex:  --- userSex:  --- songer: 
[2016-04-20 23:32:48][debug] openId: ofjwTwV8ZoKrZ1jMIiNHzi_uJynY
[2016-04-20 23:32:48][debug] jsApiParameters: {"appId":"wxc42acc5570910d1d","nonceStr":"p028gccpt7u1xevco9vivgpat2m01o3v","package":"prepay_id=wx20160420233248fafd1e02560818772459","signType":"MD5","timeStamp":"1461166368","paySign":"663CCDA11263D9354BE7CC7578A4233F"}
