[2016-04-12 18:17:05][debug] 统一下单......
[2016-04-12 18:17:05][debug] 第[0]次 buyerName: 源 --- buyerSex: 0 --- userSex: 1 --- songer: Timbaland
[2016-04-12 18:17:05][debug] 统一下单......
[2016-04-12 18:17:05][debug] 第[1]次 buyerName: 源 --- buyerSex:  --- userSex: 1 --- songer: Timbaland
[2016-04-12 18:17:05][debug] openId: ofjwTwX9cwvsSODtI2ALQxISR6dM
[2016-04-12 18:17:10][debug] 统一下单......
[2016-04-12 18:17:10][debug] 第[0]次 buyerName:  --- buyerSex:  --- userSex:  --- songer: 
[2016-04-12 18:18:25][debug] 统一下单......
[2016-04-12 18:18:25][debug] 第[2]次 buyerName: 源 --- buyerSex: 0 --- userSex: 1 --- songer: Timbaland
[2016-04-12 18:18:25][debug] 统一下单......
[2016-04-12 18:18:25][debug] 第[3]次 buyerName: 源 --- buyerSex:  --- userSex: 1 --- songer: Timbaland
[2016-04-12 18:18:26][debug] openId: ofjwTwX9cwvsSODtI2ALQxISR6dM
[2016-04-12 18:18:49][debug] 统一下单......
[2016-04-12 18:18:49][debug] 第[4]次 buyerName: 源 --- buyerSex: 0 --- userSex: 1 --- songer: Timbaland
[2016-04-12 18:18:49][debug] 统一下单......
[2016-04-12 18:18:49][debug] 第[5]次 buyerName: 源 --- buyerSex:  --- userSex: 1 --- songer: Timbaland
[2016-04-12 18:18:50][debug] openId: ofjwTwX9cwvsSODtI2ALQxISR6dM
[2016-04-12 18:19:01][debug] 统一下单......
[2016-04-12 18:19:01][debug] 第[6]次 buyerName: 源 --- buyerSex: 0 --- userSex: 1 --- songer: Timbaland
[2016-04-12 18:19:01][debug] 统一下单......
[2016-04-12 18:19:01][debug] 第[7]次 buyerName: 源 --- buyerSex:  --- userSex: 1 --- songer: Timbaland
[2016-04-12 18:19:02][debug] openId: ofjwTwX9cwvsSODtI2ALQxISR6dM
[2016-04-12 18:24:39][debug] 统一下单......
[2016-04-12 18:24:39][debug] 第[0]次 buyerName: 源 --- buyerSex: 0 --- userSex: 1 --- songer: Timbaland
[2016-04-12 18:24:39][debug] 统一下单......
[2016-04-12 18:24:39][debug] 第[1]次 buyerName: 源 --- buyerSex:  --- userSex: 1 --- songer: Timbaland
[2016-04-12 18:24:39][debug] openId: ofjwTwX9cwvsSODtI2ALQxISR6dM
[2016-04-12 18:34:55][debug] 统一下单......
[2016-04-12 18:34:55][debug] 第[2]次 buyerName: 源 --- buyerSex: 0 --- userSex: 1 --- songer: Timbaland
[2016-04-12 18:34:55][debug] 统一下单......
[2016-04-12 18:34:55][debug] 第[3]次 buyerName: 源 --- buyerSex:  --- userSex: 1 --- songer: Timbaland
[2016-04-12 18:34:56][debug] openId: ofjwTwX9cwvsSODtI2ALQxISR6dM
[2016-04-12 18:35:37][debug] 统一下单......
[2016-04-12 18:35:37][debug] 第[4]次 buyerName: 源 --- buyerSex: 0 --- userSex: 1 --- songer: Timbaland
[2016-04-12 18:35:38][debug] 统一下单......
[2016-04-12 18:35:38][debug] 第[5]次 buyerName: 源 --- buyerSex:  --- userSex: 1 --- songer: Timbaland
[2016-04-12 18:35:38][debug] openId: ofjwTwX9cwvsSODtI2ALQxISR6dM
[2016-04-12 18:36:15][debug] 统一下单......
[2016-04-12 18:36:15][debug] 第[6]次 buyerName: 源 --- buyerSex: 0 --- userSex: 1 --- songer: Timbaland
[2016-04-12 18:36:15][debug] 统一下单......
[2016-04-12 18:36:15][debug] 第[7]次 buyerName: 源 --- buyerSex:  --- userSex: 1 --- songer: Timbaland
[2016-04-12 18:36:15][debug] openId: ofjwTwX9cwvsSODtI2ALQxISR6dM
[2016-04-12 18:45:43][debug] 统一下单......
[2016-04-12 18:45:43][debug] 第[8]次 buyerName: 源 --- buyerSex: 0 --- userSex: 1 --- songer: Timbaland
[2016-04-12 18:45:43][debug] 统一下单......
[2016-04-12 18:45:43][debug] 第[9]次 buyerName: 源 --- buyerSex:  --- userSex: 1 --- songer: Timbaland
[2016-04-12 18:45:43][debug] openId: ofjwTwX9cwvsSODtI2ALQxISR6dM
[2016-04-12 18:46:00][debug] 统一下单......
[2016-04-12 18:46:00][debug] 第[10]次 buyerName: 源 --- buyerSex: 0 --- userSex: 1 --- songer: Timbaland
[2016-04-12 18:46:01][debug] 统一下单......
[2016-04-12 18:46:01][debug] 第[11]次 buyerName: 源 --- buyerSex:  --- userSex: 1 --- songer: Timbaland
[2016-04-12 18:46:01][debug] openId: ofjwTwX9cwvsSODtI2ALQxISR6dM
