[2016-04-19 21:33:16][debug] 统一下单......
[2016-04-19 21:33:16][debug] 第[0]次 buyerName: 电波（闪电家族） --- buyerSex: 0 --- userSex: 1 --- songer: 顺子
[2016-04-19 21:33:17][debug] 统一下单......
[2016-04-19 21:33:17][debug] 第[1]次 buyerName: 电波（闪电家族） --- buyerSex:  --- userSex: 1 --- songer: 顺子
[2016-04-19 21:33:17][debug] openId: ofjwTwV8ZoKrZ1jMIiNHzi_uJynY
[2016-04-19 21:33:34][debug] 统一下单......
[2016-04-19 21:33:34][debug] 第[2]次 buyerName: 电波（闪电家族） --- buyerSex: 0 --- userSex: 1 --- songer: 顺子
[2016-04-19 21:33:35][debug] 统一下单......
[2016-04-19 21:33:35][debug] 第[3]次 buyerName: 电波（闪电家族） --- buyerSex:  --- userSex: 1 --- songer: 顺子
[2016-04-19 21:33:35][debug] openId: ofjwTwV8ZoKrZ1jMIiNHzi_uJynY
[2016-04-19 21:33:45][debug] 统一下单......
[2016-04-19 21:33:45][debug] 第[4]次 buyerName: 电波（闪电家族） --- buyerSex: 0 --- userSex: 1 --- songer: 顺子
[2016-04-19 21:33:45][debug] 统一下单......
[2016-04-19 21:33:45][debug] 第[5]次 buyerName: 电波（闪电家族） --- buyerSex:  --- userSex: 1 --- songer: 顺子
[2016-04-19 21:33:46][debug] openId: ofjwTwV8ZoKrZ1jMIiNHzi_uJynY
[2016-04-19 21:34:19][debug] 统一下单......
[2016-04-19 21:34:19][debug] 第[6]次 buyerName: 电波（闪电家族） --- buyerSex: 0 --- userSex: 1 --- songer: 顺子
[2016-04-19 21:34:20][debug] 统一下单......
[2016-04-19 21:34:20][debug] 第[7]次 buyerName: 电波（闪电家族） --- buyerSex:  --- userSex: 1 --- songer: 顺子
[2016-04-19 21:34:20][debug] openId: ofjwTwV8ZoKrZ1jMIiNHzi_uJynY
[2016-04-19 21:34:46][debug] 统一下单......
[2016-04-19 21:34:46][debug] 第[8]次 buyerName: 电波（闪电家族） --- buyerSex: 0 --- userSex: 1 --- songer: 顺子
[2016-04-19 21:34:47][debug] 统一下单......
[2016-04-19 21:34:47][debug] 第[9]次 buyerName: 电波（闪电家族） --- buyerSex:  --- userSex: 1 --- songer: 顺子
[2016-04-19 21:34:47][debug] openId: ofjwTwV8ZoKrZ1jMIiNHzi_uJynY
[2016-04-19 21:38:28][debug] 统一下单......
[2016-04-19 21:38:28][debug] 第[10]次 buyerName: 电波（闪电家族） --- buyerSex: 0 --- userSex: 1 --- songer: 顺子
[2016-04-19 21:38:29][debug] 统一下单......
[2016-04-19 21:38:29][debug] 第[11]次 buyerName: 电波（闪电家族） --- buyerSex:  --- userSex: 1 --- songer: 顺子
[2016-04-19 21:38:29][debug] openId: ofjwTwV8ZoKrZ1jMIiNHzi_uJynY
[2016-04-19 21:38:49][debug] 统一下单......
[2016-04-19 21:38:49][debug] 第[0]次 buyerName:  --- buyerSex:  --- userSex:  --- songer: 
[2016-04-19 21:47:28][debug] 统一下单......
[2016-04-19 21:47:28][debug] 第[12]次 buyerName: 电波 --- buyerSex: 0 --- userSex: 1 --- songer: 顺子
[2016-04-19 21:47:28][debug] 统一下单......
[2016-04-19 21:47:28][debug] 第[13]次 buyerName: 电波 --- buyerSex:  --- userSex: 1 --- songer: 顺子
[2016-04-19 21:47:28][debug] openId: ofjwTwV8ZoKrZ1jMIiNHzi_uJynY
[2016-04-19 21:49:40][debug] 统一下单......
[2016-04-19 21:49:40][debug] 第[14]次 buyerName: 电波 --- buyerSex: 0 --- userSex: 1 --- songer: 顺子
[2016-04-19 21:49:40][debug] 统一下单......
[2016-04-19 21:49:40][debug] 第[15]次 buyerName: 电波 --- buyerSex:  --- userSex: 1 --- songer: 顺子
[2016-04-19 21:49:40][debug] openId: ofjwTwV8ZoKrZ1jMIiNHzi_uJynY
[2016-04-19 21:49:45][debug] 统一下单......
[2016-04-19 21:49:45][debug] 第[16]次 buyerName: 电波 --- buyerSex:  --- userSex: 1 --- songer: 顺子
[2016-04-19 21:49:45][debug] openId: 
[2016-04-19 21:49:49][debug] 统一下单......
[2016-04-19 21:49:49][debug] 第[17]次 buyerName: 电波 --- buyerSex:  --- userSex: 1 --- songer: 顺子
[2016-04-19 21:49:49][debug] openId: 
[2016-04-19 21:49:53][debug] 统一下单......
[2016-04-19 21:49:53][debug] 第[0]次 buyerName:  --- buyerSex:  --- userSex:  --- songer: 
[2016-04-19 21:49:53][debug] openId: 
[2016-04-19 21:49:54][debug] 统一下单......
[2016-04-19 21:49:54][debug] 第[18]次 buyerName: 电波 --- buyerSex:  --- userSex: 1 --- songer: 顺子
[2016-04-19 21:49:54][debug] openId: 
[2016-04-19 21:50:20][debug] 统一下单......
[2016-04-19 21:50:20][debug] 第[19]次 buyerName: 电波 --- buyerSex:  --- userSex: 1 --- songer: 顺子
[2016-04-19 21:50:21][debug] openId: 
[2016-04-19 21:50:36][debug] 统一下单......
[2016-04-19 21:50:36][debug] 第[20]次 buyerName: 电波 --- buyerSex:  --- userSex: 1 --- songer: 顺子
[2016-04-19 21:50:36][debug] openId: 
[2016-04-19 21:50:58][debug] 统一下单......
[2016-04-19 21:50:58][debug] 第[21]次 buyerName: 电波 --- buyerSex:  --- userSex: 1 --- songer: 顺子
[2016-04-19 21:50:58][debug] openId: 
[2016-04-19 21:51:31][debug] 统一下单......
[2016-04-19 21:51:31][debug] 第[22]次 buyerName: 电波 --- buyerSex:  --- userSex: 1 --- songer: 顺子
[2016-04-19 21:51:31][debug] openId: 
[2016-04-19 21:51:33][debug] 统一下单......
[2016-04-19 21:51:33][debug] 第[23]次 buyerName: 电波 --- buyerSex:  --- userSex: 1 --- songer: 顺子
[2016-04-19 21:51:33][debug] openId: 
[2016-04-19 22:06:03][debug] 统一下单......
[2016-04-19 22:06:03][debug] 第[0]次 buyerName: 呵呵呵 --- buyerSex: 0 --- userSex: 0 --- songer: 呵呵斤斤计较
[2016-04-19 22:06:04][debug] 统一下单......
[2016-04-19 22:06:04][debug] 第[1]次 buyerName: 呵呵呵 --- buyerSex:  --- userSex:  --- songer: 呵呵斤斤计较
[2016-04-19 22:06:04][debug] openId: ofjwTwVVAIuYV8Gjw80-eEKXIGhQ
[2016-04-19 22:06:05][debug] jsApiParameters: {"appId":"wxc42acc5570910d1d","nonceStr":"bvnx0n2gv08ne70647nkgijsahmbvl6r","package":"prepay_id=wx20160419220604d93a8498a30233075635","signType":"MD5","timeStamp":"1461074765","paySign":"AF528EF22220392E2F68BBF5841CB91F"}
[2016-04-19 22:07:31][debug] 统一下单......
[2016-04-19 22:07:31][debug] 第[24]次 buyerName: 电波 --- buyerSex: 0 --- userSex: 1 --- songer: 顺子
[2016-04-19 22:07:31][debug] 统一下单......
[2016-04-19 22:07:31][debug] 第[25]次 buyerName: 电波 --- buyerSex:  --- userSex: 1 --- songer: 顺子
[2016-04-19 22:07:31][debug] openId: ofjwTwV8ZoKrZ1jMIiNHzi_uJynY
[2016-04-19 22:07:48][debug] 统一下单......
[2016-04-19 22:07:48][debug] 第[26]次 buyerName: 电波 --- buyerSex:  --- userSex: 1 --- songer: 顺子
[2016-04-19 22:07:48][debug] openId: 
[2016-04-19 22:07:51][debug] 统一下单......
[2016-04-19 22:07:51][debug] 第[27]次 buyerName: 电波 --- buyerSex:  --- userSex: 1 --- songer: 顺子
[2016-04-19 22:07:51][debug] openId: 
[2016-04-19 22:08:01][debug] 统一下单......
[2016-04-19 22:08:01][debug] 第[28]次 buyerName: 电波 --- buyerSex: 0 --- userSex: 1 --- songer: 顺子
[2016-04-19 22:08:02][debug] 统一下单......
[2016-04-19 22:08:02][debug] 第[29]次 buyerName: 电波 --- buyerSex:  --- userSex: 1 --- songer: 顺子
[2016-04-19 22:08:02][debug] openId: ofjwTwV8ZoKrZ1jMIiNHzi_uJynY
[2016-04-19 22:08:15][debug] 统一下单......
[2016-04-19 22:08:15][debug] 第[0]次 buyerName: 诗蕾 --- buyerSex: 1 --- userSex: 1 --- songer: 杨宗纬
[2016-04-19 22:08:16][debug] 统一下单......
[2016-04-19 22:08:16][debug] 第[1]次 buyerName: 诗蕾 --- buyerSex: 1 --- userSex: 1 --- songer: 杨宗纬
[2016-04-19 22:08:16][debug] openId: ofjwTwSGJA69KqvSj5QbMFQKP944
[2016-04-19 22:10:28][debug] 统一下单......
[2016-04-19 22:10:28][debug] 第[2]次 buyerName: 白百合 --- buyerSex: 0 --- userSex: 1 --- songer: 好好的叫姐姐
[2016-04-19 22:10:28][debug] 统一下单......
[2016-04-19 22:10:28][debug] 第[3]次 buyerName: 白百合 --- buyerSex:  --- userSex: 1 --- songer: 好好的叫姐姐
[2016-04-19 22:10:29][debug] openId: ofjwTwVVAIuYV8Gjw80-eEKXIGhQ
[2016-04-19 22:10:29][debug] jsApiParameters: {"appId":"wxc42acc5570910d1d","nonceStr":"h3y8jv2ybwle543b22pjysxnb7flu0am","package":"prepay_id=wx201604192210299e0ab1eeba0249993931","signType":"MD5","timeStamp":"1461075029","paySign":"0451236856206DCFDD8E3CC7588AD242"}
[2016-04-19 22:10:31][debug] 统一下单......
[2016-04-19 22:10:31][debug] 第[0]次 buyerName:  --- buyerSex:  --- userSex:  --- songer: 
[2016-04-19 22:12:05][debug] 统一下单......
[2016-04-19 22:12:05][debug] 第[0]次 buyerName: 隐隐约约 --- buyerSex: 0 --- userSex: 1 --- songer: 刚刚书
[2016-04-19 22:12:06][debug] 统一下单......
[2016-04-19 22:12:06][debug] 第[1]次 buyerName: 隐隐约约 --- buyerSex:  --- userSex: 1 --- songer: 刚刚书
[2016-04-19 22:12:06][debug] openId: ofjwTwQURLISKN0pdR8rFbjNcTfw
[2016-04-19 22:12:06][debug] jsApiParameters: {"appId":"wxc42acc5570910d1d","nonceStr":"98bg9bexpt69zm39rp4fuqp0dow1p9oc","package":"prepay_id=wx20160419221206e0f47a3d670186860658","signType":"MD5","timeStamp":"1461075126","paySign":"2A3FBC3F6869E11A2586A995CD36E112"}
[2016-04-19 22:15:20][debug] 统一下单......
[2016-04-19 22:15:20][debug] 第[4]次 buyerName: 不回家大家 --- buyerSex: 0 --- userSex: 1 --- songer: 不到黄河心不死
[2016-04-19 22:15:20][debug] 统一下单......
[2016-04-19 22:15:20][debug] 第[5]次 buyerName: 不回家大家 --- buyerSex:  --- userSex: 1 --- songer: 不到黄河心不死
[2016-04-19 22:15:21][debug] openId: ofjwTwVVAIuYV8Gjw80-eEKXIGhQ
[2016-04-19 22:15:21][debug] jsApiParameters: {"appId":"wxc42acc5570910d1d","nonceStr":"ieyh2nemziifodvcth6pzn7jkuqpxgrs","package":"prepay_id=wx20160419221521b981346c450518881778","signType":"MD5","timeStamp":"1461075321","paySign":"62C491A308CD7B7FB4085C9C7B611B18"}
[2016-04-19 22:15:22][debug] 统一下单......
[2016-04-19 22:15:22][debug] 第[6]次 buyerName: 不回家大家 --- buyerSex:  --- userSex: 1 --- songer: 不到黄河心不死
[2016-04-19 22:15:22][debug] openId: ofjwTwVVAIuYV8Gjw80-eEKXIGhQ
[2016-04-19 22:15:22][debug] jsApiParameters: {"appId":"wxc42acc5570910d1d","nonceStr":"cq2yox27wnn0vl8cfoka2lxtp0kcyyjl","package":"prepay_id=wx20160419221522e3cb627bba0735875073","signType":"MD5","timeStamp":"1461075322","paySign":"0A677F344805C2AB00EB9F5BF280F95B"}
[2016-04-19 22:15:29][debug] 统一下单......
[2016-04-19 22:15:29][debug] 第[30]次 buyerName: 电波 --- buyerSex: 0 --- userSex: 1 --- songer: 顺子
[2016-04-19 22:15:29][debug] 统一下单......
[2016-04-19 22:15:29][debug] 第[31]次 buyerName: 电波 --- buyerSex:  --- userSex: 1 --- songer: 顺子
[2016-04-19 22:15:29][debug] 统一下单......
[2016-04-19 22:15:29][debug] 第[7]次 buyerName: 不回家大家 --- buyerSex:  --- userSex: 1 --- songer: 不到黄河心不死
[2016-04-19 22:15:29][debug] openId: ofjwTwV8ZoKrZ1jMIiNHzi_uJynY
[2016-04-19 22:15:30][debug] openId: 
[2016-04-19 22:16:16][debug] 统一下单......
[2016-04-19 22:16:16][debug] 第[2]次 buyerName: 欢呼声 --- buyerSex: 0 --- userSex: 1 --- songer: 呵呵呵呵
[2016-04-19 22:16:16][debug] 统一下单......
[2016-04-19 22:16:16][debug] 第[3]次 buyerName: 欢呼声 --- buyerSex:  --- userSex: 1 --- songer: 呵呵呵呵
[2016-04-19 22:16:16][debug] openId: ofjwTwQURLISKN0pdR8rFbjNcTfw
[2016-04-19 22:16:17][debug] jsApiParameters: {"appId":"wxc42acc5570910d1d","nonceStr":"vzmku6np0v06cnaenp6ecv61w3866x0l","package":"prepay_id=wx2016041922161777ec7a9dd40047521006","signType":"MD5","timeStamp":"1461075377","paySign":"E8BA9B1822D6E7DE767D22ECAF35CD72"}
[2016-04-19 22:28:23][debug] 统一下单......
[2016-04-19 22:28:23][debug] 第[32]次 buyerName: 电波 --- buyerSex: 0 --- userSex: 1 --- songer: 顺子
[2016-04-19 22:28:23][debug] 统一下单......
[2016-04-19 22:28:23][debug] 第[33]次 buyerName: 电波 --- buyerSex:  --- userSex: 1 --- songer: 顺子
[2016-04-19 22:28:23][debug] openId: ofjwTwV8ZoKrZ1jMIiNHzi_uJynY
[2016-04-19 22:28:37][debug] 统一下单......
[2016-04-19 22:28:37][debug] 第[34]次 buyerName: 电波 --- buyerSex: 0 --- userSex: 1 --- songer: 顺子
[2016-04-19 22:28:38][debug] 统一下单......
[2016-04-19 22:28:38][debug] 第[35]次 buyerName: 电波 --- buyerSex:  --- userSex: 1 --- songer: 顺子
[2016-04-19 22:28:38][debug] openId: ofjwTwV8ZoKrZ1jMIiNHzi_uJynY
[2016-04-19 22:28:42][debug] 统一下单......
[2016-04-19 22:28:42][debug] 第[36]次 buyerName: 电波 --- buyerSex:  --- userSex: 1 --- songer: 顺子
[2016-04-19 22:28:42][debug] openId: 
[2016-04-19 22:28:49][debug] 统一下单......
[2016-04-19 22:28:49][debug] 第[0]次 buyerName:  --- buyerSex:  --- userSex:  --- songer: 
[2016-04-19 22:28:49][debug] openId: 
[2016-04-19 22:28:50][debug] 统一下单......
[2016-04-19 22:28:50][debug] 第[37]次 buyerName: 电波 --- buyerSex:  --- userSex: 1 --- songer: 顺子
[2016-04-19 22:28:50][debug] openId: 
[2016-04-19 22:28:54][debug] 统一下单......
[2016-04-19 22:28:54][debug] 第[38]次 buyerName: 电波 --- buyerSex:  --- userSex: 1 --- songer: 顺子
[2016-04-19 22:28:55][debug] openId: 
[2016-04-19 22:29:15][debug] 统一下单......
[2016-04-19 22:29:15][debug] 第[39]次 buyerName: 电波 --- buyerSex:  --- userSex: 1 --- songer: 顺子
[2016-04-19 22:29:15][debug] openId: 
[2016-04-19 22:29:24][debug] 统一下单......
[2016-04-19 22:29:24][debug] 第[40]次 buyerName: 电波 --- buyerSex:  --- userSex: 1 --- songer: 顺子
[2016-04-19 22:29:24][debug] openId: 
[2016-04-19 22:29:25][debug] 统一下单......
[2016-04-19 22:29:25][debug] 第[41]次 buyerName: 电波 --- buyerSex:  --- userSex: 1 --- songer: 顺子
[2016-04-19 22:29:25][debug] openId: 
[2016-04-19 22:32:42][debug] 统一下单......
[2016-04-19 22:32:42][debug] 第[0]次 buyerName: 你呀 --- buyerSex:  --- userSex:  --- songer: 
[2016-04-19 22:32:42][debug] 统一下单......
[2016-04-19 22:32:42][debug] 第[1]次 buyerName: 你呀 --- buyerSex:  --- userSex:  --- songer: 
[2016-04-19 22:32:43][debug] openId: ofjwTwZdTIKsPdnkdj3qR4JQKhso
[2016-04-19 22:32:43][debug] jsApiParameters: {"appId":"wxc42acc5570910d1d","nonceStr":"f9yck42oz3egj41usqj490xlb6wf9bt9","package":"prepay_id=wx20160419223243c03de560420023759365","signType":"MD5","timeStamp":"1461076363","paySign":"F63A7BA6EC0B50EE24E360AA8E57645A"}
[2016-04-19 22:34:25][debug] 统一下单......
[2016-04-19 22:34:25][debug] 第[2]次 buyerName: 你呀 --- buyerSex:  --- userSex:  --- songer: 
[2016-04-19 22:34:25][debug] 统一下单......
[2016-04-19 22:34:25][debug] 第[3]次 buyerName: 你呀 --- buyerSex:  --- userSex:  --- songer: 
[2016-04-19 22:34:25][debug] openId: ofjwTwZdTIKsPdnkdj3qR4JQKhso
[2016-04-19 22:34:25][debug] jsApiParameters: {"appId":"wxc42acc5570910d1d","nonceStr":"a775tngx3xd99bxa3ba15h6q39q62qyj","package":"prepay_id=wx2016041922342590057d5a6e0524355937","signType":"MD5","timeStamp":"1461076465","paySign":"66FE494E4B991CF8B625C3A10BC86847"}
[2016-04-19 22:41:48][debug] 统一下单......
[2016-04-19 22:41:48][debug] 第[0]次 buyerName: 噢 --- buyerSex: 0 --- userSex: 1 --- songer:  阿杜
[2016-04-19 22:41:48][debug] 统一下单......
[2016-04-19 22:41:48][debug] 第[1]次 buyerName: 噢 --- buyerSex:  --- userSex: 1 --- songer:  阿杜
[2016-04-19 22:41:49][debug] openId: ofjwTwWQzrnwUKPU_GIi3KCuRReQ
[2016-04-19 22:41:49][debug] jsApiParameters: {"appId":"wxc42acc5570910d1d","nonceStr":"mwncger6t2o1c7hhi61ywwcu1nsn19a6","package":"prepay_id=wx201604192241493e15dc018e0525312106","signType":"MD5","timeStamp":"1461076909","paySign":"FF051B08C415E995426C7BA59B1C290B"}
[2016-04-19 22:45:50][debug] 统一下单......
[2016-04-19 22:45:50][debug] 第[0]次 buyerName: 啦啦啦 --- buyerSex:  --- userSex:  --- songer: 
[2016-04-19 22:45:50][debug] 统一下单......
[2016-04-19 22:45:50][debug] 第[1]次 buyerName: 啦啦啦 --- buyerSex:  --- userSex:  --- songer: 
[2016-04-19 22:45:50][debug] openId: ofjwTwbax3QN1or0LfLbQUFkfcN4
[2016-04-19 22:45:50][debug] jsApiParameters: {"appId":"wxc42acc5570910d1d","nonceStr":"id16gc60fdep565o2zxs3u24k0lndt1x","package":"prepay_id=wx2016041922455051e79839d40962327248","signType":"MD5","timeStamp":"1461077150","paySign":"D54DA27B1AB42E98437CFF030D83CE93"}
[2016-04-19 22:48:21][debug] 统一下单......
[2016-04-19 22:48:21][debug] 第[42]次 buyerName: 电波 --- buyerSex: 0 --- userSex: 1 --- songer: 顺子
[2016-04-19 22:48:21][debug] 统一下单......
[2016-04-19 22:48:21][debug] 第[43]次 buyerName: 电波 --- buyerSex:  --- userSex: 1 --- songer: 顺子
[2016-04-19 22:48:22][debug] openId: ofjwTwV8ZoKrZ1jMIiNHzi_uJynY
[2016-04-19 22:48:32][debug] 统一下单......
[2016-04-19 22:48:32][debug] 第[44]次 buyerName: 电波 --- buyerSex: 0 --- userSex: 1 --- songer: 顺子
[2016-04-19 22:48:33][debug] 统一下单......
[2016-04-19 22:48:33][debug] 第[45]次 buyerName: 电波 --- buyerSex:  --- userSex: 1 --- songer: 顺子
[2016-04-19 22:48:33][debug] openId: ofjwTwV8ZoKrZ1jMIiNHzi_uJynY
[2016-04-19 22:48:40][debug] 统一下单......
[2016-04-19 22:48:40][debug] 第[46]次 buyerName: 电波 --- buyerSex: 0 --- userSex: 1 --- songer: 顺子
[2016-04-19 22:48:41][debug] 统一下单......
[2016-04-19 22:48:41][debug] 第[47]次 buyerName: 电波 --- buyerSex:  --- userSex: 1 --- songer: 顺子
[2016-04-19 22:48:41][debug] openId: ofjwTwV8ZoKrZ1jMIiNHzi_uJynY
[2016-04-19 22:48:47][debug] 统一下单......
[2016-04-19 22:48:47][debug] 第[48]次 buyerName: 电波 --- buyerSex: 0 --- userSex: 1 --- songer: 顺子
[2016-04-19 22:48:47][debug] 统一下单......
[2016-04-19 22:48:47][debug] 第[49]次 buyerName: 电波 --- buyerSex:  --- userSex: 1 --- songer: 顺子
[2016-04-19 22:48:48][debug] openId: ofjwTwV8ZoKrZ1jMIiNHzi_uJynY
[2016-04-19 22:48:56][debug] 统一下单......
[2016-04-19 22:48:56][debug] 第[50]次 buyerName: 电波 --- buyerSex: 0 --- userSex: 1 --- songer: 顺子
[2016-04-19 22:48:56][debug] 统一下单......
[2016-04-19 22:48:56][debug] 第[51]次 buyerName: 电波 --- buyerSex:  --- userSex: 1 --- songer: 顺子
[2016-04-19 22:48:57][debug] openId: ofjwTwV8ZoKrZ1jMIiNHzi_uJynY
[2016-04-19 22:57:55][debug] 统一下单......
[2016-04-19 22:57:55][debug] 第[0]次 buyerName: 帮宝适 --- buyerSex: 0 --- userSex: 0 --- songer: 八点半姐姐
[2016-04-19 22:57:56][debug] 统一下单......
[2016-04-19 22:57:56][debug] 第[1]次 buyerName: 帮宝适 --- buyerSex:  --- userSex:  --- songer: 八点半姐姐
[2016-04-19 22:57:56][debug] openId: ofjwTwVVAIuYV8Gjw80-eEKXIGhQ
[2016-04-19 22:57:56][debug] jsApiParameters: {"appId":"wxc42acc5570910d1d","nonceStr":"evljemd2gjuwn83ghmsipl4om2nw5e23","package":"prepay_id=wx201604192257569d19eca1140146111576","signType":"MD5","timeStamp":"1461077876","paySign":"7DED020550E345558F28D592F98BDC10"}
[2016-04-19 22:57:56][debug] 统一下单......
[2016-04-19 22:57:56][debug] 第[2]次 buyerName: 帮宝适 --- buyerSex:  --- userSex:  --- songer: 八点半姐姐
[2016-04-19 22:57:57][debug] openId: ofjwTwVVAIuYV8Gjw80-eEKXIGhQ
[2016-04-19 22:57:57][debug] jsApiParameters: {"appId":"wxc42acc5570910d1d","nonceStr":"l6j730dpgtkwy9hoyxznd0r5fv9mghsz","package":"prepay_id=wx20160419225757a589fc84880382977627","signType":"MD5","timeStamp":"1461077877","paySign":"3A3BEEF575F16B89CE4387517F8C93F0"}
[2016-04-19 23:07:26][debug] 统一下单......
[2016-04-19 23:07:26][debug] 第[2]次 buyerName: 诗蕾 --- buyerSex: 1 --- userSex: 1 --- songer: 杨宗纬
[2016-04-19 23:07:26][debug] 统一下单......
[2016-04-19 23:07:26][debug] 第[3]次 buyerName: 诗蕾 --- buyerSex: 1 --- userSex: 1 --- songer: 杨宗纬
[2016-04-19 23:07:27][debug] openId: ofjwTwSGJA69KqvSj5QbMFQKP944
[2016-04-19 23:07:52][debug] 统一下单......
[2016-04-19 23:07:52][debug] 第[4]次 buyerName: 诗蕾 --- buyerSex: 1 --- userSex: 1 --- songer: 杨宗纬
[2016-04-19 23:07:53][debug] 统一下单......
[2016-04-19 23:07:53][debug] 第[5]次 buyerName: 诗蕾 --- buyerSex: 1 --- userSex: 1 --- songer: 杨宗纬
[2016-04-19 23:07:53][debug] openId: ofjwTwSGJA69KqvSj5QbMFQKP944
