[2016-04-25 12:12:15][debug] 统一下单......
[2016-04-25 12:12:15][debug] 第[0]次 buyerName: 柯善海 --- buyerSex: 0 --- userSex: 1 --- songer: 黄家驹
[2016-04-25 12:12:16][debug] 统一下单......
[2016-04-25 12:12:16][debug] 第[1]次 buyerName: 柯善海 --- buyerSex:  --- userSex: 1 --- songer: 黄家驹
[2016-04-25 12:12:16][debug] openId: ofjwTwWBqfYQfWCED9S4_FOd8rk0
[2016-04-25 12:12:16][debug] jsApiParameters: {"appId":"wxc42acc5570910d1d","nonceStr":"6lurc58dwn8fi4255keiouoc986grp49","package":"prepay_id=wx201604251212164584f7ef280508256257","signType":"MD5","timeStamp":"1461557536","paySign":"90A783CEBDBB4FBB814D611C130C8068"}
[2016-04-25 19:20:40][debug] begin notify
[2016-04-25 21:17:56][debug] begin notify
[2016-04-25 22:43:26][debug] 统一下单......
[2016-04-25 22:43:26][debug] 第[0]次 buyerName: 久而久之 --- buyerSex: 1 --- userSex: 0 --- songer: 汪苏泷by2
[2016-04-25 22:43:27][debug] 统一下单......
[2016-04-25 22:43:27][debug] 第[1]次 buyerName: 久而久之 --- buyerSex: 1 --- userSex:  --- songer: 汪苏泷by2
[2016-04-25 22:43:27][debug] openId: ofjwTwX5I_47Sr-f4-hD0G7qa4hk
[2016-04-25 22:44:07][debug] 统一下单......
[2016-04-25 22:44:07][debug] 第[2]次 buyerName: 久而久之 --- buyerSex: 1 --- userSex: 0 --- songer: 汪苏泷by2
[2016-04-25 22:44:07][debug] 统一下单......
[2016-04-25 22:44:07][debug] 第[3]次 buyerName: 久而久之 --- buyerSex: 1 --- userSex:  --- songer: 汪苏泷by2
[2016-04-25 22:44:08][debug] openId: ofjwTwX5I_47Sr-f4-hD0G7qa4hk
[2016-04-25 22:44:21][debug] 统一下单......
[2016-04-25 22:44:21][debug] 第[4]次 buyerName: 久而久之 --- buyerSex: 1 --- userSex: 0 --- songer: 汪苏泷by2
[2016-04-25 22:44:22][debug] 统一下单......
[2016-04-25 22:44:22][debug] 第[5]次 buyerName: 久而久之 --- buyerSex: 1 --- userSex:  --- songer: 汪苏泷by2
[2016-04-25 22:44:22][debug] openId: ofjwTwX5I_47Sr-f4-hD0G7qa4hk
[2016-04-25 22:44:37][debug] 统一下单......
[2016-04-25 22:44:37][debug] 第[6]次 buyerName: 久而久之 --- buyerSex: 1 --- userSex: 0 --- songer: 汪苏泷by2
[2016-04-25 22:44:37][debug] 统一下单......
[2016-04-25 22:44:37][debug] 第[7]次 buyerName: 久而久之 --- buyerSex: 1 --- userSex:  --- songer: 汪苏泷by2
[2016-04-25 22:44:38][debug] openId: ofjwTwX5I_47Sr-f4-hD0G7qa4hk
[2016-04-25 23:13:18][debug] 统一下单......
[2016-04-25 23:13:18][debug] 第[0]次 buyerName: 久而久之 --- buyerSex: 1 --- userSex: 0 --- songer: 汪苏泷by2
[2016-04-25 23:13:18][debug] 统一下单......
[2016-04-25 23:13:18][debug] 第[1]次 buyerName: 久而久之 --- buyerSex: 1 --- userSex:  --- songer: 汪苏泷by2
[2016-04-25 23:13:18][debug] openId: ofjwTwX5I_47Sr-f4-hD0G7qa4hk
[2016-04-25 23:13:51][debug] 统一下单......
[2016-04-25 23:13:51][debug] 第[2]次 buyerName: 久而久之 --- buyerSex: 1 --- userSex: 0 --- songer: 汪苏泷by2
[2016-04-25 23:13:52][debug] 统一下单......
[2016-04-25 23:13:52][debug] 第[3]次 buyerName: 久而久之 --- buyerSex: 1 --- userSex:  --- songer: 汪苏泷by2
[2016-04-25 23:13:52][debug] openId: ofjwTwX5I_47Sr-f4-hD0G7qa4hk
[2016-04-25 23:20:11][debug] begin notify
