[2016-04-10 16:39:53][debug] 统一下单......
[2016-04-10 16:39:53][debug] 第[0]次 buyerName: 张辉 --- buyerSex: 0 --- userSex: 1 --- songer: 朱贝贝
[2016-04-10 16:39:54][debug] 统一下单......
[2016-04-10 16:39:54][debug] 第[1]次 buyerName: 张辉 --- buyerSex:  --- userSex: 1 --- songer: 朱贝贝
[2016-04-10 16:39:54][debug] openId: ofjwTweYfJ0u0QlBpkdv40XYEt4E
[2016-04-10 16:40:08][debug] 统一下单......
[2016-04-10 16:40:08][debug] 第[2]次 buyerName: 张辉 --- buyerSex: 0 --- userSex: 1 --- songer: 朱贝贝
[2016-04-10 16:40:08][debug] 统一下单......
[2016-04-10 16:40:08][debug] 第[3]次 buyerName: 张辉 --- buyerSex:  --- userSex: 1 --- songer: 朱贝贝
[2016-04-10 16:40:08][debug] openId: ofjwTweYfJ0u0QlBpkdv40XYEt4E
[2016-04-10 16:40:52][debug] 统一下单......
[2016-04-10 16:40:52][debug] 第[4]次 buyerName: 张辉 --- buyerSex: 0 --- userSex: 1 --- songer: 朱贝贝
[2016-04-10 16:40:52][debug] 统一下单......
[2016-04-10 16:40:52][debug] 第[5]次 buyerName: 张辉 --- buyerSex:  --- userSex: 1 --- songer: 朱贝贝
[2016-04-10 16:40:53][debug] openId: ofjwTweYfJ0u0QlBpkdv40XYEt4E
[2016-04-10 16:40:59][debug] 统一下单......
[2016-04-10 16:40:59][debug] 第[6]次 buyerName: 张辉 --- buyerSex: 0 --- userSex: 1 --- songer: 朱贝贝
[2016-04-10 16:40:59][debug] 统一下单......
[2016-04-10 16:40:59][debug] 第[7]次 buyerName: 张辉 --- buyerSex:  --- userSex: 1 --- songer: 朱贝贝
[2016-04-10 16:40:59][debug] openId: ofjwTweYfJ0u0QlBpkdv40XYEt4E
[2016-04-10 16:45:01][debug] 统一下单......
[2016-04-10 16:45:01][debug] 第[8]次 buyerName: 张辉 --- buyerSex: 0 --- userSex: 1 --- songer: 朱贝贝
[2016-04-10 16:45:01][debug] 统一下单......
[2016-04-10 16:45:01][debug] 第[9]次 buyerName: 张辉 --- buyerSex:  --- userSex: 1 --- songer: 朱贝贝
[2016-04-10 16:45:02][debug] openId: ofjwTweYfJ0u0QlBpkdv40XYEt4E
[2016-04-10 16:46:06][debug] 统一下单......
[2016-04-10 16:46:06][debug] 第[10]次 buyerName: 张辉 --- buyerSex: 0 --- userSex: 1 --- songer: 朱贝贝
[2016-04-10 16:46:07][debug] 统一下单......
[2016-04-10 16:46:07][debug] 第[11]次 buyerName: 张辉 --- buyerSex:  --- userSex: 1 --- songer: 朱贝贝
[2016-04-10 16:46:07][debug] openId: ofjwTweYfJ0u0QlBpkdv40XYEt4E
[2016-04-10 16:46:17][debug] 统一下单......
[2016-04-10 16:46:17][debug] 第[12]次 buyerName: 张辉 --- buyerSex:  --- userSex: 1 --- songer: 朱贝贝
[2016-04-10 16:46:17][debug] openId: 
[2016-04-10 16:49:14][debug] 统一下单......
[2016-04-10 16:49:14][debug] 第[13]次 buyerName: 张辉 --- buyerSex: 0 --- userSex: 1 --- songer: 朱贝贝
[2016-04-10 16:49:14][debug] 统一下单......
[2016-04-10 16:49:14][debug] 第[14]次 buyerName: 张辉 --- buyerSex:  --- userSex: 1 --- songer: 朱贝贝
[2016-04-10 16:49:15][debug] openId: ofjwTweYfJ0u0QlBpkdv40XYEt4E
[2016-04-10 16:49:27][debug] 统一下单......
[2016-04-10 16:49:27][debug] 第[15]次 buyerName: 张辉 --- buyerSex: 0 --- userSex: 1 --- songer: 朱贝贝
[2016-04-10 16:49:27][debug] 统一下单......
[2016-04-10 16:49:27][debug] 第[16]次 buyerName: 张辉 --- buyerSex:  --- userSex: 1 --- songer: 朱贝贝
[2016-04-10 16:49:27][debug] openId: ofjwTweYfJ0u0QlBpkdv40XYEt4E
[2016-04-10 16:50:52][debug] 统一下单......
[2016-04-10 16:50:52][debug] 第[17]次 buyerName: 张辉 --- buyerSex: 0 --- userSex: 1 --- songer: 朱贝贝
[2016-04-10 16:50:52][debug] 统一下单......
[2016-04-10 16:50:52][debug] 第[18]次 buyerName: 张辉 --- buyerSex:  --- userSex: 1 --- songer: 朱贝贝
[2016-04-10 16:50:52][debug] openId: ofjwTweYfJ0u0QlBpkdv40XYEt4E
[2016-04-10 16:51:16][debug] 统一下单......
[2016-04-10 16:51:16][debug] 第[19]次 buyerName: 张辉 --- buyerSex: 0 --- userSex: 1 --- songer: 朱贝贝
[2016-04-10 16:51:16][debug] 统一下单......
[2016-04-10 16:51:16][debug] 第[20]次 buyerName: 张辉 --- buyerSex:  --- userSex: 1 --- songer: 朱贝贝
[2016-04-10 16:51:17][debug] openId: ofjwTweYfJ0u0QlBpkdv40XYEt4E
[2016-04-10 16:54:45][debug] 统一下单......
[2016-04-10 16:54:45][debug] 第[21]次 buyerName: 张辉 --- buyerSex: 0 --- userSex: 1 --- songer: 朱贝贝
[2016-04-10 16:54:45][debug] 统一下单......
[2016-04-10 16:54:45][debug] 第[22]次 buyerName: 张辉 --- buyerSex:  --- userSex: 1 --- songer: 朱贝贝
[2016-04-10 16:54:45][debug] openId: ofjwTweYfJ0u0QlBpkdv40XYEt4E
[2016-04-10 16:56:59][debug] 统一下单......
[2016-04-10 16:56:59][debug] 第[23]次 buyerName: 张辉 --- buyerSex: 0 --- userSex: 1 --- songer: 金志文
[2016-04-10 16:57:00][debug] 统一下单......
[2016-04-10 16:57:00][debug] 第[24]次 buyerName: 张辉 --- buyerSex:  --- userSex: 1 --- songer: 金志文
[2016-04-10 16:57:00][debug] openId: ofjwTweYfJ0u0QlBpkdv40XYEt4E
[2016-04-10 16:57:30][debug] 统一下单......
[2016-04-10 16:57:30][debug] 第[25]次 buyerName: 张辉 --- buyerSex: 0 --- userSex: 1 --- songer: 金志文
[2016-04-10 16:57:30][debug] 统一下单......
[2016-04-10 16:57:30][debug] 第[26]次 buyerName: 张辉 --- buyerSex:  --- userSex: 1 --- songer: 金志文
[2016-04-10 16:57:31][debug] openId: ofjwTweYfJ0u0QlBpkdv40XYEt4E
[2016-04-10 16:58:53][debug] 统一下单......
[2016-04-10 16:58:53][debug] 第[27]次 buyerName: 张辉 --- buyerSex: 0 --- userSex: 1 --- songer: 朱贝贝
[2016-04-10 16:58:53][debug] 统一下单......
[2016-04-10 16:58:53][debug] 第[28]次 buyerName: 张辉 --- buyerSex:  --- userSex: 1 --- songer: 朱贝贝
[2016-04-10 16:58:53][debug] openId: ofjwTweYfJ0u0QlBpkdv40XYEt4E
[2016-04-10 16:59:25][debug] 统一下单......
[2016-04-10 16:59:25][debug] 第[29]次 buyerName: 张辉 --- buyerSex: 0 --- userSex: 1 --- songer: 朱贝贝
[2016-04-10 16:59:25][debug] 统一下单......
[2016-04-10 16:59:25][debug] 第[30]次 buyerName: 张辉 --- buyerSex:  --- userSex: 1 --- songer: 朱贝贝
[2016-04-10 16:59:25][debug] openId: ofjwTweYfJ0u0QlBpkdv40XYEt4E
[2016-04-10 16:59:25][debug] 统一下单......
[2016-04-10 16:59:25][debug] 第[31]次 buyerName: 张辉 --- buyerSex:  --- userSex: 1 --- songer: 朱贝贝
[2016-04-10 16:59:26][debug] openId: ofjwTweYfJ0u0QlBpkdv40XYEt4E
[2016-04-10 17:01:01][debug] 统一下单......
[2016-04-10 17:01:01][debug] 第[32]次 buyerName: 张辉 --- buyerSex: 0 --- userSex: 1 --- songer: 朱贝贝
[2016-04-10 17:01:02][debug] 统一下单......
[2016-04-10 17:01:02][debug] 第[33]次 buyerName: 张辉 --- buyerSex:  --- userSex: 1 --- songer: 朱贝贝
[2016-04-10 17:01:02][debug] openId: ofjwTweYfJ0u0QlBpkdv40XYEt4E
[2016-04-10 17:01:55][debug] 统一下单......
[2016-04-10 17:01:55][debug] 第[34]次 buyerName: 张辉 --- buyerSex: 0 --- userSex: 1 --- songer: 朱贝贝
[2016-04-10 17:01:56][debug] 统一下单......
[2016-04-10 17:01:56][debug] 第[35]次 buyerName: 张辉 --- buyerSex:  --- userSex: 1 --- songer: 朱贝贝
[2016-04-10 17:01:56][debug] openId: ofjwTweYfJ0u0QlBpkdv40XYEt4E
[2016-04-10 17:02:10][debug] 统一下单......
[2016-04-10 17:02:10][debug] 第[36]次 buyerName: 张辉 --- buyerSex: 0 --- userSex: 1 --- songer: 朱贝贝
[2016-04-10 17:02:11][debug] 统一下单......
[2016-04-10 17:02:11][debug] 第[37]次 buyerName: 张辉 --- buyerSex:  --- userSex: 1 --- songer: 朱贝贝
[2016-04-10 17:02:11][debug] openId: ofjwTweYfJ0u0QlBpkdv40XYEt4E
[2016-04-10 17:02:51][debug] 统一下单......
[2016-04-10 17:02:51][debug] 第[38]次 buyerName: 张辉 --- buyerSex: 0 --- userSex: 1 --- songer: 朱贝贝
[2016-04-10 17:02:51][debug] 统一下单......
[2016-04-10 17:02:51][debug] 第[39]次 buyerName: 张辉 --- buyerSex:  --- userSex: 1 --- songer: 朱贝贝
[2016-04-10 17:02:51][debug] openId: ofjwTweYfJ0u0QlBpkdv40XYEt4E
[2016-04-10 17:05:07][debug] 统一下单......
[2016-04-10 17:05:07][debug] 第[40]次 buyerName: 张辉 --- buyerSex: 0 --- userSex: 1 --- songer: 朱贝贝
[2016-04-10 17:05:08][debug] 统一下单......
[2016-04-10 17:05:08][debug] 第[41]次 buyerName: 张辉 --- buyerSex:  --- userSex: 1 --- songer: 朱贝贝
[2016-04-10 17:05:08][debug] openId: ofjwTweYfJ0u0QlBpkdv40XYEt4E
[2016-04-10 17:26:03][debug] 统一下单......
[2016-04-10 17:26:03][debug] 第[0]次 buyerName: 张辉 --- buyerSex: 0 --- userSex: 1 --- songer: 朱贝贝
[2016-04-10 17:26:04][debug] 统一下单......
[2016-04-10 17:26:04][debug] 第[1]次 buyerName: 张辉 --- buyerSex:  --- userSex: 1 --- songer: 朱贝贝
[2016-04-10 17:26:04][debug] openId: ofjwTweYfJ0u0QlBpkdv40XYEt4E
[2016-04-10 17:26:05][debug] jsApiParameters: {"appId":"wxc42acc5570910d1d","nonceStr":"g9fbate0rj0o5vs1snue49bnkmieaxfj","package":"prepay_id=wx2016041017260411fe9ad7b40487846994","signType":"MD5","timeStamp":"1460280365","paySign":"CB15A51A17783B9B29FCC6205DCC6E56"}
[2016-04-10 17:27:55][debug] 统一下单......
[2016-04-10 17:27:55][debug] 第[2]次 buyerName: 张辉 --- buyerSex: 0 --- userSex: 1 --- songer: 朱贝贝
[2016-04-10 17:27:55][debug] 统一下单......
[2016-04-10 17:27:55][debug] 第[3]次 buyerName: 张辉 --- buyerSex:  --- userSex: 1 --- songer: 朱贝贝
[2016-04-10 17:27:56][debug] openId: ofjwTweYfJ0u0QlBpkdv40XYEt4E
[2016-04-10 17:27:56][debug] 统一下单......
[2016-04-10 17:27:56][debug] 第[4]次 buyerName: 张辉 --- buyerSex:  --- userSex: 1 --- songer: 朱贝贝
[2016-04-10 17:27:56][debug] openId: ofjwTweYfJ0u0QlBpkdv40XYEt4E
[2016-04-10 17:28:03][debug] 统一下单......
[2016-04-10 17:28:03][debug] 第[5]次 buyerName: 张辉 --- buyerSex: 0 --- userSex: 1 --- songer: 朱贝贝
[2016-04-10 17:28:04][debug] 统一下单......
[2016-04-10 17:28:04][debug] 第[6]次 buyerName: 张辉 --- buyerSex:  --- userSex: 1 --- songer: 朱贝贝
[2016-04-10 17:28:04][debug] openId: ofjwTweYfJ0u0QlBpkdv40XYEt4E
[2016-04-10 17:28:54][debug] 统一下单......
[2016-04-10 17:28:54][debug] 第[7]次 buyerName: 张辉 --- buyerSex: 0 --- userSex: 1 --- songer: 朱贝贝
[2016-04-10 17:28:54][debug] 统一下单......
[2016-04-10 17:28:54][debug] 第[8]次 buyerName: 张辉 --- buyerSex:  --- userSex: 1 --- songer: 朱贝贝
[2016-04-10 17:28:54][debug] openId: ofjwTweYfJ0u0QlBpkdv40XYEt4E
[2016-04-10 17:29:01][debug] 统一下单......
[2016-04-10 17:29:01][debug] 第[9]次 buyerName: 张辉 --- buyerSex: 0 --- userSex: 1 --- songer: 朱贝贝
[2016-04-10 17:29:02][debug] 统一下单......
[2016-04-10 17:29:02][debug] 第[10]次 buyerName: 张辉 --- buyerSex:  --- userSex: 1 --- songer: 朱贝贝
[2016-04-10 17:29:02][debug] openId: ofjwTweYfJ0u0QlBpkdv40XYEt4E
[2016-04-10 17:29:06][debug] 统一下单......
[2016-04-10 17:29:06][debug] 第[11]次 buyerName: 张辉 --- buyerSex: 0 --- userSex: 1 --- songer: 朱贝贝
[2016-04-10 17:29:07][debug] 统一下单......
[2016-04-10 17:29:07][debug] 第[12]次 buyerName: 张辉 --- buyerSex:  --- userSex: 1 --- songer: 朱贝贝
[2016-04-10 17:29:07][debug] openId: ofjwTweYfJ0u0QlBpkdv40XYEt4E
[2016-04-10 17:29:19][debug] 统一下单......
[2016-04-10 17:29:19][debug] 第[13]次 buyerName: 张辉 --- buyerSex: 0 --- userSex: 1 --- songer: 朱贝贝
[2016-04-10 17:29:19][debug] 统一下单......
[2016-04-10 17:29:19][debug] 第[14]次 buyerName: 张辉 --- buyerSex:  --- userSex: 1 --- songer: 朱贝贝
[2016-04-10 17:29:19][debug] openId: ofjwTweYfJ0u0QlBpkdv40XYEt4E
[2016-04-10 17:29:24][debug] 统一下单......
[2016-04-10 17:29:24][debug] 第[15]次 buyerName: 张辉 --- buyerSex: 0 --- userSex: 1 --- songer: 朱贝贝
[2016-04-10 17:29:25][debug] 统一下单......
[2016-04-10 17:29:25][debug] 第[16]次 buyerName: 张辉 --- buyerSex:  --- userSex: 1 --- songer: 朱贝贝
[2016-04-10 17:29:25][debug] openId: ofjwTweYfJ0u0QlBpkdv40XYEt4E
[2016-04-10 17:29:29][debug] 统一下单......
[2016-04-10 17:29:29][debug] 第[17]次 buyerName: 张辉 --- buyerSex: 0 --- userSex: 1 --- songer: 朱贝贝
[2016-04-10 17:29:29][debug] 统一下单......
[2016-04-10 17:29:29][debug] 第[18]次 buyerName: 张辉 --- buyerSex:  --- userSex: 1 --- songer: 朱贝贝
[2016-04-10 17:29:30][debug] openId: ofjwTweYfJ0u0QlBpkdv40XYEt4E
[2016-04-10 17:31:26][debug] 统一下单......
[2016-04-10 17:31:26][debug] 第[19]次 buyerName: 张辉 --- buyerSex: 0 --- userSex: 1 --- songer: 朱贝贝
[2016-04-10 17:31:26][debug] 统一下单......
[2016-04-10 17:31:26][debug] 第[20]次 buyerName: 张辉 --- buyerSex:  --- userSex: 1 --- songer: 朱贝贝
[2016-04-10 17:31:26][debug] openId: ofjwTweYfJ0u0QlBpkdv40XYEt4E
[2016-04-10 17:31:32][debug] 统一下单......
[2016-04-10 17:31:32][debug] 第[21]次 buyerName: 张辉 --- buyerSex: 0 --- userSex: 1 --- songer: 朱贝贝
[2016-04-10 17:31:32][debug] 统一下单......
[2016-04-10 17:31:32][debug] 第[22]次 buyerName: 张辉 --- buyerSex:  --- userSex: 1 --- songer: 朱贝贝
[2016-04-10 17:31:32][debug] openId: ofjwTweYfJ0u0QlBpkdv40XYEt4E
[2016-04-10 17:32:15][debug] 统一下单......
[2016-04-10 17:32:15][debug] 第[23]次 buyerName: 张辉 --- buyerSex: 0 --- userSex: 1 --- songer: 朱贝贝
[2016-04-10 17:32:15][debug] 统一下单......
[2016-04-10 17:32:15][debug] 第[24]次 buyerName: 张辉 --- buyerSex:  --- userSex: 1 --- songer: 朱贝贝
[2016-04-10 17:32:15][debug] openId: ofjwTweYfJ0u0QlBpkdv40XYEt4E
[2016-04-10 17:32:42][debug] 统一下单......
[2016-04-10 17:32:42][debug] 第[25]次 buyerName: 张辉 --- buyerSex: 0 --- userSex: 1 --- songer: 朱贝贝
[2016-04-10 17:32:42][debug] 统一下单......
[2016-04-10 17:32:42][debug] 第[26]次 buyerName: 张辉 --- buyerSex:  --- userSex: 1 --- songer: 朱贝贝
[2016-04-10 17:32:43][debug] openId: ofjwTweYfJ0u0QlBpkdv40XYEt4E
[2016-04-10 17:32:47][debug] 统一下单......
[2016-04-10 17:32:47][debug] 第[27]次 buyerName: 张辉 --- buyerSex: 0 --- userSex: 1 --- songer: 朱贝贝
[2016-04-10 17:32:48][debug] 统一下单......
[2016-04-10 17:32:48][debug] 第[28]次 buyerName: 张辉 --- buyerSex:  --- userSex: 1 --- songer: 朱贝贝
[2016-04-10 17:32:48][debug] openId: ofjwTweYfJ0u0QlBpkdv40XYEt4E
[2016-04-10 17:34:08][debug] 统一下单......
[2016-04-10 17:34:08][debug] 第[29]次 buyerName: 张辉 --- buyerSex: 0 --- userSex: 1 --- songer: 朱贝贝
[2016-04-10 17:34:08][debug] 统一下单......
[2016-04-10 17:34:08][debug] 第[30]次 buyerName: 张辉 --- buyerSex:  --- userSex: 1 --- songer: 朱贝贝
[2016-04-10 17:34:09][debug] openId: ofjwTweYfJ0u0QlBpkdv40XYEt4E
[2016-04-10 17:34:40][debug] 统一下单......
[2016-04-10 17:34:40][debug] 第[31]次 buyerName: 张辉 --- buyerSex: 0 --- userSex: 1 --- songer: 朱贝贝
[2016-04-10 17:34:41][debug] 统一下单......
[2016-04-10 17:34:41][debug] 第[32]次 buyerName: 张辉 --- buyerSex:  --- userSex: 1 --- songer: 朱贝贝
[2016-04-10 17:34:41][debug] openId: ofjwTweYfJ0u0QlBpkdv40XYEt4E
[2016-04-10 17:34:45][debug] 统一下单......
[2016-04-10 17:34:45][debug] 第[33]次 buyerName: 张辉 --- buyerSex: 0 --- userSex: 1 --- songer: 朱贝贝
[2016-04-10 17:34:46][debug] 统一下单......
[2016-04-10 17:34:46][debug] 第[34]次 buyerName: 张辉 --- buyerSex:  --- userSex: 1 --- songer: 朱贝贝
[2016-04-10 17:34:46][debug] openId: ofjwTweYfJ0u0QlBpkdv40XYEt4E
[2016-04-10 17:35:25][debug] 统一下单......
[2016-04-10 17:35:25][debug] 第[0]次 buyerName: 黄涛 --- buyerSex: 0 --- userSex: 1 --- songer: 广告
[2016-04-10 17:35:25][debug] 统一下单......
[2016-04-10 17:35:25][debug] 第[1]次 buyerName: 黄涛 --- buyerSex:  --- userSex: 1 --- songer: 广告
[2016-04-10 17:35:26][debug] openId: ofjwTwZdTIKsPdnkdj3qR4JQKhso
[2016-04-10 17:35:26][debug] jsApiParameters: {"appId":"wxc42acc5570910d1d","nonceStr":"jlc9uzzddwsy861hu3kdh6k8awqvvt4j","package":"prepay_id=wx20160410173526ee2b70d8020135523616","signType":"MD5","timeStamp":"1460280926","paySign":"2D2543E3F4010EFFD950727A37FACD88"}
[2016-04-10 17:35:35][debug] 统一下单......
[2016-04-10 17:35:35][debug] 第[2]次 buyerName: 黄涛 --- buyerSex: 0 --- userSex: 1 --- songer: 广告
[2016-04-10 17:35:35][debug] 统一下单......
[2016-04-10 17:35:35][debug] 第[3]次 buyerName: 黄涛 --- buyerSex:  --- userSex: 1 --- songer: 广告
[2016-04-10 17:35:36][debug] openId: ofjwTwZdTIKsPdnkdj3qR4JQKhso
[2016-04-10 17:35:36][debug] jsApiParameters: {"appId":"wxc42acc5570910d1d","nonceStr":"quk50dkvae18dezefk1xfnn0rn2ihe9l","package":"prepay_id=wx201604101735366a0c17b1250599104006","signType":"MD5","timeStamp":"1460280936","paySign":"31716F39C1C7649ECE842B6C19F34A92"}
[2016-04-10 17:37:23][debug] 统一下单......
[2016-04-10 17:37:23][debug] 第[35]次 buyerName: 张辉 --- buyerSex: 0 --- userSex: 1 --- songer: 朱贝贝
[2016-04-10 17:37:23][debug] 统一下单......
[2016-04-10 17:37:23][debug] 第[36]次 buyerName: 张辉 --- buyerSex:  --- userSex: 1 --- songer: 朱贝贝
[2016-04-10 17:37:23][debug] openId: ofjwTweYfJ0u0QlBpkdv40XYEt4E
[2016-04-10 17:37:30][debug] 统一下单......
[2016-04-10 17:37:30][debug] 第[37]次 buyerName: 张辉 --- buyerSex: 0 --- userSex: 1 --- songer: 朱贝贝
[2016-04-10 17:37:31][debug] 统一下单......
[2016-04-10 17:37:31][debug] 第[38]次 buyerName: 张辉 --- buyerSex:  --- userSex: 1 --- songer: 朱贝贝
[2016-04-10 17:37:31][debug] openId: ofjwTweYfJ0u0QlBpkdv40XYEt4E
[2016-04-10 17:37:35][debug] 统一下单......
[2016-04-10 17:37:35][debug] 第[39]次 buyerName: 张辉 --- buyerSex: 0 --- userSex: 1 --- songer: 朱贝贝
[2016-04-10 17:37:35][debug] 统一下单......
[2016-04-10 17:37:35][debug] 第[40]次 buyerName: 张辉 --- buyerSex:  --- userSex: 1 --- songer: 朱贝贝
[2016-04-10 17:37:36][debug] openId: ofjwTweYfJ0u0QlBpkdv40XYEt4E
[2016-04-10 17:37:40][debug] 统一下单......
[2016-04-10 17:37:40][debug] 第[41]次 buyerName: 张辉 --- buyerSex: 0 --- userSex: 1 --- songer: 朱贝贝
[2016-04-10 17:37:40][debug] 统一下单......
[2016-04-10 17:37:40][debug] 第[42]次 buyerName: 张辉 --- buyerSex:  --- userSex: 1 --- songer: 朱贝贝
[2016-04-10 17:37:40][debug] openId: ofjwTweYfJ0u0QlBpkdv40XYEt4E
[2016-04-10 17:37:44][debug] 统一下单......
[2016-04-10 17:37:44][debug] 第[43]次 buyerName: 张辉 --- buyerSex: 0 --- userSex: 1 --- songer: 朱贝贝
[2016-04-10 17:37:44][debug] 统一下单......
[2016-04-10 17:37:44][debug] 第[44]次 buyerName: 张辉 --- buyerSex:  --- userSex: 1 --- songer: 朱贝贝
[2016-04-10 17:37:44][debug] openId: ofjwTweYfJ0u0QlBpkdv40XYEt4E
[2016-04-10 17:37:53][debug] 统一下单......
[2016-04-10 17:37:53][debug] 第[45]次 buyerName: 张辉 --- buyerSex: 0 --- userSex: 1 --- songer: 朱贝贝
[2016-04-10 17:37:53][debug] 统一下单......
[2016-04-10 17:37:53][debug] 第[46]次 buyerName: 张辉 --- buyerSex:  --- userSex: 1 --- songer: 朱贝贝
[2016-04-10 17:37:53][debug] openId: ofjwTweYfJ0u0QlBpkdv40XYEt4E
[2016-04-10 17:37:57][debug] 统一下单......
[2016-04-10 17:37:57][debug] 第[47]次 buyerName: 张辉 --- buyerSex: 0 --- userSex: 1 --- songer: 朱贝贝
[2016-04-10 17:37:57][debug] 统一下单......
[2016-04-10 17:37:57][debug] 第[48]次 buyerName: 张辉 --- buyerSex:  --- userSex: 1 --- songer: 朱贝贝
[2016-04-10 17:37:58][debug] openId: ofjwTweYfJ0u0QlBpkdv40XYEt4E
[2016-04-10 17:37:58][debug] 统一下单......
[2016-04-10 17:37:58][debug] 第[49]次 buyerName: 张辉 --- buyerSex:  --- userSex: 1 --- songer: 朱贝贝
[2016-04-10 17:37:58][debug] openId: ofjwTweYfJ0u0QlBpkdv40XYEt4E
[2016-04-10 17:38:01][debug] 统一下单......
[2016-04-10 17:38:01][debug] 第[50]次 buyerName: 张辉 --- buyerSex: 0 --- userSex: 1 --- songer: 朱贝贝
[2016-04-10 17:38:02][debug] 统一下单......
[2016-04-10 17:38:02][debug] 第[51]次 buyerName: 张辉 --- buyerSex:  --- userSex: 1 --- songer: 朱贝贝
[2016-04-10 17:38:02][debug] openId: ofjwTweYfJ0u0QlBpkdv40XYEt4E
[2016-04-10 17:38:10][debug] 统一下单......
[2016-04-10 17:38:10][debug] 第[52]次 buyerName: 张辉 --- buyerSex: 0 --- userSex: 1 --- songer: 朱贝贝
[2016-04-10 17:38:10][debug] 统一下单......
[2016-04-10 17:38:10][debug] 第[53]次 buyerName: 张辉 --- buyerSex:  --- userSex: 1 --- songer: 朱贝贝
[2016-04-10 17:38:11][debug] openId: ofjwTweYfJ0u0QlBpkdv40XYEt4E
[2016-04-10 17:38:14][debug] 统一下单......
[2016-04-10 17:38:14][debug] 第[54]次 buyerName: 张辉 --- buyerSex: 0 --- userSex: 1 --- songer: 朱贝贝
[2016-04-10 17:38:15][debug] 统一下单......
[2016-04-10 17:38:15][debug] 第[55]次 buyerName: 张辉 --- buyerSex:  --- userSex: 1 --- songer: 朱贝贝
[2016-04-10 17:38:15][debug] openId: ofjwTweYfJ0u0QlBpkdv40XYEt4E
[2016-04-10 17:38:18][debug] 统一下单......
[2016-04-10 17:38:18][debug] 第[56]次 buyerName: 张辉 --- buyerSex: 0 --- userSex: 1 --- songer: 朱贝贝
[2016-04-10 17:38:19][debug] 统一下单......
[2016-04-10 17:38:19][debug] 第[57]次 buyerName: 张辉 --- buyerSex:  --- userSex: 1 --- songer: 朱贝贝
[2016-04-10 17:38:19][debug] openId: ofjwTweYfJ0u0QlBpkdv40XYEt4E
[2016-04-10 17:38:19][debug] 统一下单......
[2016-04-10 17:38:19][debug] 第[58]次 buyerName: 张辉 --- buyerSex:  --- userSex: 1 --- songer: 朱贝贝
[2016-04-10 17:38:19][debug] openId: ofjwTweYfJ0u0QlBpkdv40XYEt4E
[2016-04-10 17:38:23][debug] 统一下单......
[2016-04-10 17:38:23][debug] 第[59]次 buyerName: 张辉 --- buyerSex: 0 --- userSex: 1 --- songer: 朱贝贝
[2016-04-10 17:38:23][debug] 统一下单......
[2016-04-10 17:38:23][debug] 第[60]次 buyerName: 张辉 --- buyerSex:  --- userSex: 1 --- songer: 朱贝贝
[2016-04-10 17:38:23][debug] openId: ofjwTweYfJ0u0QlBpkdv40XYEt4E
[2016-04-10 17:38:27][debug] 统一下单......
[2016-04-10 17:38:27][debug] 第[61]次 buyerName: 张辉 --- buyerSex: 0 --- userSex: 1 --- songer: 朱贝贝
[2016-04-10 17:38:27][debug] 统一下单......
[2016-04-10 17:38:27][debug] 第[62]次 buyerName: 张辉 --- buyerSex:  --- userSex: 1 --- songer: 朱贝贝
[2016-04-10 17:38:27][debug] openId: ofjwTweYfJ0u0QlBpkdv40XYEt4E
[2016-04-10 17:38:34][debug] 统一下单......
[2016-04-10 17:38:34][debug] 第[63]次 buyerName: 张辉 --- buyerSex: 0 --- userSex: 1 --- songer: 朱贝贝
[2016-04-10 17:38:35][debug] 统一下单......
[2016-04-10 17:38:35][debug] 第[64]次 buyerName: 张辉 --- buyerSex:  --- userSex: 1 --- songer: 朱贝贝
[2016-04-10 17:38:35][debug] openId: ofjwTweYfJ0u0QlBpkdv40XYEt4E
[2016-04-10 17:38:38][debug] 统一下单......
[2016-04-10 17:38:38][debug] 第[65]次 buyerName: 张辉 --- buyerSex: 0 --- userSex: 1 --- songer: 朱贝贝
[2016-04-10 17:38:39][debug] 统一下单......
[2016-04-10 17:38:39][debug] 第[66]次 buyerName: 张辉 --- buyerSex:  --- userSex: 1 --- songer: 朱贝贝
[2016-04-10 17:38:39][debug] openId: ofjwTweYfJ0u0QlBpkdv40XYEt4E
[2016-04-10 17:38:42][debug] 统一下单......
[2016-04-10 17:38:42][debug] 第[67]次 buyerName: 张辉 --- buyerSex: 0 --- userSex: 1 --- songer: 朱贝贝
[2016-04-10 17:38:43][debug] 统一下单......
[2016-04-10 17:38:43][debug] 第[68]次 buyerName: 张辉 --- buyerSex:  --- userSex: 1 --- songer: 朱贝贝
[2016-04-10 17:38:43][debug] openId: ofjwTweYfJ0u0QlBpkdv40XYEt4E
[2016-04-10 17:38:47][debug] 统一下单......
[2016-04-10 17:38:47][debug] 第[69]次 buyerName: 张辉 --- buyerSex: 0 --- userSex: 1 --- songer: 朱贝贝
[2016-04-10 17:38:47][debug] 统一下单......
[2016-04-10 17:38:47][debug] 第[70]次 buyerName: 张辉 --- buyerSex:  --- userSex: 1 --- songer: 朱贝贝
[2016-04-10 17:38:47][debug] openId: ofjwTweYfJ0u0QlBpkdv40XYEt4E
[2016-04-10 17:38:51][debug] 统一下单......
[2016-04-10 17:38:51][debug] 第[71]次 buyerName: 张辉 --- buyerSex: 0 --- userSex: 1 --- songer: 朱贝贝
[2016-04-10 17:38:52][debug] 统一下单......
[2016-04-10 17:38:52][debug] 第[72]次 buyerName: 张辉 --- buyerSex:  --- userSex: 1 --- songer: 朱贝贝
[2016-04-10 17:38:52][debug] openId: ofjwTweYfJ0u0QlBpkdv40XYEt4E
[2016-04-10 17:38:55][debug] 统一下单......
[2016-04-10 17:38:55][debug] 第[73]次 buyerName: 张辉 --- buyerSex: 0 --- userSex: 1 --- songer: 朱贝贝
[2016-04-10 17:38:56][debug] 统一下单......
[2016-04-10 17:38:56][debug] 第[74]次 buyerName: 张辉 --- buyerSex:  --- userSex: 1 --- songer: 朱贝贝
[2016-04-10 17:38:56][debug] openId: ofjwTweYfJ0u0QlBpkdv40XYEt4E
[2016-04-10 17:39:01][debug] 统一下单......
[2016-04-10 17:39:01][debug] 第[75]次 buyerName: 张辉 --- buyerSex: 0 --- userSex: 1 --- songer: 朱贝贝
[2016-04-10 17:39:02][debug] 统一下单......
[2016-04-10 17:39:02][debug] 第[76]次 buyerName: 张辉 --- buyerSex:  --- userSex: 1 --- songer: 朱贝贝
[2016-04-10 17:39:03][debug] openId: ofjwTweYfJ0u0QlBpkdv40XYEt4E
[2016-04-10 17:39:09][debug] 统一下单......
[2016-04-10 17:39:09][debug] 第[77]次 buyerName: 张辉 --- buyerSex: 0 --- userSex: 1 --- songer: 朱贝贝
[2016-04-10 17:39:09][debug] 统一下单......
[2016-04-10 17:39:09][debug] 第[78]次 buyerName: 张辉 --- buyerSex:  --- userSex: 1 --- songer: 朱贝贝
[2016-04-10 17:39:10][debug] openId: ofjwTweYfJ0u0QlBpkdv40XYEt4E
[2016-04-10 17:39:16][debug] 统一下单......
[2016-04-10 17:39:16][debug] 第[79]次 buyerName: 张辉 --- buyerSex: 0 --- userSex: 1 --- songer: 朱贝贝
[2016-04-10 17:39:16][debug] 统一下单......
[2016-04-10 17:39:16][debug] 第[80]次 buyerName: 张辉 --- buyerSex:  --- userSex: 1 --- songer: 朱贝贝
[2016-04-10 17:39:17][debug] openId: ofjwTweYfJ0u0QlBpkdv40XYEt4E
[2016-04-10 17:39:39][debug] 统一下单......
[2016-04-10 17:39:39][debug] 第[81]次 buyerName: 张辉 --- buyerSex: 0 --- userSex: 1 --- songer: 朱贝贝
[2016-04-10 17:39:40][debug] 统一下单......
[2016-04-10 17:39:40][debug] 第[82]次 buyerName: 张辉 --- buyerSex:  --- userSex: 1 --- songer: 朱贝贝
[2016-04-10 17:39:40][debug] openId: ofjwTweYfJ0u0QlBpkdv40XYEt4E
[2016-04-10 17:39:44][debug] 统一下单......
[2016-04-10 17:39:44][debug] 第[83]次 buyerName: 张辉 --- buyerSex: 0 --- userSex: 1 --- songer: 朱贝贝
[2016-04-10 17:39:44][debug] 统一下单......
[2016-04-10 17:39:44][debug] 第[84]次 buyerName: 张辉 --- buyerSex:  --- userSex: 1 --- songer: 朱贝贝
[2016-04-10 17:39:45][debug] openId: ofjwTweYfJ0u0QlBpkdv40XYEt4E
[2016-04-10 17:39:49][debug] 统一下单......
[2016-04-10 17:39:49][debug] 第[85]次 buyerName: 张辉 --- buyerSex: 0 --- userSex: 1 --- songer: 朱贝贝
[2016-04-10 17:39:49][debug] 统一下单......
[2016-04-10 17:39:49][debug] 第[86]次 buyerName: 张辉 --- buyerSex:  --- userSex: 1 --- songer: 朱贝贝
[2016-04-10 17:39:49][debug] openId: ofjwTweYfJ0u0QlBpkdv40XYEt4E
[2016-04-10 17:39:53][debug] 统一下单......
[2016-04-10 17:39:53][debug] 第[87]次 buyerName: 张辉 --- buyerSex: 0 --- userSex: 1 --- songer: 朱贝贝
[2016-04-10 17:39:53][debug] 统一下单......
[2016-04-10 17:39:53][debug] 第[88]次 buyerName: 张辉 --- buyerSex:  --- userSex: 1 --- songer: 朱贝贝
[2016-04-10 17:39:53][debug] openId: ofjwTweYfJ0u0QlBpkdv40XYEt4E
[2016-04-10 17:40:00][debug] 统一下单......
[2016-04-10 17:40:00][debug] 第[89]次 buyerName: 张辉 --- buyerSex: 0 --- userSex: 1 --- songer: 朱贝贝
[2016-04-10 17:40:00][debug] 统一下单......
[2016-04-10 17:40:00][debug] 第[90]次 buyerName: 张辉 --- buyerSex:  --- userSex: 1 --- songer: 朱贝贝
[2016-04-10 17:40:01][debug] openId: ofjwTweYfJ0u0QlBpkdv40XYEt4E
[2016-04-10 17:40:04][debug] 统一下单......
[2016-04-10 17:40:04][debug] 第[91]次 buyerName: 张辉 --- buyerSex: 0 --- userSex: 1 --- songer: 朱贝贝
[2016-04-10 17:40:04][debug] 统一下单......
[2016-04-10 17:40:04][debug] 第[92]次 buyerName: 张辉 --- buyerSex:  --- userSex: 1 --- songer: 朱贝贝
[2016-04-10 17:40:05][debug] openId: ofjwTweYfJ0u0QlBpkdv40XYEt4E
[2016-04-10 17:40:10][debug] 统一下单......
[2016-04-10 17:40:10][debug] 第[93]次 buyerName: 张辉 --- buyerSex: 0 --- userSex: 1 --- songer: 朱贝贝
[2016-04-10 17:40:10][debug] 统一下单......
[2016-04-10 17:40:10][debug] 第[94]次 buyerName: 张辉 --- buyerSex:  --- userSex: 1 --- songer: 朱贝贝
[2016-04-10 17:40:10][debug] openId: ofjwTweYfJ0u0QlBpkdv40XYEt4E
[2016-04-10 17:40:14][debug] 统一下单......
[2016-04-10 17:40:14][debug] 第[95]次 buyerName: 张辉 --- buyerSex: 0 --- userSex: 1 --- songer: 朱贝贝
[2016-04-10 17:40:14][debug] 统一下单......
[2016-04-10 17:40:14][debug] 第[96]次 buyerName: 张辉 --- buyerSex:  --- userSex: 1 --- songer: 朱贝贝
[2016-04-10 17:40:14][debug] openId: ofjwTweYfJ0u0QlBpkdv40XYEt4E
[2016-04-10 17:40:18][debug] 统一下单......
[2016-04-10 17:40:18][debug] 第[97]次 buyerName: 张辉 --- buyerSex: 0 --- userSex: 1 --- songer: 朱贝贝
[2016-04-10 17:40:18][debug] 统一下单......
[2016-04-10 17:40:18][debug] 第[98]次 buyerName: 张辉 --- buyerSex:  --- userSex: 1 --- songer: 朱贝贝
[2016-04-10 17:40:19][debug] openId: ofjwTweYfJ0u0QlBpkdv40XYEt4E
[2016-04-10 17:40:19][debug] 统一下单......
[2016-04-10 17:40:19][debug] 第[99]次 buyerName: 张辉 --- buyerSex:  --- userSex: 1 --- songer: 朱贝贝
[2016-04-10 17:40:19][debug] openId: ofjwTweYfJ0u0QlBpkdv40XYEt4E
[2016-04-10 17:40:22][debug] 统一下单......
[2016-04-10 17:40:22][debug] 第[100]次 buyerName: 张辉 --- buyerSex: 0 --- userSex: 1 --- songer: 朱贝贝
[2016-04-10 17:40:23][debug] 统一下单......
[2016-04-10 17:40:23][debug] 第[101]次 buyerName: 张辉 --- buyerSex:  --- userSex: 1 --- songer: 朱贝贝
[2016-04-10 17:40:23][debug] openId: ofjwTweYfJ0u0QlBpkdv40XYEt4E
[2016-04-10 17:40:28][debug] 统一下单......
[2016-04-10 17:40:28][debug] 第[102]次 buyerName: 张辉 --- buyerSex: 0 --- userSex: 1 --- songer: 朱贝贝
[2016-04-10 17:40:28][debug] 统一下单......
[2016-04-10 17:40:28][debug] 第[103]次 buyerName: 张辉 --- buyerSex:  --- userSex: 1 --- songer: 朱贝贝
[2016-04-10 17:40:28][debug] openId: ofjwTweYfJ0u0QlBpkdv40XYEt4E
[2016-04-10 17:40:32][debug] 统一下单......
[2016-04-10 17:40:32][debug] 第[104]次 buyerName: 张辉 --- buyerSex: 0 --- userSex: 1 --- songer: 朱贝贝
[2016-04-10 17:40:33][debug] 统一下单......
[2016-04-10 17:40:33][debug] 第[105]次 buyerName: 张辉 --- buyerSex:  --- userSex: 1 --- songer: 朱贝贝
[2016-04-10 17:40:33][debug] openId: ofjwTweYfJ0u0QlBpkdv40XYEt4E
[2016-04-10 17:40:36][debug] 统一下单......
[2016-04-10 17:40:36][debug] 第[106]次 buyerName: 张辉 --- buyerSex: 0 --- userSex: 1 --- songer: 朱贝贝
[2016-04-10 17:40:37][debug] 统一下单......
[2016-04-10 17:40:37][debug] 第[107]次 buyerName: 张辉 --- buyerSex:  --- userSex: 1 --- songer: 朱贝贝
[2016-04-10 17:40:37][debug] openId: ofjwTweYfJ0u0QlBpkdv40XYEt4E
[2016-04-10 17:40:41][debug] 统一下单......
[2016-04-10 17:40:41][debug] 第[108]次 buyerName: 张辉 --- buyerSex: 0 --- userSex: 1 --- songer: 朱贝贝
[2016-04-10 17:40:41][debug] 统一下单......
[2016-04-10 17:40:41][debug] 第[109]次 buyerName: 张辉 --- buyerSex:  --- userSex: 1 --- songer: 朱贝贝
[2016-04-10 17:40:41][debug] openId: ofjwTweYfJ0u0QlBpkdv40XYEt4E
[2016-04-10 17:40:45][debug] 统一下单......
[2016-04-10 17:40:45][debug] 第[110]次 buyerName: 张辉 --- buyerSex: 0 --- userSex: 1 --- songer: 朱贝贝
[2016-04-10 17:40:45][debug] 统一下单......
[2016-04-10 17:40:45][debug] 第[111]次 buyerName: 张辉 --- buyerSex:  --- userSex: 1 --- songer: 朱贝贝
[2016-04-10 17:40:45][debug] openId: ofjwTweYfJ0u0QlBpkdv40XYEt4E
[2016-04-10 17:40:49][debug] 统一下单......
[2016-04-10 17:40:49][debug] 第[112]次 buyerName: 张辉 --- buyerSex: 0 --- userSex: 1 --- songer: 朱贝贝
[2016-04-10 17:40:49][debug] 统一下单......
[2016-04-10 17:40:49][debug] 第[113]次 buyerName: 张辉 --- buyerSex:  --- userSex: 1 --- songer: 朱贝贝
[2016-04-10 17:40:49][debug] openId: ofjwTweYfJ0u0QlBpkdv40XYEt4E
[2016-04-10 17:41:04][debug] 统一下单......
[2016-04-10 17:41:04][debug] 第[114]次 buyerName: 张辉 --- buyerSex: 0 --- userSex: 1 --- songer: 朱贝贝
[2016-04-10 17:41:04][debug] 统一下单......
[2016-04-10 17:41:04][debug] 第[115]次 buyerName: 张辉 --- buyerSex:  --- userSex: 1 --- songer: 朱贝贝
[2016-04-10 17:41:04][debug] openId: ofjwTweYfJ0u0QlBpkdv40XYEt4E
[2016-04-10 17:41:09][debug] 统一下单......
[2016-04-10 17:41:09][debug] 第[116]次 buyerName: 张辉 --- buyerSex: 0 --- userSex: 1 --- songer: 朱贝贝
[2016-04-10 17:41:10][debug] 统一下单......
[2016-04-10 17:41:10][debug] 第[117]次 buyerName: 张辉 --- buyerSex:  --- userSex: 1 --- songer: 朱贝贝
[2016-04-10 17:41:10][debug] openId: ofjwTweYfJ0u0QlBpkdv40XYEt4E
[2016-04-10 17:41:20][debug] 统一下单......
[2016-04-10 17:41:20][debug] 第[118]次 buyerName: 张辉 --- buyerSex: 0 --- userSex: 1 --- songer: 朱贝贝
[2016-04-10 17:41:20][debug] 统一下单......
[2016-04-10 17:41:20][debug] 第[119]次 buyerName: 张辉 --- buyerSex:  --- userSex: 1 --- songer: 朱贝贝
[2016-04-10 17:41:20][debug] openId: ofjwTweYfJ0u0QlBpkdv40XYEt4E
[2016-04-10 17:41:24][debug] 统一下单......
[2016-04-10 17:41:24][debug] 第[120]次 buyerName: 张辉 --- buyerSex: 0 --- userSex: 1 --- songer: 朱贝贝
[2016-04-10 17:41:25][debug] 统一下单......
[2016-04-10 17:41:25][debug] 第[121]次 buyerName: 张辉 --- buyerSex:  --- userSex: 1 --- songer: 朱贝贝
[2016-04-10 17:41:25][debug] openId: ofjwTweYfJ0u0QlBpkdv40XYEt4E
[2016-04-10 17:41:50][debug] 统一下单......
[2016-04-10 17:41:50][debug] 第[122]次 buyerName: 张辉 --- buyerSex: 0 --- userSex: 1 --- songer: 朱贝贝
[2016-04-10 17:41:50][debug] 统一下单......
[2016-04-10 17:41:50][debug] 第[123]次 buyerName: 张辉 --- buyerSex:  --- userSex: 1 --- songer: 朱贝贝
[2016-04-10 17:41:51][debug] openId: ofjwTweYfJ0u0QlBpkdv40XYEt4E
[2016-04-10 17:42:04][debug] 统一下单......
[2016-04-10 17:42:04][debug] 第[124]次 buyerName: 张辉 --- buyerSex: 0 --- userSex: 1 --- songer: 朱贝贝
[2016-04-10 17:42:04][debug] 统一下单......
[2016-04-10 17:42:04][debug] 第[125]次 buyerName: 张辉 --- buyerSex:  --- userSex: 1 --- songer: 朱贝贝
[2016-04-10 17:42:05][debug] openId: ofjwTweYfJ0u0QlBpkdv40XYEt4E
[2016-04-10 17:42:16][debug] 统一下单......
[2016-04-10 17:42:16][debug] 第[126]次 buyerName: 张辉 --- buyerSex: 0 --- userSex: 1 --- songer: 朱贝贝
[2016-04-10 17:42:16][debug] 统一下单......
[2016-04-10 17:42:16][debug] 第[127]次 buyerName: 张辉 --- buyerSex:  --- userSex: 1 --- songer: 朱贝贝
[2016-04-10 17:42:17][debug] openId: ofjwTweYfJ0u0QlBpkdv40XYEt4E
[2016-04-10 17:42:20][debug] 统一下单......
[2016-04-10 17:42:20][debug] 第[128]次 buyerName: 张辉 --- buyerSex: 0 --- userSex: 1 --- songer: 朱贝贝
[2016-04-10 17:42:20][debug] 统一下单......
[2016-04-10 17:42:20][debug] 第[129]次 buyerName: 张辉 --- buyerSex:  --- userSex: 1 --- songer: 朱贝贝
[2016-04-10 17:42:21][debug] openId: ofjwTweYfJ0u0QlBpkdv40XYEt4E
[2016-04-10 17:42:24][debug] 统一下单......
[2016-04-10 17:42:24][debug] 第[130]次 buyerName: 张辉 --- buyerSex: 0 --- userSex: 1 --- songer: 朱贝贝
[2016-04-10 17:42:25][debug] 统一下单......
[2016-04-10 17:42:25][debug] 第[131]次 buyerName: 张辉 --- buyerSex:  --- userSex: 1 --- songer: 朱贝贝
[2016-04-10 17:42:25][debug] openId: ofjwTweYfJ0u0QlBpkdv40XYEt4E
[2016-04-10 17:42:28][debug] 统一下单......
[2016-04-10 17:42:28][debug] 第[132]次 buyerName: 张辉 --- buyerSex: 0 --- userSex: 1 --- songer: 朱贝贝
[2016-04-10 17:42:28][debug] 统一下单......
[2016-04-10 17:42:28][debug] 第[133]次 buyerName: 张辉 --- buyerSex:  --- userSex: 1 --- songer: 朱贝贝
[2016-04-10 17:42:29][debug] openId: ofjwTweYfJ0u0QlBpkdv40XYEt4E
[2016-04-10 17:43:19][debug] 统一下单......
[2016-04-10 17:43:19][debug] 第[134]次 buyerName: 张辉 --- buyerSex: 0 --- userSex: 1 --- songer: 朱贝贝
[2016-04-10 17:43:20][debug] 统一下单......
[2016-04-10 17:43:20][debug] 第[135]次 buyerName: 张辉 --- buyerSex:  --- userSex: 1 --- songer: 朱贝贝
[2016-04-10 17:43:20][debug] openId: ofjwTweYfJ0u0QlBpkdv40XYEt4E
[2016-04-10 17:43:24][debug] 统一下单......
[2016-04-10 17:43:24][debug] 第[136]次 buyerName: 张辉 --- buyerSex: 0 --- userSex: 1 --- songer: 朱贝贝
[2016-04-10 17:43:25][debug] 统一下单......
[2016-04-10 17:43:25][debug] 第[137]次 buyerName: 张辉 --- buyerSex:  --- userSex: 1 --- songer: 朱贝贝
[2016-04-10 17:43:25][debug] openId: ofjwTweYfJ0u0QlBpkdv40XYEt4E
[2016-04-10 17:43:30][debug] 统一下单......
[2016-04-10 17:43:30][debug] 第[138]次 buyerName: 张辉 --- buyerSex: 0 --- userSex: 1 --- songer: 朱贝贝
[2016-04-10 17:43:31][debug] 统一下单......
[2016-04-10 17:43:31][debug] 第[139]次 buyerName: 张辉 --- buyerSex:  --- userSex: 1 --- songer: 朱贝贝
[2016-04-10 17:43:31][debug] openId: ofjwTweYfJ0u0QlBpkdv40XYEt4E
[2016-04-10 17:44:01][debug] 统一下单......
[2016-04-10 17:44:01][debug] 第[140]次 buyerName: 张辉 --- buyerSex: 0 --- userSex: 1 --- songer: 朱贝贝
[2016-04-10 17:44:02][debug] 统一下单......
[2016-04-10 17:44:02][debug] 第[141]次 buyerName: 张辉 --- buyerSex:  --- userSex: 1 --- songer: 朱贝贝
[2016-04-10 17:44:02][debug] openId: ofjwTweYfJ0u0QlBpkdv40XYEt4E
[2016-04-10 17:45:59][debug] 统一下单......
[2016-04-10 17:45:59][debug] 第[142]次 buyerName: 张辉 --- buyerSex: 0 --- userSex: 1 --- songer: 朱贝贝
[2016-04-10 17:46:00][debug] 统一下单......
[2016-04-10 17:46:00][debug] 第[143]次 buyerName: 张辉 --- buyerSex:  --- userSex: 1 --- songer: 朱贝贝
[2016-04-10 17:46:00][debug] openId: ofjwTweYfJ0u0QlBpkdv40XYEt4E
[2016-04-10 17:47:28][debug] 统一下单......
[2016-04-10 17:47:28][debug] 第[144]次 buyerName: 张辉 --- buyerSex: 0 --- userSex: 1 --- songer: 朱贝贝
[2016-04-10 17:47:30][debug] 统一下单......
[2016-04-10 17:47:30][debug] 第[145]次 buyerName: 张辉 --- buyerSex:  --- userSex: 1 --- songer: 朱贝贝
[2016-04-10 17:47:30][debug] openId: ofjwTweYfJ0u0QlBpkdv40XYEt4E
[2016-04-10 17:48:23][debug] 统一下单......
[2016-04-10 17:48:23][debug] 第[146]次 buyerName: 张辉 --- buyerSex: 0 --- userSex: 1 --- songer: 朱贝贝
[2016-04-10 17:48:23][debug] 统一下单......
[2016-04-10 17:48:23][debug] 第[147]次 buyerName: 张辉 --- buyerSex:  --- userSex: 1 --- songer: 朱贝贝
[2016-04-10 17:48:23][debug] openId: ofjwTweYfJ0u0QlBpkdv40XYEt4E
[2016-04-10 17:50:33][debug] 统一下单......
[2016-04-10 17:50:33][debug] 第[148]次 buyerName: 张辉 --- buyerSex: 0 --- userSex: 1 --- songer: 朱贝贝
[2016-04-10 17:50:33][debug] 统一下单......
[2016-04-10 17:50:33][debug] 第[149]次 buyerName: 张辉 --- buyerSex:  --- userSex: 1 --- songer: 朱贝贝
[2016-04-10 17:50:33][debug] openId: ofjwTweYfJ0u0QlBpkdv40XYEt4E
[2016-04-10 17:55:25][debug] 统一下单......
[2016-04-10 17:55:25][debug] 第[0]次 buyerName: 张辉 --- buyerSex: 0 --- userSex: 1 --- songer: 朱贝贝
[2016-04-10 17:55:26][debug] 统一下单......
[2016-04-10 17:55:26][debug] 第[1]次 buyerName: 张辉 --- buyerSex:  --- userSex: 1 --- songer: 朱贝贝
[2016-04-10 17:55:26][debug] openId: ofjwTweYfJ0u0QlBpkdv40XYEt4E
[2016-04-10 17:55:26][debug] jsApiParameters: {"appId":"wxc42acc5570910d1d","nonceStr":"4uvsizhl1vcpth3xuize9jxg8h550yz8","package":"prepay_id=wx20160410175526cd0e945ed60829152873","signType":"MD5","timeStamp":"1460282126","paySign":"D84EB8A082FF165F93BF174C51E4AADB"}
[2016-04-10 17:57:07][debug] 统一下单......
[2016-04-10 17:57:07][debug] 第[2]次 buyerName: 张辉 --- buyerSex: 0 --- userSex: 1 --- songer: 朱贝贝
[2016-04-10 17:57:08][debug] 统一下单......
[2016-04-10 17:57:08][debug] 第[3]次 buyerName: 张辉 --- buyerSex:  --- userSex: 1 --- songer: 朱贝贝
[2016-04-10 17:57:08][debug] openId: ofjwTweYfJ0u0QlBpkdv40XYEt4E
[2016-04-10 17:57:16][debug] 统一下单......
[2016-04-10 17:57:16][debug] 第[4]次 buyerName: 张辉 --- buyerSex: 0 --- userSex: 1 --- songer: 朱贝贝
[2016-04-10 17:57:16][debug] 统一下单......
[2016-04-10 17:57:16][debug] 第[5]次 buyerName: 张辉 --- buyerSex:  --- userSex: 1 --- songer: 朱贝贝
[2016-04-10 17:57:17][debug] openId: ofjwTweYfJ0u0QlBpkdv40XYEt4E
[2016-04-10 17:57:22][debug] 统一下单......
[2016-04-10 17:57:22][debug] 第[6]次 buyerName: 张辉 --- buyerSex: 0 --- userSex: 1 --- songer: 朱贝贝
[2016-04-10 17:57:23][debug] 统一下单......
[2016-04-10 17:57:23][debug] 第[7]次 buyerName: 张辉 --- buyerSex:  --- userSex: 1 --- songer: 朱贝贝
[2016-04-10 17:57:23][debug] openId: ofjwTweYfJ0u0QlBpkdv40XYEt4E
[2016-04-10 17:57:28][debug] 统一下单......
[2016-04-10 17:57:28][debug] 第[8]次 buyerName: 张辉 --- buyerSex: 0 --- userSex: 1 --- songer: 朱贝贝
[2016-04-10 17:57:28][debug] 统一下单......
[2016-04-10 17:57:28][debug] 第[9]次 buyerName: 张辉 --- buyerSex:  --- userSex: 1 --- songer: 朱贝贝
[2016-04-10 17:57:28][debug] openId: ofjwTweYfJ0u0QlBpkdv40XYEt4E
[2016-04-10 17:59:10][debug] 统一下单......
[2016-04-10 17:59:10][debug] 第[10]次 buyerName: 张辉 --- buyerSex: 0 --- userSex: 1 --- songer: 朱贝贝
[2016-04-10 17:59:10][debug] 统一下单......
[2016-04-10 17:59:10][debug] 第[11]次 buyerName: 张辉 --- buyerSex:  --- userSex: 1 --- songer: 朱贝贝
[2016-04-10 17:59:10][debug] openId: ofjwTweYfJ0u0QlBpkdv40XYEt4E
[2016-04-10 17:59:11][debug] 统一下单......
[2016-04-10 17:59:11][debug] 第[12]次 buyerName: 张辉 --- buyerSex:  --- userSex: 1 --- songer: 朱贝贝
[2016-04-10 17:59:11][debug] openId: ofjwTweYfJ0u0QlBpkdv40XYEt4E
[2016-04-10 18:01:31][debug] 统一下单......
[2016-04-10 18:01:31][debug] 第[0]次 buyerName: 哈哈哈哈 --- buyerSex: 0 --- userSex: 0 --- songer: 哈哈哈哈
[2016-04-10 18:01:32][debug] 统一下单......
[2016-04-10 18:01:32][debug] 第[1]次 buyerName: 哈哈哈哈 --- buyerSex:  --- userSex:  --- songer: 哈哈哈哈
[2016-04-10 18:01:32][debug] openId: ofjwTwVVAIuYV8Gjw80-eEKXIGhQ
[2016-04-10 18:01:33][debug] jsApiParameters: {"appId":"wxc42acc5570910d1d","nonceStr":"9ubc63zz65kjihb2ku35zhh0nhnrq7nc","package":"prepay_id=wx20160410180133e26f29c4e50390832437","signType":"MD5","timeStamp":"1460282493","paySign":"2D406F6EB773E23E01F308DFE507DFE9"}
[2016-04-10 18:01:33][debug] 统一下单......
[2016-04-10 18:01:33][debug] 第[2]次 buyerName: 哈哈哈哈 --- buyerSex:  --- userSex:  --- songer: 哈哈哈哈
[2016-04-10 18:01:33][debug] openId: ofjwTwVVAIuYV8Gjw80-eEKXIGhQ
[2016-04-10 18:01:33][debug] jsApiParameters: {"appId":"wxc42acc5570910d1d","nonceStr":"8jjzje5j777c672eeawuvp99pmkm7fkw","package":"prepay_id=wx20160410180133e26f29c4e50979502715","signType":"MD5","timeStamp":"1460282493","paySign":"68E3E668E394CD9179D690D88167E8D2"}
[2016-04-10 18:01:42][debug] 统一下单......
[2016-04-10 18:01:42][debug] 第[3]次 buyerName: 哈哈哈哈 --- buyerSex:  --- userSex:  --- songer: 哈哈哈哈
[2016-04-10 18:01:42][debug] openId: 
[2016-04-10 18:02:38][debug] 统一下单......
[2016-04-10 18:02:38][debug] 第[0]次 buyerName: 张辉 --- buyerSex: 0 --- userSex: 1 --- songer: 朱贝贝
[2016-04-10 18:02:38][debug] 统一下单......
[2016-04-10 18:02:38][debug] 第[1]次 buyerName: 张辉 --- buyerSex:  --- userSex: 1 --- songer: 朱贝贝
[2016-04-10 18:02:39][debug] openId: ofjwTweYfJ0u0QlBpkdv40XYEt4E
[2016-04-10 18:02:39][debug] jsApiParameters: {"appId":"wxc42acc5570910d1d","nonceStr":"pogorebq1j4ujiigmuap931jif5cwejs","package":"prepay_id=wx20160410180239dd06a257400128270917","signType":"MD5","timeStamp":"1460282559","paySign":"0CC5309F30496FCB30C1CC005046113F"}
[2016-04-10 18:02:53][debug] begin notify
[2016-04-10 18:02:53][debug] call back:{"appid":"wxc42acc5570910d1d","attach":"\u5f20\u8f89^^13612063845^\u9a6c\u5361\u9f99\u5c0f\u51e1^1^13615063845^\u6731\u8d1d\u8d1d^\u592a\u9633\u7684\u540e\u88d4^2016-04-10^^80","bank_type":"CITIC_DEBIT","cash_fee":"8000","fee_type":"CNY","is_subscribe":"Y","mch_id":"1328077701","nonce_str":"4joeuv0j4439xf0o0v0yd4qp5jxhfdj4","openid":"ofjwTweYfJ0u0QlBpkdv40XYEt4E","out_trade_no":"132807770120160410180239","result_code":"SUCCESS","return_code":"SUCCESS","sign":"5500E8D2A3A939B03794C23845EA7E32","time_end":"20160410180252","total_fee":"8000","trade_type":"JSAPI","transaction_id":"4010202001201604104715449910"}
[2016-04-10 18:02:53][debug] query:{"appid":"wxc42acc5570910d1d","attach":"\u5f20\u8f89^^13612063845^\u9a6c\u5361\u9f99\u5c0f\u51e1^1^13615063845^\u6731\u8d1d\u8d1d^\u592a\u9633\u7684\u540e\u88d4^2016-04-10^^80","bank_type":"CITIC_DEBIT","cash_fee":"8000","fee_type":"CNY","is_subscribe":"Y","mch_id":"1328077701","nonce_str":"ktHU4Jw0DNHTyMl0","openid":"ofjwTweYfJ0u0QlBpkdv40XYEt4E","out_trade_no":"132807770120160410180239","result_code":"SUCCESS","return_code":"SUCCESS","return_msg":"OK","sign":"ED3E7D87BA6A302C28023B22C89AA201","time_end":"20160410180252","total_fee":"8000","trade_state":"SUCCESS","trade_type":"JSAPI","transaction_id":"4010202001201604104715449910"}
[2016-04-10 18:02:53][debug] 连接数据库
[2016-04-10 18:02:53][debug] 订单插入成功！
[2016-04-10 18:05:12][debug] 统一下单......
[2016-04-10 18:05:12][debug] 第[0]次 buyerName: 古古惑惑 --- buyerSex: 0 --- userSex: 0 --- songer: v呵呵呵姐姐
[2016-04-10 18:05:12][debug] 统一下单......
[2016-04-10 18:05:12][debug] 第[1]次 buyerName: 古古惑惑 --- buyerSex:  --- userSex:  --- songer: v呵呵呵姐姐
[2016-04-10 18:05:12][debug] openId: ofjwTwVVAIuYV8Gjw80-eEKXIGhQ
[2016-04-10 18:05:13][debug] jsApiParameters: {"appId":"wxc42acc5570910d1d","nonceStr":"s82b00prd4sonyxhc5mtpqlhgs8xo0fy","package":"prepay_id=wx201604101805136766db5fde0598085462","signType":"MD5","timeStamp":"1460282713","paySign":"AEA785441901768C8EA2D0656EB2F3E5"}
[2016-04-10 18:05:13][debug] 统一下单......
[2016-04-10 18:05:13][debug] 第[2]次 buyerName: 古古惑惑 --- buyerSex:  --- userSex:  --- songer: v呵呵呵姐姐
[2016-04-10 18:05:13][debug] openId: ofjwTwVVAIuYV8Gjw80-eEKXIGhQ
[2016-04-10 18:05:14][debug] jsApiParameters: {"appId":"wxc42acc5570910d1d","nonceStr":"1w86gx0zn46qchfco3fhz4oyyq9sv2zd","package":"prepay_id=wx201604101805136766db5fde0355221206","signType":"MD5","timeStamp":"1460282714","paySign":"751E7708289A8CE7E1D26F940A41BB89"}
[2016-04-10 18:11:45][debug] 统一下单......
[2016-04-10 18:11:45][debug] 第[2]次 buyerName: 张辉 --- buyerSex: 0 --- userSex: 1 --- songer: 朱贝贝
[2016-04-10 18:11:45][debug] 统一下单......
[2016-04-10 18:11:45][debug] 第[3]次 buyerName: 张辉 --- buyerSex:  --- userSex: 1 --- songer: 朱贝贝
[2016-04-10 18:11:45][debug] openId: ofjwTweYfJ0u0QlBpkdv40XYEt4E
[2016-04-10 18:11:46][debug] jsApiParameters: {"appId":"wxc42acc5570910d1d","nonceStr":"qtfnqj6i6p2mptfe41nkn1spic6tznh8","package":"prepay_id=wx20160410181146253e35cdfc0700344851","signType":"MD5","timeStamp":"1460283106","paySign":"97117224E4681D8E866090BAF8618BE8"}
[2016-04-10 18:13:05][debug] 统一下单......
[2016-04-10 18:13:05][debug] 第[4]次 buyerName: 张辉 --- buyerSex: 0 --- userSex: 1 --- songer: 朱贝贝
[2016-04-10 18:13:05][debug] 统一下单......
[2016-04-10 18:13:05][debug] 第[5]次 buyerName: 张辉 --- buyerSex:  --- userSex: 1 --- songer: 朱贝贝
[2016-04-10 18:13:05][debug] openId: ofjwTweYfJ0u0QlBpkdv40XYEt4E
[2016-04-10 18:13:05][debug] 统一下单......
[2016-04-10 18:13:05][debug] 第[6]次 buyerName: 张辉 --- buyerSex:  --- userSex: 1 --- songer: 朱贝贝
[2016-04-10 18:13:06][debug] openId: ofjwTweYfJ0u0QlBpkdv40XYEt4E
[2016-04-10 18:13:18][debug] 统一下单......
[2016-04-10 18:13:18][debug] 第[7]次 buyerName: 张辉 --- buyerSex: 0 --- userSex: 1 --- songer: 朱贝贝
[2016-04-10 18:13:18][debug] 统一下单......
[2016-04-10 18:13:18][debug] 第[8]次 buyerName: 张辉 --- buyerSex:  --- userSex: 1 --- songer: 朱贝贝
[2016-04-10 18:13:18][debug] openId: ofjwTweYfJ0u0QlBpkdv40XYEt4E
