[2016-04-24 13:36:22][debug] 统一下单......
[2016-04-24 13:36:22][debug] 第[0]次 buyerName: 呵呵呵 --- buyerSex: 0 --- userSex: 0 --- songer: 吃饭方法
[2016-04-24 13:36:23][debug] 统一下单......
[2016-04-24 13:36:23][debug] 第[1]次 buyerName: 呵呵呵 --- buyerSex:  --- userSex:  --- songer: 吃饭方法
[2016-04-24 13:36:23][debug] openId: ofjwTwVVAIuYV8Gjw80-eEKXIGhQ
[2016-04-24 13:36:23][debug] jsApiParameters: {"appId":"wxc42acc5570910d1d","nonceStr":"p0e8rt9mwmcfqevwghsj1900kvebg5jt","package":"prepay_id=wx20160424133623f8cb11ebb90583109685","signType":"MD5","timeStamp":"1461476183","paySign":"A8A6DC175516BC3476ED097F1D9D4437"}
[2016-04-24 16:53:46][debug] 统一下单......
[2016-04-24 16:53:46][debug] 第[0]次 buyerName: 李先生 --- buyerSex: 0 --- userSex: 1 --- songer: 林依晨
[2016-04-24 16:53:47][debug] 统一下单......
[2016-04-24 16:53:47][debug] 第[1]次 buyerName: 李先生 --- buyerSex:  --- userSex: 1 --- songer: 林依晨
[2016-04-24 16:53:47][debug] openId: ofjwTwYDcX6PIvHJn-GgshbV5gpM
[2016-04-24 16:54:01][debug] 统一下单......
[2016-04-24 16:54:01][debug] 第[2]次 buyerName: 李先生 --- buyerSex: 0 --- userSex: 1 --- songer: 林依晨
[2016-04-24 16:54:02][debug] 统一下单......
[2016-04-24 16:54:02][debug] 第[3]次 buyerName: 李先生 --- buyerSex:  --- userSex: 1 --- songer: 林依晨
[2016-04-24 16:54:02][debug] openId: ofjwTwYDcX6PIvHJn-GgshbV5gpM
[2016-04-24 16:54:12][debug] 统一下单......
[2016-04-24 16:54:12][debug] 第[4]次 buyerName: 李先生 --- buyerSex: 0 --- userSex: 1 --- songer: 林依晨
[2016-04-24 16:54:12][debug] 统一下单......
[2016-04-24 16:54:12][debug] 第[5]次 buyerName: 李先生 --- buyerSex:  --- userSex: 1 --- songer: 林依晨
[2016-04-24 16:54:12][debug] openId: ofjwTwYDcX6PIvHJn-GgshbV5gpM
[2016-04-24 16:54:19][debug] 统一下单......
[2016-04-24 16:54:19][debug] 第[6]次 buyerName: 李先生 --- buyerSex: 0 --- userSex: 1 --- songer: 林依晨
[2016-04-24 16:54:19][debug] 统一下单......
[2016-04-24 16:54:19][debug] 第[7]次 buyerName: 李先生 --- buyerSex:  --- userSex: 1 --- songer: 林依晨
[2016-04-24 16:54:20][debug] openId: ofjwTwYDcX6PIvHJn-GgshbV5gpM
[2016-04-24 16:54:25][debug] 统一下单......
[2016-04-24 16:54:25][debug] 第[8]次 buyerName: 李先生 --- buyerSex: 0 --- userSex: 1 --- songer: 林依晨
[2016-04-24 16:54:25][debug] 统一下单......
[2016-04-24 16:54:25][debug] 第[9]次 buyerName: 李先生 --- buyerSex:  --- userSex: 1 --- songer: 林依晨
[2016-04-24 16:54:26][debug] openId: ofjwTwYDcX6PIvHJn-GgshbV5gpM
[2016-04-24 16:54:40][debug] 统一下单......
[2016-04-24 16:54:40][debug] 第[10]次 buyerName: 李先生 --- buyerSex: 0 --- userSex: 1 --- songer: 林依晨
[2016-04-24 16:54:41][debug] 统一下单......
[2016-04-24 16:54:41][debug] 第[11]次 buyerName: 李先生 --- buyerSex:  --- userSex: 1 --- songer: 林依晨
[2016-04-24 16:54:41][debug] openId: ofjwTwYDcX6PIvHJn-GgshbV5gpM
[2016-04-24 16:54:50][debug] 统一下单......
[2016-04-24 16:54:50][debug] 第[12]次 buyerName: 李先生 --- buyerSex: 0 --- userSex: 1 --- songer: 林依晨
[2016-04-24 16:54:50][debug] 统一下单......
[2016-04-24 16:54:50][debug] 第[13]次 buyerName: 李先生 --- buyerSex:  --- userSex: 1 --- songer: 林依晨
[2016-04-24 16:54:51][debug] openId: ofjwTwYDcX6PIvHJn-GgshbV5gpM
[2016-04-24 16:56:03][debug] 统一下单......
[2016-04-24 16:56:03][debug] 第[14]次 buyerName: 李先生 --- buyerSex: 0 --- userSex: 1 --- songer: 林依晨
[2016-04-24 16:56:04][debug] 统一下单......
[2016-04-24 16:56:04][debug] 第[15]次 buyerName: 李先生 --- buyerSex:  --- userSex: 1 --- songer: 林依晨
[2016-04-24 16:56:04][debug] openId: ofjwTwYDcX6PIvHJn-GgshbV5gpM
[2016-04-24 16:56:09][debug] 统一下单......
[2016-04-24 16:56:09][debug] 第[16]次 buyerName: 李先生 --- buyerSex: 0 --- userSex: 1 --- songer: 林依晨
[2016-04-24 16:56:09][debug] 统一下单......
[2016-04-24 16:56:09][debug] 第[17]次 buyerName: 李先生 --- buyerSex:  --- userSex: 1 --- songer: 林依晨
[2016-04-24 16:56:10][debug] openId: ofjwTwYDcX6PIvHJn-GgshbV5gpM
[2016-04-24 16:56:15][debug] 统一下单......
[2016-04-24 16:56:15][debug] 第[18]次 buyerName: 李先生 --- buyerSex: 0 --- userSex: 1 --- songer: 林依晨
[2016-04-24 16:56:15][debug] 统一下单......
[2016-04-24 16:56:15][debug] 第[19]次 buyerName: 李先生 --- buyerSex:  --- userSex: 1 --- songer: 林依晨
[2016-04-24 16:56:16][debug] openId: ofjwTwYDcX6PIvHJn-GgshbV5gpM
[2016-04-24 16:56:23][debug] 统一下单......
[2016-04-24 16:56:23][debug] 第[20]次 buyerName: 李先生 --- buyerSex: 0 --- userSex: 1 --- songer: 林依晨
[2016-04-24 16:56:23][debug] 统一下单......
[2016-04-24 16:56:23][debug] 第[21]次 buyerName: 李先生 --- buyerSex:  --- userSex: 1 --- songer: 林依晨
[2016-04-24 16:56:24][debug] openId: ofjwTwYDcX6PIvHJn-GgshbV5gpM
[2016-04-24 16:56:28][debug] 统一下单......
[2016-04-24 16:56:28][debug] 第[22]次 buyerName: 李先生 --- buyerSex: 0 --- userSex: 1 --- songer: 林依晨
[2016-04-24 16:56:28][debug] 统一下单......
[2016-04-24 16:56:28][debug] 第[23]次 buyerName: 李先生 --- buyerSex:  --- userSex: 1 --- songer: 林依晨
[2016-04-24 16:56:28][debug] openId: ofjwTwYDcX6PIvHJn-GgshbV5gpM
[2016-04-24 16:56:34][debug] 统一下单......
[2016-04-24 16:56:34][debug] 第[24]次 buyerName: 李先生 --- buyerSex: 0 --- userSex: 1 --- songer: 林依晨
[2016-04-24 16:56:34][debug] 统一下单......
[2016-04-24 16:56:34][debug] 第[25]次 buyerName: 李先生 --- buyerSex:  --- userSex: 1 --- songer: 林依晨
[2016-04-24 16:56:34][debug] openId: ofjwTwYDcX6PIvHJn-GgshbV5gpM
[2016-04-24 16:56:35][debug] 统一下单......
[2016-04-24 16:56:35][debug] 第[26]次 buyerName: 李先生 --- buyerSex: 0 --- userSex: 1 --- songer: 林依晨
[2016-04-24 16:56:35][debug] 统一下单......
[2016-04-24 16:56:35][debug] 第[27]次 buyerName: 李先生 --- buyerSex:  --- userSex: 1 --- songer: 林依晨
[2016-04-24 16:56:35][debug] openId: ofjwTwYDcX6PIvHJn-GgshbV5gpM
[2016-04-24 21:58:37][debug] 统一下单......
[2016-04-24 21:58:37][debug] 第[0]次 buyerName: 卡罗拉 --- buyerSex: 0 --- userSex: 1 --- songer: 扣款
[2016-04-24 21:58:38][debug] 统一下单......
[2016-04-24 21:58:38][debug] 第[1]次 buyerName: 卡罗拉 --- buyerSex:  --- userSex: 1 --- songer: 扣款
[2016-04-24 21:58:38][debug] openId: ofjwTwfzJRCJFljYUWE5aV6a4woQ
[2016-04-24 21:58:39][debug] jsApiParameters: {"appId":"wxc42acc5570910d1d","nonceStr":"jbr6gb3jb19g2h2tlk2dxo5qnxr5kpf5","package":"prepay_id=wx201604242158393c60e2a7740381152364","signType":"MD5","timeStamp":"1461506319","paySign":"173E634B18325C944B7B5A8CC0ADDC45"}
[2016-04-24 21:58:39][debug] 统一下单......
[2016-04-24 21:58:39][debug] 第[2]次 buyerName: 卡罗拉 --- buyerSex:  --- userSex: 1 --- songer: 扣款
[2016-04-24 21:58:39][debug] openId: ofjwTwfzJRCJFljYUWE5aV6a4woQ
[2016-04-24 21:58:39][debug] jsApiParameters: {"appId":"wxc42acc5570910d1d","nonceStr":"d9tyb83v210mrz6o5cc4q59yshxpkeg5","package":"prepay_id=wx201604242158393c60e2a7740384878462","signType":"MD5","timeStamp":"1461506319","paySign":"76ABE32C50D5BBAC0271A5A23658EC0D"}
[2016-04-24 21:58:56][debug] begin notify
[2016-04-24 21:58:56][debug] call back:{"appid":"wxc42acc5570910d1d","attach":"\u5361\u7f57\u62c9^^1584566685^\u5929\u7a7a^1^5626845^\u6263\u6b3e^\u9e8b\u9e7f^2016-04-24^\u4ed6\u54e6\u91cc\u54af\u5566^0.01","bank_type":"ABC_DEBIT","cash_fee":"1","fee_type":"CNY","is_subscribe":"Y","mch_id":"1328077701","nonce_str":"piidfiezsroruhpjfkcq8iqjy4b5zti8","openid":"ofjwTwfzJRCJFljYUWE5aV6a4woQ","out_trade_no":"132807770120160424215839","result_code":"SUCCESS","return_code":"SUCCESS","sign":"88D546734493032C8BE1F4B3074F7B6F","time_end":"20160424215856","total_fee":"1","trade_type":"JSAPI","transaction_id":"4007172001201604245184924476"}
[2016-04-24 21:58:56][debug] query:{"appid":"wxc42acc5570910d1d","attach":"\u5361\u7f57\u62c9^^1584566685^\u5929\u7a7a^1^5626845^\u6263\u6b3e^\u9e8b\u9e7f^2016-04-24^\u4ed6\u54e6\u91cc\u54af\u5566^0.01","bank_type":"ABC_DEBIT","cash_fee":"1","fee_type":"CNY","is_subscribe":"Y","mch_id":"1328077701","nonce_str":"CfF0kzQ3NwoKKyl9","openid":"ofjwTwfzJRCJFljYUWE5aV6a4woQ","out_trade_no":"132807770120160424215839","result_code":"SUCCESS","return_code":"SUCCESS","return_msg":"OK","sign":"0D20B265835D7498014363388DF90E58","time_end":"20160424215856","total_fee":"1","trade_state":"SUCCESS","trade_type":"JSAPI","transaction_id":"4007172001201604245184924476"}
[2016-04-24 21:58:56][debug] 连接数据库
[2016-04-24 21:58:56][debug] 订单插入成功！
[2016-04-24 22:35:54][debug] 统一下单......
[2016-04-24 22:35:54][debug] 第[3]次 buyerName: 休息 --- buyerSex: 0 --- userSex: 1 --- songer: 金秀贤
[2016-04-24 22:35:54][debug] 统一下单......
[2016-04-24 22:35:54][debug] 第[4]次 buyerName: 休息 --- buyerSex:  --- userSex: 1 --- songer: 金秀贤
[2016-04-24 22:35:55][debug] openId: ofjwTwfzJRCJFljYUWE5aV6a4woQ
[2016-04-24 22:35:55][debug] jsApiParameters: {"appId":"wxc42acc5570910d1d","nonceStr":"jxw5w22j4df8g2fqqa6bwe78bfqf9s8l","package":"prepay_id=wx201604242235551d24684a810519327039","signType":"MD5","timeStamp":"1461508555","paySign":"A4798AC89E11288096071D4D3AFE2FDD"}
[2016-04-24 22:35:55][debug] 统一下单......
[2016-04-24 22:35:55][debug] 第[5]次 buyerName: 休息 --- buyerSex:  --- userSex: 1 --- songer: 金秀贤
[2016-04-24 22:35:55][debug] openId: ofjwTwfzJRCJFljYUWE5aV6a4woQ
[2016-04-24 22:35:56][debug] jsApiParameters: {"appId":"wxc42acc5570910d1d","nonceStr":"n170hrhaba6o049ii87h0syrinp1d3k3","package":"prepay_id=wx201604242235560524a52e2f0971655092","signType":"MD5","timeStamp":"1461508556","paySign":"0FB83F65910E82E91621CA56ECE1FE82"}
[2016-04-24 22:41:38][debug] begin notify
[2016-04-24 22:41:38][debug] call back:{"appid":"wxc42acc5570910d1d","attach":"\u4f11\u606f^^97979997^XP\u6d17\u978b\u5b50^1^67949^\u91d1\u79c0\u8d24^poor\u54e6\u54e6\u54e6^2016-04-24^\u4e3b\u795e\u5df2\u6b7b\u6709\u4e8b\u70e7\u7eb8^0.01","bank_type":"ABC_DEBIT","cash_fee":"1","fee_type":"CNY","is_subscribe":"Y","mch_id":"1328077701","nonce_str":"6i56w0lcxw2erbukheri3fke45s5blbp","openid":"ofjwTwfzJRCJFljYUWE5aV6a4woQ","out_trade_no":"132807770120160424223555","result_code":"SUCCESS","return_code":"SUCCESS","sign":"1989EDB04824545D9C315FFFCB8C170B","time_end":"20160424224138","total_fee":"1","trade_type":"JSAPI","transaction_id":"4007172001201604245186899618"}
[2016-04-24 22:41:39][debug] query:{"appid":"wxc42acc5570910d1d","attach":"\u4f11\u606f^^97979997^XP\u6d17\u978b\u5b50^1^67949^\u91d1\u79c0\u8d24^poor\u54e6\u54e6\u54e6^2016-04-24^\u4e3b\u795e\u5df2\u6b7b\u6709\u4e8b\u70e7\u7eb8^0.01","bank_type":"ABC_DEBIT","cash_fee":"1","fee_type":"CNY","is_subscribe":"Y","mch_id":"1328077701","nonce_str":"4FTAne0ZkKFelUQo","openid":"ofjwTwfzJRCJFljYUWE5aV6a4woQ","out_trade_no":"132807770120160424223555","result_code":"SUCCESS","return_code":"SUCCESS","return_msg":"OK","sign":"C00269DD361E749DBE667E2FCA7D6395","time_end":"20160424224138","total_fee":"1","trade_state":"SUCCESS","trade_type":"JSAPI","transaction_id":"4007172001201604245186899618"}
[2016-04-24 22:41:39][debug] 连接数据库
[2016-04-24 22:41:39][debug] 订单插入成功！
